ERROR - 2023-10-25 15:51:00 --> Error connecting to the database: mysqli_sql_exception: No se puede establecer una conexión ya que el equipo de destino denegó expresamente dicha conexión in C:\Proyectos\NotasRapidasOnLine\vendor\codeigniter4\framework\system\Database\MySQLi\Connection.php:185
Stack trace:
#0 C:\Proyectos\NotasRapidasOnLine\vendor\codeigniter4\framework\system\Database\MySQLi\Connection.php(185): mysqli->real_connect('localhost', 'root', '12345678', 'notas_app', 3306, '', 0)
#1 C:\Proyectos\NotasRapidasOnLine\vendor\codeigniter4\framework\system\Database\BaseConnection.php(392): CodeIgniter\Database\MySQLi\Connection->connect(false)
#2 C:\Proyectos\NotasRapidasOnLine\vendor\codeigniter4\framework\system\Database\BaseConnection.php(575): CodeIgniter\Database\BaseConnection->initialize()
#3 C:\Proyectos\NotasRapidasOnLine\vendor\codeigniter4\framework\system\Database\BaseConnection.php(1410): CodeIgniter\Database\BaseConnection->query('SHOW TABLES FRO...')
#4 C:\Proyectos\NotasRapidasOnLine\vendor\codeigniter4\framework\system\Commands\Database\ShowTableInfo.php(105): CodeIgniter\Database\BaseConnection->listTables()
#5 C:\Proyectos\NotasRapidasOnLine\vendor\codeigniter4\framework\system\CLI\Commands.php(65): CodeIgniter\Commands\Database\ShowTableInfo->run(Array)
#6 C:\Proyectos\NotasRapidasOnLine\vendor\codeigniter4\framework\system\CLI\Console.php(46): CodeIgniter\CLI\Commands->run('db:table', Array)
#7 C:\Proyectos\NotasRapidasOnLine\spark(102): CodeIgniter\CLI\Console->run()
#8 {main}

Next CodeIgniter\Database\Exceptions\DatabaseException: No se puede establecer una conexión ya que el equipo de destino denegó expresamente dicha conexión in C:\Proyectos\NotasRapidasOnLine\vendor\codeigniter4\framework\system\Database\MySQLi\Connection.php:229
Stack trace:
#0 C:\Proyectos\NotasRapidasOnLine\vendor\codeigniter4\framework\system\Database\BaseConnection.php(392): CodeIgniter\Database\MySQLi\Connection->connect(false)
#1 C:\Proyectos\NotasRapidasOnLine\vendor\codeigniter4\framework\system\Database\BaseConnection.php(575): CodeIgniter\Database\BaseConnection->initialize()
#2 C:\Proyectos\NotasRapidasOnLine\vendor\codeigniter4\framework\system\Database\BaseConnection.php(1410): CodeIgniter\Database\BaseConnection->query('SHOW TABLES FRO...')
#3 C:\Proyectos\NotasRapidasOnLine\vendor\codeigniter4\framework\system\Commands\Database\ShowTableInfo.php(105): CodeIgniter\Database\BaseConnection->listTables()
#4 C:\Proyectos\NotasRapidasOnLine\vendor\codeigniter4\framework\system\CLI\Commands.php(65): CodeIgniter\Commands\Database\ShowTableInfo->run(Array)
#5 C:\Proyectos\NotasRapidasOnLine\vendor\codeigniter4\framework\system\CLI\Console.php(46): CodeIgniter\CLI\Commands->run('db:table', Array)
#6 C:\Proyectos\NotasRapidasOnLine\spark(102): CodeIgniter\CLI\Console->run()
#7 {main}
CRITICAL - 2023-10-25 15:51:00 --> Unable to connect to the database.
Main connection [MySQLi]: No se puede establecer una conexión ya que el equipo de destino denegó expresamente dicha conexión
in SYSTEMPATH\Database\BaseConnection.php on line 428.
 1 SYSTEMPATH\Database\BaseConnection.php(575): CodeIgniter\Database\BaseConnection->initialize()
 2 SYSTEMPATH\Database\BaseConnection.php(1410): CodeIgniter\Database\BaseConnection->query('SHOW TABLES FROM `notas_app`')
 3 SYSTEMPATH\Commands\Database\ShowTableInfo.php(105): CodeIgniter\Database\BaseConnection->listTables()
 4 SYSTEMPATH\CLI\Commands.php(65): CodeIgniter\Commands\Database\ShowTableInfo->run([])
 5 SYSTEMPATH\CLI\Console.php(46): CodeIgniter\CLI\Commands->run('db:table', [])
 6 ROOTPATH\spark(102): CodeIgniter\CLI\Console->run()
ERROR - 2023-10-25 16:12:50 --> Error connecting to the database: mysqli_sql_exception: No se puede establecer una conexión ya que el equipo de destino denegó expresamente dicha conexión in C:\Proyectos\NotasRapidasOnLine\vendor\codeigniter4\framework\system\Database\MySQLi\Connection.php:185
Stack trace:
#0 C:\Proyectos\NotasRapidasOnLine\vendor\codeigniter4\framework\system\Database\MySQLi\Connection.php(185): mysqli->real_connect('localhost', 'root', '12345678', 'notas_app', 3306, '', 0)
#1 C:\Proyectos\NotasRapidasOnLine\vendor\codeigniter4\framework\system\Database\BaseConnection.php(392): CodeIgniter\Database\MySQLi\Connection->connect(false)
#2 C:\Proyectos\NotasRapidasOnLine\vendor\codeigniter4\framework\system\Database\BaseConnection.php(575): CodeIgniter\Database\BaseConnection->initialize()
#3 C:\Proyectos\NotasRapidasOnLine\vendor\codeigniter4\framework\system\Database\BaseConnection.php(1410): CodeIgniter\Database\BaseConnection->query('SHOW TABLES FRO...')
#4 C:\Proyectos\NotasRapidasOnLine\vendor\codeigniter4\framework\system\Commands\Database\ShowTableInfo.php(105): CodeIgniter\Database\BaseConnection->listTables()
#5 C:\Proyectos\NotasRapidasOnLine\vendor\codeigniter4\framework\system\CLI\Commands.php(65): CodeIgniter\Commands\Database\ShowTableInfo->run(Array)
#6 C:\Proyectos\NotasRapidasOnLine\vendor\codeigniter4\framework\system\CLI\Console.php(46): CodeIgniter\CLI\Commands->run('db:table', Array)
#7 C:\Proyectos\NotasRapidasOnLine\spark(102): CodeIgniter\CLI\Console->run()
#8 {main}

Next CodeIgniter\Database\Exceptions\DatabaseException: No se puede establecer una conexión ya que el equipo de destino denegó expresamente dicha conexión in C:\Proyectos\NotasRapidasOnLine\vendor\codeigniter4\framework\system\Database\MySQLi\Connection.php:229
Stack trace:
#0 C:\Proyectos\NotasRapidasOnLine\vendor\codeigniter4\framework\system\Database\BaseConnection.php(392): CodeIgniter\Database\MySQLi\Connection->connect(false)
#1 C:\Proyectos\NotasRapidasOnLine\vendor\codeigniter4\framework\system\Database\BaseConnection.php(575): CodeIgniter\Database\BaseConnection->initialize()
#2 C:\Proyectos\NotasRapidasOnLine\vendor\codeigniter4\framework\system\Database\BaseConnection.php(1410): CodeIgniter\Database\BaseConnection->query('SHOW TABLES FRO...')
#3 C:\Proyectos\NotasRapidasOnLine\vendor\codeigniter4\framework\system\Commands\Database\ShowTableInfo.php(105): CodeIgniter\Database\BaseConnection->listTables()
#4 C:\Proyectos\NotasRapidasOnLine\vendor\codeigniter4\framework\system\CLI\Commands.php(65): CodeIgniter\Commands\Database\ShowTableInfo->run(Array)
#5 C:\Proyectos\NotasRapidasOnLine\vendor\codeigniter4\framework\system\CLI\Console.php(46): CodeIgniter\CLI\Commands->run('db:table', Array)
#6 C:\Proyectos\NotasRapidasOnLine\spark(102): CodeIgniter\CLI\Console->run()
#7 {main}
CRITICAL - 2023-10-25 16:12:50 --> Unable to connect to the database.
Main connection [MySQLi]: No se puede establecer una conexión ya que el equipo de destino denegó expresamente dicha conexión
in SYSTEMPATH\Database\BaseConnection.php on line 428.
 1 SYSTEMPATH\Database\BaseConnection.php(575): CodeIgniter\Database\BaseConnection->initialize()
 2 SYSTEMPATH\Database\BaseConnection.php(1410): CodeIgniter\Database\BaseConnection->query('SHOW TABLES FROM `notas_app`')
 3 SYSTEMPATH\Commands\Database\ShowTableInfo.php(105): CodeIgniter\Database\BaseConnection->listTables()
 4 SYSTEMPATH\CLI\Commands.php(65): CodeIgniter\Commands\Database\ShowTableInfo->run([...])
 5 SYSTEMPATH\CLI\Console.php(46): CodeIgniter\CLI\Commands->run('db:table', [...])
 6 ROOTPATH\spark(102): CodeIgniter\CLI\Console->run()
ERROR - 2023-10-25 16:28:26 --> mysqli_sql_exception: Unknown column 'created_at' in 'field list' in C:\Proyectos\NotasRapidasOnLine\vendor\codeigniter4\framework\system\Database\MySQLi\Connection.php:306
Stack trace:
#0 C:\Proyectos\NotasRapidasOnLine\vendor\codeigniter4\framework\system\Database\MySQLi\Connection.php(306): mysqli->query('INSERT INTO `us...', 0)
#1 C:\Proyectos\NotasRapidasOnLine\vendor\codeigniter4\framework\system\Database\BaseConnection.php(693): CodeIgniter\Database\MySQLi\Connection->execute('INSERT INTO `us...')
#2 C:\Proyectos\NotasRapidasOnLine\vendor\codeigniter4\framework\system\Database\BaseConnection.php(607): CodeIgniter\Database\BaseConnection->simpleQuery('INSERT INTO `us...')
#3 C:\Proyectos\NotasRapidasOnLine\vendor\codeigniter4\framework\system\Database\BaseBuilder.php(2308): CodeIgniter\Database\BaseConnection->query('INSERT INTO `us...', Array, false)
#4 C:\Proyectos\NotasRapidasOnLine\vendor\codeigniter4\framework\system\Model.php(319): CodeIgniter\Database\BaseBuilder->insert()
#5 C:\Proyectos\NotasRapidasOnLine\vendor\codeigniter4\framework\system\BaseModel.php(788): CodeIgniter\Model->doInsert(Array)
#6 C:\Proyectos\NotasRapidasOnLine\vendor\codeigniter4\framework\system\Model.php(715): CodeIgniter\BaseModel->insert(Array, true)
#7 C:\Proyectos\NotasRapidasOnLine\app\Controllers\Usuario\Autenticacion.php(37): CodeIgniter\Model->insert(Array)
#8 C:\Proyectos\NotasRapidasOnLine\vendor\codeigniter4\framework\system\CodeIgniter.php(942): App\Controllers\Usuario\Autenticacion->NuevoUsuario()
#9 C:\Proyectos\NotasRapidasOnLine\vendor\codeigniter4\framework\system\CodeIgniter.php(502): CodeIgniter\CodeIgniter->runController(Object(App\Controllers\Usuario\Autenticacion))
#10 C:\Proyectos\NotasRapidasOnLine\vendor\codeigniter4\framework\system\CodeIgniter.php(361): CodeIgniter\CodeIgniter->handleRequest(NULL, Object(Config\Cache), false)
#11 C:\Proyectos\NotasRapidasOnLine\public\index.php(79): CodeIgniter\CodeIgniter->run()
#12 C:\Proyectos\NotasRapidasOnLine\vendor\codeigniter4\framework\system\Commands\Server\rewrite.php(47): require_once('C:\\Proyectos\\No...')
#13 {main}
CRITICAL - 2023-10-25 16:28:26 --> Unknown column 'created_at' in 'field list'
in SYSTEMPATH\Database\BaseConnection.php on line 647.
 1 SYSTEMPATH\Database\BaseBuilder.php(2308): CodeIgniter\Database\BaseConnection->query('INSERT INTO `usuarios` (`nombre`, `apellido`, `nombre_usuario_o_correo`, `contrasena`, `created_at`, `updated_at`) VALUES (:nombre:, :apellido:, :nombre_usuario_o_correo:, :contrasena:, :created_at:, :updated_at:)', [...], false)
 2 SYSTEMPATH\Model.php(319): CodeIgniter\Database\BaseBuilder->insert()
 3 SYSTEMPATH\BaseModel.php(788): CodeIgniter\Model->doInsert([...])
 4 SYSTEMPATH\Model.php(715): CodeIgniter\BaseModel->insert([...], true)
 5 APPPATH\Controllers\Usuario\Autenticacion.php(37): CodeIgniter\Model->insert([...])
 6 SYSTEMPATH\CodeIgniter.php(942): App\Controllers\Usuario\Autenticacion->NuevoUsuario()
 7 SYSTEMPATH\CodeIgniter.php(502): CodeIgniter\CodeIgniter->runController(Object(App\Controllers\Usuario\Autenticacion))
 8 SYSTEMPATH\CodeIgniter.php(361): CodeIgniter\CodeIgniter->handleRequest(null, Object(Config\Cache), false)
 9 FCPATH\index.php(79): CodeIgniter\CodeIgniter->run()
10 SYSTEMPATH\Commands\Server\rewrite.php(47): require_once('C:\\Proyectos\\NotasRapidasOnLine\\public\\index.php')
ERROR - 2023-10-25 10:51:46 --> mysqli_sql_exception: Table 'notas' already exists in C:\Proyectos\NotasRapidasOnLine\vendor\codeigniter4\framework\system\Database\MySQLi\Connection.php:306
Stack trace:
#0 C:\Proyectos\NotasRapidasOnLine\vendor\codeigniter4\framework\system\Database\MySQLi\Connection.php(306): mysqli->query('CREATE TABLE `n...', 0)
#1 C:\Proyectos\NotasRapidasOnLine\vendor\codeigniter4\framework\system\Database\BaseConnection.php(693): CodeIgniter\Database\MySQLi\Connection->execute('CREATE TABLE `n...')
#2 C:\Proyectos\NotasRapidasOnLine\vendor\codeigniter4\framework\system\Database\BaseConnection.php(607): CodeIgniter\Database\BaseConnection->simpleQuery('CREATE TABLE `n...')
#3 C:\Proyectos\NotasRapidasOnLine\vendor\codeigniter4\framework\system\Database\Forge.php(546): CodeIgniter\Database\BaseConnection->query('CREATE TABLE `n...')
#4 C:\Proyectos\NotasRapidasOnLine\app\Database\Migrations\2023-10-17-185132_Notas.php(51): CodeIgniter\Database\Forge->createTable('notas', false, Array)
#5 C:\Proyectos\NotasRapidasOnLine\vendor\codeigniter4\framework\system\Database\MigrationRunner.php(873): App\Database\Migrations\Notas->up()
#6 C:\Proyectos\NotasRapidasOnLine\vendor\codeigniter4\framework\system\Database\MigrationRunner.php(188): CodeIgniter\Database\MigrationRunner->migrate('up', Object(stdClass))
#7 C:\Proyectos\NotasRapidasOnLine\vendor\codeigniter4\framework\system\Commands\Database\Migrate.php(84): CodeIgniter\Database\MigrationRunner->latest(NULL)
#8 C:\Proyectos\NotasRapidasOnLine\vendor\codeigniter4\framework\system\CLI\Commands.php(65): CodeIgniter\Commands\Database\Migrate->run(Array)
#9 C:\Proyectos\NotasRapidasOnLine\vendor\codeigniter4\framework\system\CLI\Console.php(46): CodeIgniter\CLI\Commands->run('migrate', Array)
#10 C:\Proyectos\NotasRapidasOnLine\spark(102): CodeIgniter\CLI\Console->run()
#11 {main}
ERROR - 2023-10-25 10:52:01 --> mysqli_sql_exception: Table 'notas' already exists in C:\Proyectos\NotasRapidasOnLine\vendor\codeigniter4\framework\system\Database\MySQLi\Connection.php:306
Stack trace:
#0 C:\Proyectos\NotasRapidasOnLine\vendor\codeigniter4\framework\system\Database\MySQLi\Connection.php(306): mysqli->query('CREATE TABLE `n...', 0)
#1 C:\Proyectos\NotasRapidasOnLine\vendor\codeigniter4\framework\system\Database\BaseConnection.php(693): CodeIgniter\Database\MySQLi\Connection->execute('CREATE TABLE `n...')
#2 C:\Proyectos\NotasRapidasOnLine\vendor\codeigniter4\framework\system\Database\BaseConnection.php(607): CodeIgniter\Database\BaseConnection->simpleQuery('CREATE TABLE `n...')
#3 C:\Proyectos\NotasRapidasOnLine\vendor\codeigniter4\framework\system\Database\Forge.php(546): CodeIgniter\Database\BaseConnection->query('CREATE TABLE `n...')
#4 C:\Proyectos\NotasRapidasOnLine\app\Database\Migrations\2023-10-17-185132_Notas.php(51): CodeIgniter\Database\Forge->createTable('notas', false, Array)
#5 C:\Proyectos\NotasRapidasOnLine\vendor\codeigniter4\framework\system\Database\MigrationRunner.php(873): App\Database\Migrations\Notas->up()
#6 C:\Proyectos\NotasRapidasOnLine\vendor\codeigniter4\framework\system\Database\MigrationRunner.php(188): CodeIgniter\Database\MigrationRunner->migrate('up', Object(stdClass))
#7 C:\Proyectos\NotasRapidasOnLine\vendor\codeigniter4\framework\system\Commands\Database\Migrate.php(84): CodeIgniter\Database\MigrationRunner->latest(NULL)
#8 C:\Proyectos\NotasRapidasOnLine\vendor\codeigniter4\framework\system\CLI\Commands.php(65): CodeIgniter\Commands\Database\Migrate->run(Array)
#9 C:\Proyectos\NotasRapidasOnLine\vendor\codeigniter4\framework\system\CLI\BaseCommand.php(115): CodeIgniter\CLI\Commands->run('migrate', Array)
#10 C:\Proyectos\NotasRapidasOnLine\vendor\codeigniter4\framework\system\Commands\Database\MigrateRefresh.php(85): CodeIgniter\CLI\BaseCommand->call('migrate', Array)
#11 C:\Proyectos\NotasRapidasOnLine\vendor\codeigniter4\framework\system\CLI\Commands.php(65): CodeIgniter\Commands\Database\MigrateRefresh->run(Array)
#12 C:\Proyectos\NotasRapidasOnLine\vendor\codeigniter4\framework\system\CLI\Console.php(46): CodeIgniter\CLI\Commands->run('migrate:refresh', Array)
#13 C:\Proyectos\NotasRapidasOnLine\spark(102): CodeIgniter\CLI\Console->run()
#14 {main}
ERROR - 2023-10-25 10:56:15 --> mysqli_sql_exception: Failed to open the referenced table 'usuarios' in C:\Proyectos\NotasRapidasOnLine\vendor\codeigniter4\framework\system\Database\MySQLi\Connection.php:306
Stack trace:
#0 C:\Proyectos\NotasRapidasOnLine\vendor\codeigniter4\framework\system\Database\MySQLi\Connection.php(306): mysqli->query('CREATE TABLE `n...', 0)
#1 C:\Proyectos\NotasRapidasOnLine\vendor\codeigniter4\framework\system\Database\BaseConnection.php(693): CodeIgniter\Database\MySQLi\Connection->execute('CREATE TABLE `n...')
#2 C:\Proyectos\NotasRapidasOnLine\vendor\codeigniter4\framework\system\Database\BaseConnection.php(607): CodeIgniter\Database\BaseConnection->simpleQuery('CREATE TABLE `n...')
#3 C:\Proyectos\NotasRapidasOnLine\vendor\codeigniter4\framework\system\Database\Forge.php(546): CodeIgniter\Database\BaseConnection->query('CREATE TABLE `n...')
#4 C:\Proyectos\NotasRapidasOnLine\app\Database\Migrations\2023-10-17-185132_Notas.php(51): CodeIgniter\Database\Forge->createTable('notas', false, Array)
#5 C:\Proyectos\NotasRapidasOnLine\vendor\codeigniter4\framework\system\Database\MigrationRunner.php(873): App\Database\Migrations\Notas->up()
#6 C:\Proyectos\NotasRapidasOnLine\vendor\codeigniter4\framework\system\Database\MigrationRunner.php(188): CodeIgniter\Database\MigrationRunner->migrate('up', Object(stdClass))
#7 C:\Proyectos\NotasRapidasOnLine\vendor\codeigniter4\framework\system\Commands\Database\Migrate.php(84): CodeIgniter\Database\MigrationRunner->latest(NULL)
#8 C:\Proyectos\NotasRapidasOnLine\vendor\codeigniter4\framework\system\CLI\Commands.php(65): CodeIgniter\Commands\Database\Migrate->run(Array)
#9 C:\Proyectos\NotasRapidasOnLine\vendor\codeigniter4\framework\system\CLI\Console.php(46): CodeIgniter\CLI\Commands->run('migrate', Array)
#10 C:\Proyectos\NotasRapidasOnLine\spark(102): CodeIgniter\CLI\Console->run()
#11 {main}
ERROR - 2023-10-25 10:58:17 --> mysqli_sql_exception: Failed to open the referenced table 'usuarios' in C:\Proyectos\NotasRapidasOnLine\vendor\codeigniter4\framework\system\Database\MySQLi\Connection.php:306
Stack trace:
#0 C:\Proyectos\NotasRapidasOnLine\vendor\codeigniter4\framework\system\Database\MySQLi\Connection.php(306): mysqli->query('CREATE TABLE `n...', 0)
#1 C:\Proyectos\NotasRapidasOnLine\vendor\codeigniter4\framework\system\Database\BaseConnection.php(693): CodeIgniter\Database\MySQLi\Connection->execute('CREATE TABLE `n...')
#2 C:\Proyectos\NotasRapidasOnLine\vendor\codeigniter4\framework\system\Database\BaseConnection.php(607): CodeIgniter\Database\BaseConnection->simpleQuery('CREATE TABLE `n...')
#3 C:\Proyectos\NotasRapidasOnLine\vendor\codeigniter4\framework\system\Database\Forge.php(546): CodeIgniter\Database\BaseConnection->query('CREATE TABLE `n...')
#4 C:\Proyectos\NotasRapidasOnLine\app\Database\Migrations\2023-10-17-185132_Notas.php(51): CodeIgniter\Database\Forge->createTable('notas', false, Array)
#5 C:\Proyectos\NotasRapidasOnLine\vendor\codeigniter4\framework\system\Database\MigrationRunner.php(873): App\Database\Migrations\Notas->up()
#6 C:\Proyectos\NotasRapidasOnLine\vendor\codeigniter4\framework\system\Database\MigrationRunner.php(188): CodeIgniter\Database\MigrationRunner->migrate('up', Object(stdClass))
#7 C:\Proyectos\NotasRapidasOnLine\vendor\codeigniter4\framework\system\Commands\Database\Migrate.php(84): CodeIgniter\Database\MigrationRunner->latest(NULL)
#8 C:\Proyectos\NotasRapidasOnLine\vendor\codeigniter4\framework\system\CLI\Commands.php(65): CodeIgniter\Commands\Database\Migrate->run(Array)
#9 C:\Proyectos\NotasRapidasOnLine\vendor\codeigniter4\framework\system\CLI\Console.php(46): CodeIgniter\CLI\Commands->run('migrate', Array)
#10 C:\Proyectos\NotasRapidasOnLine\spark(102): CodeIgniter\CLI\Console->run()
#11 {main}
ERROR - 2023-10-25 11:00:34 --> mysqli_sql_exception: Failed to open the referenced table 'usuarios' in C:\Proyectos\NotasRapidasOnLine\vendor\codeigniter4\framework\system\Database\MySQLi\Connection.php:306
Stack trace:
#0 C:\Proyectos\NotasRapidasOnLine\vendor\codeigniter4\framework\system\Database\MySQLi\Connection.php(306): mysqli->query('CREATE TABLE `n...', 0)
#1 C:\Proyectos\NotasRapidasOnLine\vendor\codeigniter4\framework\system\Database\BaseConnection.php(693): CodeIgniter\Database\MySQLi\Connection->execute('CREATE TABLE `n...')
#2 C:\Proyectos\NotasRapidasOnLine\vendor\codeigniter4\framework\system\Database\BaseConnection.php(607): CodeIgniter\Database\BaseConnection->simpleQuery('CREATE TABLE `n...')
#3 C:\Proyectos\NotasRapidasOnLine\vendor\codeigniter4\framework\system\Database\Forge.php(546): CodeIgniter\Database\BaseConnection->query('CREATE TABLE `n...')
#4 C:\Proyectos\NotasRapidasOnLine\app\Database\Migrations\2023-10-17-185132_Notas.php(51): CodeIgniter\Database\Forge->createTable('notas', false, Array)
#5 C:\Proyectos\NotasRapidasOnLine\vendor\codeigniter4\framework\system\Database\MigrationRunner.php(873): App\Database\Migrations\Notas->up()
#6 C:\Proyectos\NotasRapidasOnLine\vendor\codeigniter4\framework\system\Database\MigrationRunner.php(188): CodeIgniter\Database\MigrationRunner->migrate('up', Object(stdClass))
#7 C:\Proyectos\NotasRapidasOnLine\vendor\codeigniter4\framework\system\Commands\Database\Migrate.php(84): CodeIgniter\Database\MigrationRunner->latest(NULL)
#8 C:\Proyectos\NotasRapidasOnLine\vendor\codeigniter4\framework\system\CLI\Commands.php(65): CodeIgniter\Commands\Database\Migrate->run(Array)
#9 C:\Proyectos\NotasRapidasOnLine\vendor\codeigniter4\framework\system\CLI\Console.php(46): CodeIgniter\CLI\Commands->run('migrate', Array)
#10 C:\Proyectos\NotasRapidasOnLine\spark(102): CodeIgniter\CLI\Console->run()
#11 {main}
ERROR - 2023-10-25 11:03:57 --> mysqli_sql_exception: Failed to open the referenced table 'usuarios' in C:\Proyectos\NotasRapidasOnLine\vendor\codeigniter4\framework\system\Database\MySQLi\Connection.php:306
Stack trace:
#0 C:\Proyectos\NotasRapidasOnLine\vendor\codeigniter4\framework\system\Database\MySQLi\Connection.php(306): mysqli->query('CREATE TABLE `n...', 0)
#1 C:\Proyectos\NotasRapidasOnLine\vendor\codeigniter4\framework\system\Database\BaseConnection.php(693): CodeIgniter\Database\MySQLi\Connection->execute('CREATE TABLE `n...')
#2 C:\Proyectos\NotasRapidasOnLine\vendor\codeigniter4\framework\system\Database\BaseConnection.php(607): CodeIgniter\Database\BaseConnection->simpleQuery('CREATE TABLE `n...')
#3 C:\Proyectos\NotasRapidasOnLine\vendor\codeigniter4\framework\system\Database\Forge.php(546): CodeIgniter\Database\BaseConnection->query('CREATE TABLE `n...')
#4 C:\Proyectos\NotasRapidasOnLine\app\Database\Migrations\2023-10-17-185132_Notas.php(51): CodeIgniter\Database\Forge->createTable('notas', false, Array)
#5 C:\Proyectos\NotasRapidasOnLine\vendor\codeigniter4\framework\system\Database\MigrationRunner.php(873): App\Database\Migrations\Notas->up()
#6 C:\Proyectos\NotasRapidasOnLine\vendor\codeigniter4\framework\system\Database\MigrationRunner.php(188): CodeIgniter\Database\MigrationRunner->migrate('up', Object(stdClass))
#7 C:\Proyectos\NotasRapidasOnLine\vendor\codeigniter4\framework\system\Commands\Database\Migrate.php(84): CodeIgniter\Database\MigrationRunner->latest(NULL)
#8 C:\Proyectos\NotasRapidasOnLine\vendor\codeigniter4\framework\system\CLI\Commands.php(65): CodeIgniter\Commands\Database\Migrate->run(Array)
#9 C:\Proyectos\NotasRapidasOnLine\vendor\codeigniter4\framework\system\CLI\BaseCommand.php(115): CodeIgniter\CLI\Commands->run('migrate', Array)
#10 C:\Proyectos\NotasRapidasOnLine\vendor\codeigniter4\framework\system\Commands\Database\MigrateRefresh.php(85): CodeIgniter\CLI\BaseCommand->call('migrate', Array)
#11 C:\Proyectos\NotasRapidasOnLine\vendor\codeigniter4\framework\system\CLI\Commands.php(65): CodeIgniter\Commands\Database\MigrateRefresh->run(Array)
#12 C:\Proyectos\NotasRapidasOnLine\vendor\codeigniter4\framework\system\CLI\Console.php(46): CodeIgniter\CLI\Commands->run('migrate:refresh', Array)
#13 C:\Proyectos\NotasRapidasOnLine\spark(102): CodeIgniter\CLI\Console->run()
#14 {main}
CRITICAL - 2023-10-25 12:32:51 --> Invalid file: "autenticacion/inici.php"
in SYSTEMPATH\Exceptions\FrameworkException.php on line 39.
 1 SYSTEMPATH\View\View.php(216): CodeIgniter\Exceptions\FrameworkException::forInvalidFile('autenticacion/inici.php')
 2 SYSTEMPATH\Common.php(1190): CodeIgniter\View\View->render('autenticacion/inici', [], true)
 3 APPPATH\Controllers\Usuario\Autenticacion.php(51): view('autenticacion/inici', [], [])
 4 APPPATH\Controllers\Usuario\Autenticacion.php(36): App\Controllers\Usuario\Autenticacion->RenderView('autenticacion/inici')
 5 SYSTEMPATH\CodeIgniter.php(942): App\Controllers\Usuario\Autenticacion->IniciarSesion()
 6 SYSTEMPATH\CodeIgniter.php(502): CodeIgniter\CodeIgniter->runController(Object(App\Controllers\Usuario\Autenticacion))
 7 SYSTEMPATH\CodeIgniter.php(361): CodeIgniter\CodeIgniter->handleRequest(null, Object(Config\Cache), false)
 8 FCPATH\index.php(79): CodeIgniter\CodeIgniter->run()
 9 SYSTEMPATH\Commands\Server\rewrite.php(47): require_once('C:\\Proyectos\\NotasRapidasOnLine\\public\\index.php')
CRITICAL - 2023-10-25 14:48:55 --> App\Controllers\Home::index(): Return value must be of type string, CodeIgniter\HTTP\RedirectResponse returned
in APPPATH\Controllers\Home.php on line 14.
 1 SYSTEMPATH\CodeIgniter.php(942): App\Controllers\Home->index()
 2 SYSTEMPATH\CodeIgniter.php(502): CodeIgniter\CodeIgniter->runController(Object(App\Controllers\Home))
 3 SYSTEMPATH\CodeIgniter.php(361): CodeIgniter\CodeIgniter->handleRequest(null, Object(Config\Cache), false)
 4 FCPATH\index.php(79): CodeIgniter\CodeIgniter->run()
 5 SYSTEMPATH\Commands\Server\rewrite.php(47): require_once('C:\\Proyectos\\NotasRapidasOnLine\\public\\index.php')
CRITICAL - 2023-10-25 14:50:49 --> App\Controllers\Home::index(): Return value must be of type string, CodeIgniter\HTTP\RedirectResponse returned
in APPPATH\Controllers\Home.php on line 14.
 1 SYSTEMPATH\CodeIgniter.php(942): App\Controllers\Home->index()
 2 SYSTEMPATH\CodeIgniter.php(502): CodeIgniter\CodeIgniter->runController(Object(App\Controllers\Home))
 3 SYSTEMPATH\CodeIgniter.php(361): CodeIgniter\CodeIgniter->handleRequest(null, Object(Config\Cache), false)
 4 FCPATH\index.php(79): CodeIgniter\CodeIgniter->run()
 5 SYSTEMPATH\Commands\Server\rewrite.php(47): require_once('C:\\Proyectos\\NotasRapidasOnLine\\public\\index.php')
CRITICAL - 2023-10-25 14:53:55 --> The route for "/inicio" cannot be found.
in SYSTEMPATH\HTTP\RedirectResponse.php on line 62.
 1 SYSTEMPATH\HTTP\RedirectResponse.php(62): CodeIgniter\HTTP\Exceptions\HTTPException::forInvalidRedirectRoute('/inicio')
 2 APPPATH\Controllers\Home.php(15): CodeIgniter\HTTP\RedirectResponse->route(false)
 3 SYSTEMPATH\CodeIgniter.php(942): App\Controllers\Home->index()
 4 SYSTEMPATH\CodeIgniter.php(502): CodeIgniter\CodeIgniter->runController(Object(App\Controllers\Home))
 5 SYSTEMPATH\CodeIgniter.php(361): CodeIgniter\CodeIgniter->handleRequest(null, Object(Config\Cache), false)
 6 FCPATH\index.php(79): CodeIgniter\CodeIgniter->run()
 7 SYSTEMPATH\Commands\Server\rewrite.php(47): require_once('C:\\Proyectos\\NotasRapidasOnLine\\public\\index.php')
CRITICAL - 2023-10-25 14:54:12 --> The route for "/inicio" cannot be found.
in SYSTEMPATH\HTTP\RedirectResponse.php on line 62.
 1 SYSTEMPATH\HTTP\RedirectResponse.php(62): CodeIgniter\HTTP\Exceptions\HTTPException::forInvalidRedirectRoute('/inicio')
 2 APPPATH\Controllers\Home.php(15): CodeIgniter\HTTP\RedirectResponse->route(false)
 3 SYSTEMPATH\CodeIgniter.php(942): App\Controllers\Home->index()
 4 SYSTEMPATH\CodeIgniter.php(502): CodeIgniter\CodeIgniter->runController(Object(App\Controllers\Home))
 5 SYSTEMPATH\CodeIgniter.php(361): CodeIgniter\CodeIgniter->handleRequest(null, Object(Config\Cache), false)
 6 FCPATH\index.php(79): CodeIgniter\CodeIgniter->run()
 7 SYSTEMPATH\Commands\Server\rewrite.php(47): require_once('C:\\Proyectos\\NotasRapidasOnLine\\public\\index.php')
CRITICAL - 2023-10-25 14:54:50 --> App\Controllers\Home::index(): Return value must be of type string, CodeIgniter\HTTP\RedirectResponse returned
in APPPATH\Controllers\Home.php on line 15.
 1 SYSTEMPATH\CodeIgniter.php(942): App\Controllers\Home->index()
 2 SYSTEMPATH\CodeIgniter.php(502): CodeIgniter\CodeIgniter->runController(Object(App\Controllers\Home))
 3 SYSTEMPATH\CodeIgniter.php(361): CodeIgniter\CodeIgniter->handleRequest(null, Object(Config\Cache), false)
 4 FCPATH\index.php(79): CodeIgniter\CodeIgniter->run()
 5 SYSTEMPATH\Commands\Server\rewrite.php(47): require_once('C:\\Proyectos\\NotasRapidasOnLine\\public\\index.php')
CRITICAL - 2023-10-25 15:03:40 --> App\Controllers\Home::index(): Return value must be of type string, CodeIgniter\HTTP\RedirectResponse returned
in APPPATH\Controllers\Home.php on line 15.
 1 SYSTEMPATH\CodeIgniter.php(942): App\Controllers\Home->index()
 2 SYSTEMPATH\CodeIgniter.php(502): CodeIgniter\CodeIgniter->runController(Object(App\Controllers\Home))
 3 SYSTEMPATH\CodeIgniter.php(361): CodeIgniter\CodeIgniter->handleRequest(null, Object(Config\Cache), false)
 4 FCPATH\index.php(79): CodeIgniter\CodeIgniter->run()
 5 SYSTEMPATH\Commands\Server\rewrite.php(47): require_once('C:\\Proyectos\\NotasRapidasOnLine\\public\\index.php')
CRITICAL - 2023-10-25 15:04:21 --> App\Controllers\Home::index(): Return value must be of type string, CodeIgniter\HTTP\RedirectResponse returned
in APPPATH\Controllers\Home.php on line 15.
 1 SYSTEMPATH\CodeIgniter.php(942): App\Controllers\Home->index()
 2 SYSTEMPATH\CodeIgniter.php(502): CodeIgniter\CodeIgniter->runController(Object(App\Controllers\Home))
 3 SYSTEMPATH\CodeIgniter.php(361): CodeIgniter\CodeIgniter->handleRequest(null, Object(Config\Cache), false)
 4 FCPATH\index.php(79): CodeIgniter\CodeIgniter->run()
 5 SYSTEMPATH\Commands\Server\rewrite.php(47): require_once('C:\\Proyectos\\NotasRapidasOnLine\\public\\index.php')
CRITICAL - 2023-10-25 15:05:18 --> App\Controllers\Home::index(): Return value must be of type string, CodeIgniter\HTTP\RedirectResponse returned
in APPPATH\Controllers\Home.php on line 16.
 1 SYSTEMPATH\CodeIgniter.php(942): App\Controllers\Home->index()
 2 SYSTEMPATH\CodeIgniter.php(502): CodeIgniter\CodeIgniter->runController(Object(App\Controllers\Home))
 3 SYSTEMPATH\CodeIgniter.php(361): CodeIgniter\CodeIgniter->handleRequest(null, Object(Config\Cache), false)
 4 FCPATH\index.php(79): CodeIgniter\CodeIgniter->run()
 5 SYSTEMPATH\Commands\Server\rewrite.php(47): require_once('C:\\Proyectos\\NotasRapidasOnLine\\public\\index.php')
