CRITICAL - 2024-02-01 12:03:55 --> Maximum execution time of 30 seconds exceeded
in SYSTEMPATH\Debug\Toolbar.php on line 476.
 1 [internal function]: CodeIgniter\Debug\Exceptions->shutdownHandler()
CRITICAL - 2024-02-01 12:06:31 --> Attempt to read property "rcp_contrasena" on null
in APPPATH\Controllers\Usuario\Autenticacion.php on line 118.
 1 APPPATH\Controllers\Usuario\Autenticacion.php(118): CodeIgniter\Debug\Exceptions->errorHandler(2, 'Attempt to read property "rcp_contrasena" on null', 'C:\\Proyectos\\NotasRapidasOnLine\\app\\Controllers\\Usuario\\Autenticacion.php', 118)
 2 SYSTEMPATH\CodeIgniter.php(942): App\Controllers\Usuario\Autenticacion->IniciarSesion()
 3 SYSTEMPATH\CodeIgniter.php(502): CodeIgniter\CodeIgniter->runController(Object(App\Controllers\Usuario\Autenticacion))
 4 SYSTEMPATH\CodeIgniter.php(361): CodeIgniter\CodeIgniter->handleRequest(null, Object(Config\Cache), false)
 5 FCPATH\index.php(79): CodeIgniter\CodeIgniter->run()
 6 SYSTEMPATH\Commands\Server\rewrite.php(47): require_once('C:\\Proyectos\\NotasRapidasOnLine\\public\\index.php')
CRITICAL - 2024-02-01 12:07:14 --> Attempt to read property "rcp_contrasena" on null
in APPPATH\Controllers\Usuario\Autenticacion.php on line 118.
 1 APPPATH\Controllers\Usuario\Autenticacion.php(118): CodeIgniter\Debug\Exceptions->errorHandler(2, 'Attempt to read property "rcp_contrasena" on null', 'C:\\Proyectos\\NotasRapidasOnLine\\app\\Controllers\\Usuario\\Autenticacion.php', 118)
 2 SYSTEMPATH\CodeIgniter.php(942): App\Controllers\Usuario\Autenticacion->IniciarSesion()
 3 SYSTEMPATH\CodeIgniter.php(502): CodeIgniter\CodeIgniter->runController(Object(App\Controllers\Usuario\Autenticacion))
 4 SYSTEMPATH\CodeIgniter.php(361): CodeIgniter\CodeIgniter->handleRequest(null, Object(Config\Cache), false)
 5 FCPATH\index.php(79): CodeIgniter\CodeIgniter->run()
 6 SYSTEMPATH\Commands\Server\rewrite.php(47): require_once('C:\\Proyectos\\NotasRapidasOnLine\\public\\index.php')
CRITICAL - 2024-02-01 12:08:36 --> Attempt to read property "rcp_contrasena" on null
in APPPATH\Controllers\Usuario\Autenticacion.php on line 118.
 1 APPPATH\Controllers\Usuario\Autenticacion.php(118): CodeIgniter\Debug\Exceptions->errorHandler(2, 'Attempt to read property "rcp_contrasena" on null', 'C:\\Proyectos\\NotasRapidasOnLine\\app\\Controllers\\Usuario\\Autenticacion.php', 118)
 2 SYSTEMPATH\CodeIgniter.php(942): App\Controllers\Usuario\Autenticacion->IniciarSesion()
 3 SYSTEMPATH\CodeIgniter.php(502): CodeIgniter\CodeIgniter->runController(Object(App\Controllers\Usuario\Autenticacion))
 4 SYSTEMPATH\CodeIgniter.php(361): CodeIgniter\CodeIgniter->handleRequest(null, Object(Config\Cache), false)
 5 FCPATH\index.php(79): CodeIgniter\CodeIgniter->run()
 6 SYSTEMPATH\Commands\Server\rewrite.php(47): require_once('C:\\Proyectos\\NotasRapidasOnLine\\public\\index.php')
CRITICAL - 2024-02-01 12:09:40 --> Attempt to read property "rcp_contrasena" on null
in APPPATH\Controllers\Usuario\Autenticacion.php on line 118.
 1 APPPATH\Controllers\Usuario\Autenticacion.php(118): CodeIgniter\Debug\Exceptions->errorHandler(2, 'Attempt to read property "rcp_contrasena" on null', 'C:\\Proyectos\\NotasRapidasOnLine\\app\\Controllers\\Usuario\\Autenticacion.php', 118)
 2 SYSTEMPATH\CodeIgniter.php(942): App\Controllers\Usuario\Autenticacion->IniciarSesion()
 3 SYSTEMPATH\CodeIgniter.php(502): CodeIgniter\CodeIgniter->runController(Object(App\Controllers\Usuario\Autenticacion))
 4 SYSTEMPATH\CodeIgniter.php(361): CodeIgniter\CodeIgniter->handleRequest(null, Object(Config\Cache), false)
 5 FCPATH\index.php(79): CodeIgniter\CodeIgniter->run()
 6 SYSTEMPATH\Commands\Server\rewrite.php(47): require_once('C:\\Proyectos\\NotasRapidasOnLine\\public\\index.php')
CRITICAL - 2024-02-01 12:11:40 --> Attempt to read property "rcp_contrasena" on null
in APPPATH\Controllers\Usuario\Autenticacion.php on line 118.
 1 APPPATH\Controllers\Usuario\Autenticacion.php(118): CodeIgniter\Debug\Exceptions->errorHandler(2, 'Attempt to read property "rcp_contrasena" on null', 'C:\\Proyectos\\NotasRapidasOnLine\\app\\Controllers\\Usuario\\Autenticacion.php', 118)
 2 SYSTEMPATH\CodeIgniter.php(942): App\Controllers\Usuario\Autenticacion->IniciarSesion()
 3 SYSTEMPATH\CodeIgniter.php(502): CodeIgniter\CodeIgniter->runController(Object(App\Controllers\Usuario\Autenticacion))
 4 SYSTEMPATH\CodeIgniter.php(361): CodeIgniter\CodeIgniter->handleRequest(null, Object(Config\Cache), false)
 5 FCPATH\index.php(79): CodeIgniter\CodeIgniter->run()
 6 SYSTEMPATH\Commands\Server\rewrite.php(47): require_once('C:\\Proyectos\\NotasRapidasOnLine\\public\\index.php')
CRITICAL - 2024-02-01 12:14:16 --> Attempt to read property "rcp_contrasena" on null
in APPPATH\Controllers\Usuario\Autenticacion.php on line 118.
 1 APPPATH\Controllers\Usuario\Autenticacion.php(118): CodeIgniter\Debug\Exceptions->errorHandler(2, 'Attempt to read property "rcp_contrasena" on null', 'C:\\Proyectos\\NotasRapidasOnLine\\app\\Controllers\\Usuario\\Autenticacion.php', 118)
 2 SYSTEMPATH\CodeIgniter.php(942): App\Controllers\Usuario\Autenticacion->IniciarSesion()
 3 SYSTEMPATH\CodeIgniter.php(502): CodeIgniter\CodeIgniter->runController(Object(App\Controllers\Usuario\Autenticacion))
 4 SYSTEMPATH\CodeIgniter.php(361): CodeIgniter\CodeIgniter->handleRequest(null, Object(Config\Cache), false)
 5 FCPATH\index.php(79): CodeIgniter\CodeIgniter->run()
 6 SYSTEMPATH\Commands\Server\rewrite.php(47): require_once('C:\\Proyectos\\NotasRapidasOnLine\\public\\index.php')
CRITICAL - 2024-02-01 12:15:20 --> Attempt to read property "rcp_contrasena" on null
in APPPATH\Controllers\Usuario\Autenticacion.php on line 118.
 1 APPPATH\Controllers\Usuario\Autenticacion.php(118): CodeIgniter\Debug\Exceptions->errorHandler(2, 'Attempt to read property "rcp_contrasena" on null', 'C:\\Proyectos\\NotasRapidasOnLine\\app\\Controllers\\Usuario\\Autenticacion.php', 118)
 2 SYSTEMPATH\CodeIgniter.php(942): App\Controllers\Usuario\Autenticacion->IniciarSesion()
 3 SYSTEMPATH\CodeIgniter.php(502): CodeIgniter\CodeIgniter->runController(Object(App\Controllers\Usuario\Autenticacion))
 4 SYSTEMPATH\CodeIgniter.php(361): CodeIgniter\CodeIgniter->handleRequest(null, Object(Config\Cache), false)
 5 FCPATH\index.php(79): CodeIgniter\CodeIgniter->run()
 6 SYSTEMPATH\Commands\Server\rewrite.php(47): require_once('C:\\Proyectos\\NotasRapidasOnLine\\public\\index.php')
INFO - 2024-02-01 12:22:38 --> Session: Class initialized using 'CodeIgniter\Session\Handlers\FileHandler' driver.
INFO - 2024-02-01 22:05:42 --> Session: Class initialized using 'CodeIgniter\Session\Handlers\FileHandler' driver.
