CRITICAL - 2023-11-14 19:50:28 --> Access to undeclared static property App\Libraries\QuillPHP\QuillPHP::$model
in APPPATH\Libraries\QuillPHP\QuillPHP.php on line 20.
 1 APPPATH\Controllers\ApiNotas.php(15): App\Libraries\QuillPHP\QuillPHP::Get()
 2 SYSTEMPATH\CodeIgniter.php(942): App\Controllers\ApiNotas->ListarNotas()
 3 SYSTEMPATH\CodeIgniter.php(502): CodeIgniter\CodeIgniter->runController(Object(App\Controllers\ApiNotas))
 4 SYSTEMPATH\CodeIgniter.php(361): CodeIgniter\CodeIgniter->handleRequest(null, Object(Config\Cache), false)
 5 FCPATH\index.php(79): CodeIgniter\CodeIgniter->run()
 6 SYSTEMPATH\Commands\Server\rewrite.php(47): require_once('C:\\Proyectos\\NotasRapidasOnLine\\public\\index.php')
CRITICAL - 2023-11-14 20:18:40 --> Access to undeclared static property App\Libraries\QuillPHP\QuillPHP::$model
in APPPATH\Libraries\QuillPHP\QuillPHP.php on line 20.
 1 APPPATH\Controllers\ApiNotas.php(15): App\Libraries\QuillPHP\QuillPHP::Get()
 2 SYSTEMPATH\CodeIgniter.php(942): App\Controllers\ApiNotas->ListarNotas()
 3 SYSTEMPATH\CodeIgniter.php(502): CodeIgniter\CodeIgniter->runController(Object(App\Controllers\ApiNotas))
 4 SYSTEMPATH\CodeIgniter.php(361): CodeIgniter\CodeIgniter->handleRequest(null, Object(Config\Cache), false)
 5 FCPATH\index.php(79): CodeIgniter\CodeIgniter->run()
 6 SYSTEMPATH\Commands\Server\rewrite.php(47): require_once('C:\\Proyectos\\NotasRapidasOnLine\\public\\index.php')
CRITICAL - 2023-11-14 20:19:24 --> Access to undeclared static property App\Libraries\QuillPHP\QuillPHP::$model
in APPPATH\Libraries\QuillPHP\QuillPHP.php on line 20.
 1 APPPATH\Controllers\ApiNotas.php(15): App\Libraries\QuillPHP\QuillPHP::Get()
 2 SYSTEMPATH\CodeIgniter.php(942): App\Controllers\ApiNotas->ListarNotas()
 3 SYSTEMPATH\CodeIgniter.php(502): CodeIgniter\CodeIgniter->runController(Object(App\Controllers\ApiNotas))
 4 SYSTEMPATH\CodeIgniter.php(361): CodeIgniter\CodeIgniter->handleRequest(null, Object(Config\Cache), false)
 5 FCPATH\index.php(79): CodeIgniter\CodeIgniter->run()
 6 SYSTEMPATH\Commands\Server\rewrite.php(47): require_once('C:\\Proyectos\\NotasRapidasOnLine\\public\\index.php')
CRITICAL - 2023-11-14 20:20:16 --> Access to undeclared static property App\Libraries\QuillPHP\QuillPHP::$model
in APPPATH\Libraries\QuillPHP\QuillPHP.php on line 20.
 1 APPPATH\Controllers\ApiNotas.php(15): App\Libraries\QuillPHP\QuillPHP::Get()
 2 SYSTEMPATH\CodeIgniter.php(942): App\Controllers\ApiNotas->ListarNotas()
 3 SYSTEMPATH\CodeIgniter.php(502): CodeIgniter\CodeIgniter->runController(Object(App\Controllers\ApiNotas))
 4 SYSTEMPATH\CodeIgniter.php(361): CodeIgniter\CodeIgniter->handleRequest(null, Object(Config\Cache), false)
 5 FCPATH\index.php(79): CodeIgniter\CodeIgniter->run()
 6 SYSTEMPATH\Commands\Server\rewrite.php(47): require_once('C:\\Proyectos\\NotasRapidasOnLine\\public\\index.php')
CRITICAL - 2023-11-14 20:21:11 --> Typed static property App\Libraries\QuillPHP\QuillPHP::$model must not be accessed before initialization
in APPPATH\Libraries\QuillPHP\QuillPHP.php on line 20.
 1 APPPATH\Controllers\ApiNotas.php(15): App\Libraries\QuillPHP\QuillPHP::Get()
 2 SYSTEMPATH\CodeIgniter.php(942): App\Controllers\ApiNotas->ListarNotas()
 3 SYSTEMPATH\CodeIgniter.php(502): CodeIgniter\CodeIgniter->runController(Object(App\Controllers\ApiNotas))
 4 SYSTEMPATH\CodeIgniter.php(361): CodeIgniter\CodeIgniter->handleRequest(null, Object(Config\Cache), false)
 5 FCPATH\index.php(79): CodeIgniter\CodeIgniter->run()
 6 SYSTEMPATH\Commands\Server\rewrite.php(47): require_once('C:\\Proyectos\\NotasRapidasOnLine\\public\\index.php')
CRITICAL - 2023-11-14 20:22:34 --> Constant expression contains invalid operations
in APPPATH\Libraries\QuillPHP\QuillPHP.php on line 8.
 1 [internal function]: CodeIgniter\Debug\Exceptions->shutdownHandler()
CRITICAL - 2023-11-14 20:40:34 --> Undefined property: CodeIgniter\CodeIgniter::$controller
in SYSTEMPATH\CodeIgniter.php on line 888.
 1 SYSTEMPATH\CodeIgniter.php(888): CodeIgniter\Debug\Exceptions->errorHandler(2, 'Undefined property: CodeIgniter\\CodeIgniter::$controller', 'C:\\Proyectos\\NotasRapidasOnLine\\vendor\\codeigniter4\\framework\\system\\CodeIgniter.php', 888)
 2 SYSTEMPATH\CodeIgniter.php(489): CodeIgniter\CodeIgniter->startController()
 3 SYSTEMPATH\CodeIgniter.php(361): CodeIgniter\CodeIgniter->handleRequest(null, Object(Config\Cache), false)
 4 FCPATH\index.php(79): CodeIgniter\CodeIgniter->run()
 5 SYSTEMPATH\Commands\Server\rewrite.php(47): require_once('C:\\Proyectos\\NotasRapidasOnLine\\public\\index.php')
CRITICAL - 2023-11-14 21:06:11 --> Object of class stdClass could not be converted to string
in SYSTEMPATH\Database\Query.php on line 333.
 1 SYSTEMPATH\Database\Query.php(333): strtr('INSERT INTO `notas` (`id_usuario`, `fecha_creado`, `titulo`, `contenido`) VALUES (:id_usuario:, :fecha_creado:, :titulo:, :contenido:)', [...])
 2 SYSTEMPATH\Database\Query.php(308): CodeIgniter\Database\Query->matchNamedBinds('INSERT INTO `notas` (`id_usuario`, `fecha_creado`, `titulo`, `contenido`) VALUES (:id_usuario:, :fecha_creado:, :titulo:, :contenido:)', [...])
 3 SYSTEMPATH\Database\Query.php(159): CodeIgniter\Database\Query->compileBinds()
 4 SYSTEMPATH\Database\BaseConnection.php(607): CodeIgniter\Database\Query->getQuery()
 5 SYSTEMPATH\Database\BaseBuilder.php(2308): CodeIgniter\Database\BaseConnection->query('INSERT INTO `notas` (`id_usuario`, `fecha_creado`, `titulo`, `contenido`) VALUES (:id_usuario:, :fecha_creado:, :titulo:, :contenido:)', [...], false)
 6 SYSTEMPATH\Model.php(319): CodeIgniter\Database\BaseBuilder->insert()
 7 SYSTEMPATH\BaseModel.php(788): CodeIgniter\Model->doInsert([...])
 8 SYSTEMPATH\Model.php(715): CodeIgniter\BaseModel->insert([...], true)
 9 APPPATH\Libraries\QuillPHP\QuillPHP.php(17): CodeIgniter\Model->insert(Object(App\Entities\EntityNotas))
10 APPPATH\Controllers\ApiNotas.php(43): App\Libraries\QuillPHP\QuillPHP->Save()
11 SYSTEMPATH\CodeIgniter.php(942): App\Controllers\ApiNotas->CrearNotas()
12 SYSTEMPATH\CodeIgniter.php(502): CodeIgniter\CodeIgniter->runController(Object(App\Controllers\ApiNotas))
13 SYSTEMPATH\CodeIgniter.php(361): CodeIgniter\CodeIgniter->handleRequest(null, Object(Config\Cache), false)
14 FCPATH\index.php(79): CodeIgniter\CodeIgniter->run()
15 SYSTEMPATH\Commands\Server\rewrite.php(47): require_once('C:\\Proyectos\\NotasRapidasOnLine\\public\\index.php')
