CRITICAL - 2023-12-24 09:34:30 --> Cannot access protected property CodeIgniter\Pager\Pager::$groups
in APPPATH\Controllers\ApiNotas.php on line 20.
 1 SYSTEMPATH\CodeIgniter.php(942): App\Controllers\ApiNotas->new()
 2 SYSTEMPATH\CodeIgniter.php(502): CodeIgniter\CodeIgniter->runController(Object(App\Controllers\ApiNotas))
 3 SYSTEMPATH\CodeIgniter.php(361): CodeIgniter\CodeIgniter->handleRequest(null, Object(Config\Cache), false)
 4 FCPATH\index.php(79): CodeIgniter\CodeIgniter->run()
 5 SYSTEMPATH\Commands\Server\rewrite.php(47): require_once('C:\\Proyectos\\NotasRapidasOnLine\\public\\index.php')
CRITICAL - 2023-12-24 09:34:52 --> Cannot access protected property CodeIgniter\Pager\Pager::$groups
in APPPATH\Controllers\ApiNotas.php on line 20.
 1 SYSTEMPATH\CodeIgniter.php(942): App\Controllers\ApiNotas->new()
 2 SYSTEMPATH\CodeIgniter.php(502): CodeIgniter\CodeIgniter->runController(Object(App\Controllers\ApiNotas))
 3 SYSTEMPATH\CodeIgniter.php(361): CodeIgniter\CodeIgniter->handleRequest(null, Object(Config\Cache), false)
 4 FCPATH\index.php(79): CodeIgniter\CodeIgniter->run()
 5 SYSTEMPATH\Commands\Server\rewrite.php(47): require_once('C:\\Proyectos\\NotasRapidasOnLine\\public\\index.php')
CRITICAL - 2023-12-24 09:36:11 --> Cannot access protected property CodeIgniter\Pager\Pager::$groups
in APPPATH\Controllers\ApiNotas.php on line 20.
 1 SYSTEMPATH\CodeIgniter.php(942): App\Controllers\ApiNotas->new()
 2 SYSTEMPATH\CodeIgniter.php(502): CodeIgniter\CodeIgniter->runController(Object(App\Controllers\ApiNotas))
 3 SYSTEMPATH\CodeIgniter.php(361): CodeIgniter\CodeIgniter->handleRequest(null, Object(Config\Cache), false)
 4 FCPATH\index.php(79): CodeIgniter\CodeIgniter->run()
 5 SYSTEMPATH\Commands\Server\rewrite.php(47): require_once('C:\\Proyectos\\NotasRapidasOnLine\\public\\index.php')
CRITICAL - 2023-12-24 09:37:13 --> Cannot access protected property CodeIgniter\Pager\Pager::$groups
in APPPATH\Controllers\ApiNotas.php on line 20.
 1 SYSTEMPATH\CodeIgniter.php(942): App\Controllers\ApiNotas->new()
 2 SYSTEMPATH\CodeIgniter.php(502): CodeIgniter\CodeIgniter->runController(Object(App\Controllers\ApiNotas))
 3 SYSTEMPATH\CodeIgniter.php(361): CodeIgniter\CodeIgniter->handleRequest(null, Object(Config\Cache), false)
 4 FCPATH\index.php(79): CodeIgniter\CodeIgniter->run()
 5 SYSTEMPATH\Commands\Server\rewrite.php(47): require_once('C:\\Proyectos\\NotasRapidasOnLine\\public\\index.php')
CRITICAL - 2023-12-24 10:08:23 --> Cannot access protected property CodeIgniter\Pager\Pager::$groups
in APPPATH\Controllers\ApiNotas.php on line 26.
 1 SYSTEMPATH\CodeIgniter.php(942): App\Controllers\ApiNotas->new()
 2 SYSTEMPATH\CodeIgniter.php(502): CodeIgniter\CodeIgniter->runController(Object(App\Controllers\ApiNotas))
 3 SYSTEMPATH\CodeIgniter.php(361): CodeIgniter\CodeIgniter->handleRequest(null, Object(Config\Cache), false)
 4 FCPATH\index.php(79): CodeIgniter\CodeIgniter->run()
 5 SYSTEMPATH\Commands\Server\rewrite.php(47): require_once('C:\\Proyectos\\NotasRapidasOnLine\\public\\index.php')
CRITICAL - 2023-12-24 10:32:26 --> Call to undefined method CodeIgniter\Pager\Pager::getCurrentPageNumber()
in APPPATH\Controllers\ApiNotas.php on line 28.
 1 SYSTEMPATH\CodeIgniter.php(942): App\Controllers\ApiNotas->new()
 2 SYSTEMPATH\CodeIgniter.php(502): CodeIgniter\CodeIgniter->runController(Object(App\Controllers\ApiNotas))
 3 SYSTEMPATH\CodeIgniter.php(361): CodeIgniter\CodeIgniter->handleRequest(null, Object(Config\Cache), false)
 4 FCPATH\index.php(79): CodeIgniter\CodeIgniter->run()
 5 SYSTEMPATH\Commands\Server\rewrite.php(47): require_once('C:\\Proyectos\\NotasRapidasOnLine\\public\\index.php')
CRITICAL - 2023-12-24 10:33:32 --> Undefined variable $output
in SYSTEMPATH\CodeIgniter.php on line 946.
 1 SYSTEMPATH\CodeIgniter.php(946): CodeIgniter\Debug\Exceptions->errorHandler(2, 'Undefined variable $output', 'C:\\Proyectos\\NotasRapidasOnLine\\vendor\\codeigniter4\\framework\\system\\CodeIgniter.php', 946)
 2 SYSTEMPATH\CodeIgniter.php(502): CodeIgniter\CodeIgniter->runController(Object(App\Controllers\ApiNotas))
 3 SYSTEMPATH\CodeIgniter.php(361): CodeIgniter\CodeIgniter->handleRequest(null, Object(Config\Cache), false)
 4 FCPATH\index.php(79): CodeIgniter\CodeIgniter->run()
 5 SYSTEMPATH\Commands\Server\rewrite.php(47): require_once('C:\\Proyectos\\NotasRapidasOnLine\\public\\index.php')
CRITICAL - 2023-12-24 10:34:29 --> Call to undefined method CodeIgniter\Pager\Pager::getPreviousPage()
in APPPATH\Controllers\ApiNotas.php on line 29.
 1 SYSTEMPATH\CodeIgniter.php(942): App\Controllers\ApiNotas->new()
 2 SYSTEMPATH\CodeIgniter.php(502): CodeIgniter\CodeIgniter->runController(Object(App\Controllers\ApiNotas))
 3 SYSTEMPATH\CodeIgniter.php(361): CodeIgniter\CodeIgniter->handleRequest(null, Object(Config\Cache), false)
 4 FCPATH\index.php(79): CodeIgniter\CodeIgniter->run()
 5 SYSTEMPATH\Commands\Server\rewrite.php(47): require_once('C:\\Proyectos\\NotasRapidasOnLine\\public\\index.php')
CRITICAL - 2023-12-24 10:35:29 --> Call to undefined method CodeIgniter\Pager\Pager::getPreviousPage()
in APPPATH\Controllers\ApiNotas.php on line 29.
 1 SYSTEMPATH\CodeIgniter.php(942): App\Controllers\ApiNotas->new()
 2 SYSTEMPATH\CodeIgniter.php(502): CodeIgniter\CodeIgniter->runController(Object(App\Controllers\ApiNotas))
 3 SYSTEMPATH\CodeIgniter.php(361): CodeIgniter\CodeIgniter->handleRequest(null, Object(Config\Cache), false)
 4 FCPATH\index.php(79): CodeIgniter\CodeIgniter->run()
 5 SYSTEMPATH\Commands\Server\rewrite.php(47): require_once('C:\\Proyectos\\NotasRapidasOnLine\\public\\index.php')
CRITICAL - 2023-12-24 10:36:36 --> Call to undefined method CodeIgniter\Pager\Pager::getNextPage()
in APPPATH\Controllers\ApiNotas.php on line 30.
 1 SYSTEMPATH\CodeIgniter.php(942): App\Controllers\ApiNotas->new()
 2 SYSTEMPATH\CodeIgniter.php(502): CodeIgniter\CodeIgniter->runController(Object(App\Controllers\ApiNotas))
 3 SYSTEMPATH\CodeIgniter.php(361): CodeIgniter\CodeIgniter->handleRequest(null, Object(Config\Cache), false)
 4 FCPATH\index.php(79): CodeIgniter\CodeIgniter->run()
 5 SYSTEMPATH\Commands\Server\rewrite.php(47): require_once('C:\\Proyectos\\NotasRapidasOnLine\\public\\index.php')
CRITICAL - 2023-12-24 11:31:25 --> The route for "inicio" cannot be found.
in SYSTEMPATH\HTTP\RedirectResponse.php on line 62.
 1 SYSTEMPATH\HTTP\RedirectResponse.php(62): CodeIgniter\HTTP\Exceptions\HTTPException::forInvalidRedirectRoute('inicio')
 2 APPPATH\Filters\Autenticacion.php(34): CodeIgniter\HTTP\RedirectResponse->route(false)
 3 SYSTEMPATH\Filters\Filters.php(186): App\Filters\Autenticacion->before(Object(CodeIgniter\HTTP\IncomingRequest), null)
 4 SYSTEMPATH\CodeIgniter.php(474): CodeIgniter\Filters\Filters->run('', 'before')
 5 SYSTEMPATH\CodeIgniter.php(361): CodeIgniter\CodeIgniter->handleRequest(null, Object(Config\Cache), false)
 6 FCPATH\index.php(79): CodeIgniter\CodeIgniter->run()
 7 SYSTEMPATH\Commands\Server\rewrite.php(47): require_once('C:\\Proyectos\\NotasRapidasOnLine\\public\\index.php')
ERROR - 2023-12-24 21:59:25 --> Error connecting to the database: Error: Class "SQLite3" not found in C:\Proyectos\NotasRapidasOnLine\vendor\codeigniter4\framework\system\Database\SQLite3\Connection.php:89
Stack trace:
#0 C:\Proyectos\NotasRapidasOnLine\vendor\codeigniter4\framework\system\Database\BaseConnection.php(392): CodeIgniter\Database\SQLite3\Connection->connect(false)
#1 C:\Proyectos\NotasRapidasOnLine\vendor\codeigniter4\framework\system\Database\SQLite3\Connection.php(59): CodeIgniter\Database\BaseConnection->initialize()
#2 C:\Proyectos\NotasRapidasOnLine\vendor\codeigniter4\framework\system\Test\DatabaseTestTrait.php(74): CodeIgniter\Database\SQLite3\Connection->initialize()
#3 C:\Proyectos\NotasRapidasOnLine\vendor\codeigniter4\framework\system\Test\DatabaseTestTrait.php(54): ExampleDatabaseTest->loadDependencies()
#4 C:\Proyectos\NotasRapidasOnLine\vendor\codeigniter4\framework\system\Test\CIUnitTestCase.php(250): ExampleDatabaseTest->setUpDatabase()
#5 C:\Proyectos\NotasRapidasOnLine\vendor\phpunit\phpunit\src\Framework\TestCase.php(1211): CodeIgniter\Test\CIUnitTestCase->setUp()
#6 C:\Proyectos\NotasRapidasOnLine\vendor\phpunit\phpunit\src\Framework\TestResult.php(728): PHPUnit\Framework\TestCase->runBare()
#7 C:\Proyectos\NotasRapidasOnLine\vendor\phpunit\phpunit\src\Framework\TestCase.php(968): PHPUnit\Framework\TestResult->run(Object(ExampleDatabaseTest))
#8 C:\Proyectos\NotasRapidasOnLine\vendor\phpunit\phpunit\src\Framework\TestSuite.php(684): PHPUnit\Framework\TestCase->run(Object(PHPUnit\Framework\TestResult))
#9 C:\Proyectos\NotasRapidasOnLine\vendor\phpunit\phpunit\src\Framework\TestSuite.php(684): PHPUnit\Framework\TestSuite->run(Object(PHPUnit\Framework\TestResult))
#10 C:\Proyectos\NotasRapidasOnLine\vendor\phpunit\phpunit\src\Framework\TestSuite.php(684): PHPUnit\Framework\TestSuite->run(Object(PHPUnit\Framework\TestResult))
#11 C:\Proyectos\NotasRapidasOnLine\vendor\phpunit\phpunit\src\TextUI\TestRunner.php(651): PHPUnit\Framework\TestSuite->run(Object(PHPUnit\Framework\TestResult))
#12 C:\Proyectos\NotasRapidasOnLine\vendor\phpunit\phpunit\src\TextUI\Command.php(144): PHPUnit\TextUI\TestRunner->run(Object(PHPUnit\Framework\TestSuite), Array, Array, true)
#13 C:\Proyectos\NotasRapidasOnLine\vendor\phpunit\phpunit\src\TextUI\Command.php(97): PHPUnit\TextUI\Command->run(Array, true)
#14 C:\Proyectos\NotasRapidasOnLine\vendor\phpunit\phpunit\phpunit(107): PHPUnit\TextUI\Command::main()
#15 C:\Proyectos\NotasRapidasOnLine\vendor\bin\phpunit(122): include('C:\\Proyectos\\No...')
#16 {main}
ERROR - 2023-12-24 21:59:46 --> Error connecting to the database: Error: Class "SQLite3" not found in C:\Proyectos\NotasRapidasOnLine\vendor\codeigniter4\framework\system\Database\SQLite3\Connection.php:89
Stack trace:
#0 C:\Proyectos\NotasRapidasOnLine\vendor\codeigniter4\framework\system\Database\BaseConnection.php(392): CodeIgniter\Database\SQLite3\Connection->connect(false)
#1 C:\Proyectos\NotasRapidasOnLine\vendor\codeigniter4\framework\system\Database\SQLite3\Connection.php(59): CodeIgniter\Database\BaseConnection->initialize()
#2 C:\Proyectos\NotasRapidasOnLine\vendor\codeigniter4\framework\system\Test\DatabaseTestTrait.php(74): CodeIgniter\Database\SQLite3\Connection->initialize()
#3 C:\Proyectos\NotasRapidasOnLine\vendor\codeigniter4\framework\system\Test\DatabaseTestTrait.php(54): ExampleDatabaseTest->loadDependencies()
#4 C:\Proyectos\NotasRapidasOnLine\vendor\codeigniter4\framework\system\Test\CIUnitTestCase.php(250): ExampleDatabaseTest->setUpDatabase()
#5 C:\Proyectos\NotasRapidasOnLine\vendor\phpunit\phpunit\src\Framework\TestCase.php(1211): CodeIgniter\Test\CIUnitTestCase->setUp()
#6 C:\Proyectos\NotasRapidasOnLine\vendor\phpunit\phpunit\src\Framework\TestResult.php(728): PHPUnit\Framework\TestCase->runBare()
#7 C:\Proyectos\NotasRapidasOnLine\vendor\phpunit\phpunit\src\Framework\TestCase.php(968): PHPUnit\Framework\TestResult->run(Object(ExampleDatabaseTest))
#8 C:\Proyectos\NotasRapidasOnLine\vendor\phpunit\phpunit\src\Framework\TestSuite.php(684): PHPUnit\Framework\TestCase->run(Object(PHPUnit\Framework\TestResult))
#9 C:\Proyectos\NotasRapidasOnLine\vendor\phpunit\phpunit\src\Framework\TestSuite.php(684): PHPUnit\Framework\TestSuite->run(Object(PHPUnit\Framework\TestResult))
#10 C:\Proyectos\NotasRapidasOnLine\vendor\phpunit\phpunit\src\Framework\TestSuite.php(684): PHPUnit\Framework\TestSuite->run(Object(PHPUnit\Framework\TestResult))
#11 C:\Proyectos\NotasRapidasOnLine\vendor\phpunit\phpunit\src\TextUI\TestRunner.php(651): PHPUnit\Framework\TestSuite->run(Object(PHPUnit\Framework\TestResult))
#12 C:\Proyectos\NotasRapidasOnLine\vendor\phpunit\phpunit\src\TextUI\Command.php(144): PHPUnit\TextUI\TestRunner->run(Object(PHPUnit\Framework\TestSuite), Array, Array, true)
#13 C:\Proyectos\NotasRapidasOnLine\vendor\phpunit\phpunit\src\TextUI\Command.php(97): PHPUnit\TextUI\Command->run(Array, true)
#14 C:\Proyectos\NotasRapidasOnLine\vendor\phpunit\phpunit\phpunit(107): PHPUnit\TextUI\Command::main()
#15 C:\Proyectos\NotasRapidasOnLine\vendor\bin\phpunit(122): include('C:\\Proyectos\\No...')
#16 {main}
