INFO - 2024-01-29 19:37:48 --> Session: Class initialized using 'CodeIgniter\Session\Handlers\FileHandler' driver.
INFO - 2024-01-29 19:38:14 --> Session: Class initialized using 'CodeIgniter\Session\Handlers\FileHandler' driver.
INFO - 2024-01-29 19:43:30 --> Session: Class initialized using 'CodeIgniter\Session\Handlers\FileHandler' driver.
INFO - 2024-01-29 19:47:09 --> Session: Class initialized using 'CodeIgniter\Session\Handlers\FileHandler' driver.
INFO - 2024-01-29 19:47:32 --> Session: Class initialized using 'CodeIgniter\Session\Handlers\FileHandler' driver.
INFO - 2024-01-29 19:48:07 --> Session: Class initialized using 'CodeIgniter\Session\Handlers\FileHandler' driver.
INFO - 2024-01-29 19:48:49 --> Session: Class initialized using 'CodeIgniter\Session\Handlers\FileHandler' driver.
INFO - 2024-01-29 19:49:50 --> Session: Class initialized using 'CodeIgniter\Session\Handlers\FileHandler' driver.
INFO - 2024-01-29 19:50:32 --> Session: Class initialized using 'CodeIgniter\Session\Handlers\FileHandler' driver.
INFO - 2024-01-29 19:51:09 --> Session: Class initialized using 'CodeIgniter\Session\Handlers\FileHandler' driver.
INFO - 2024-01-29 19:51:21 --> Session: Class initialized using 'CodeIgniter\Session\Handlers\FileHandler' driver.
INFO - 2024-01-29 19:51:32 --> Session: Class initialized using 'CodeIgniter\Session\Handlers\FileHandler' driver.
INFO - 2024-01-29 19:52:36 --> Session: Class initialized using 'CodeIgniter\Session\Handlers\FileHandler' driver.
CRITICAL - 2024-01-29 19:52:38 --> There is no data to update.
in SYSTEMPATH\BaseModel.php on line 1749.
 1 SYSTEMPATH\BaseModel.php(1749): CodeIgniter\Database\Exceptions\DataException::forEmptyDataset('update')
 2 SYSTEMPATH\BaseModel.php(916): CodeIgniter\BaseModel->transformDataToArray([], 'update')
 3 SYSTEMPATH\Model.php(776): CodeIgniter\BaseModel->update([...], Object(App\Entities\EntityNotas))
 4 SYSTEMPATH\BaseModel.php(696): CodeIgniter\Model->update('19576', Object(App\Entities\EntityNotas))
 5 APPPATH\Controllers\Notas\ApiNotas.php(123): CodeIgniter\BaseModel->save(Object(App\Entities\EntityNotas))
 6 SYSTEMPATH\CodeIgniter.php(942): App\Controllers\Notas\ApiNotas->update('19576')
 7 SYSTEMPATH\CodeIgniter.php(502): CodeIgniter\CodeIgniter->runController(Object(App\Controllers\Notas\ApiNotas))
 8 SYSTEMPATH\CodeIgniter.php(361): CodeIgniter\CodeIgniter->handleRequest(null, Object(Config\Cache), false)
 9 FCPATH\index.php(79): CodeIgniter\CodeIgniter->run()
10 SYSTEMPATH\Commands\Server\rewrite.php(47): require_once('C:\\Proyectos\\NotasRapidasOnLine\\public\\index.php')
INFO - 2024-01-29 19:54:52 --> Session: Class initialized using 'CodeIgniter\Session\Handlers\FileHandler' driver.
CRITICAL - 2024-01-29 19:57:54 --> There is no data to update.
in SYSTEMPATH\BaseModel.php on line 1749.
 1 SYSTEMPATH\BaseModel.php(1749): CodeIgniter\Database\Exceptions\DataException::forEmptyDataset('update')
 2 SYSTEMPATH\BaseModel.php(916): CodeIgniter\BaseModel->transformDataToArray([], 'update')
 3 SYSTEMPATH\Model.php(776): CodeIgniter\BaseModel->update([...], Object(App\Entities\EntityNotas))
 4 SYSTEMPATH\BaseModel.php(696): CodeIgniter\Model->update('19576', Object(App\Entities\EntityNotas))
 5 APPPATH\Controllers\Notas\ApiNotas.php(123): CodeIgniter\BaseModel->save(Object(App\Entities\EntityNotas))
 6 SYSTEMPATH\CodeIgniter.php(942): App\Controllers\Notas\ApiNotas->update('19576')
 7 SYSTEMPATH\CodeIgniter.php(502): CodeIgniter\CodeIgniter->runController(Object(App\Controllers\Notas\ApiNotas))
 8 SYSTEMPATH\CodeIgniter.php(361): CodeIgniter\CodeIgniter->handleRequest(null, Object(Config\Cache), false)
 9 FCPATH\index.php(79): CodeIgniter\CodeIgniter->run()
10 SYSTEMPATH\Commands\Server\rewrite.php(47): require_once('C:\\Proyectos\\NotasRapidasOnLine\\public\\index.php')
INFO - 2024-01-29 19:58:42 --> Session: Class initialized using 'CodeIgniter\Session\Handlers\FileHandler' driver.
CRITICAL - 2024-01-29 20:11:06 --> There is no data to update.
in SYSTEMPATH\BaseModel.php on line 1749.
 1 SYSTEMPATH\BaseModel.php(1749): CodeIgniter\Database\Exceptions\DataException::forEmptyDataset('update')
 2 SYSTEMPATH\BaseModel.php(916): CodeIgniter\BaseModel->transformDataToArray([], 'update')
 3 SYSTEMPATH\Model.php(776): CodeIgniter\BaseModel->update([...], Object(App\Entities\EntityNotas))
 4 SYSTEMPATH\BaseModel.php(696): CodeIgniter\Model->update('19576', Object(App\Entities\EntityNotas))
 5 APPPATH\Controllers\Notas\ApiNotas.php(123): CodeIgniter\BaseModel->save(Object(App\Entities\EntityNotas))
 6 SYSTEMPATH\CodeIgniter.php(942): App\Controllers\Notas\ApiNotas->update('19576')
 7 SYSTEMPATH\CodeIgniter.php(502): CodeIgniter\CodeIgniter->runController(Object(App\Controllers\Notas\ApiNotas))
 8 SYSTEMPATH\CodeIgniter.php(361): CodeIgniter\CodeIgniter->handleRequest(null, Object(Config\Cache), false)
 9 FCPATH\index.php(79): CodeIgniter\CodeIgniter->run()
10 SYSTEMPATH\Commands\Server\rewrite.php(47): require_once('C:\\Proyectos\\NotasRapidasOnLine\\public\\index.php')
INFO - 2024-01-29 20:14:36 --> Session: Class initialized using 'CodeIgniter\Session\Handlers\FileHandler' driver.
CRITICAL - 2024-01-29 20:14:45 --> There is no data to update.
in SYSTEMPATH\BaseModel.php on line 1749.
 1 SYSTEMPATH\BaseModel.php(1749): CodeIgniter\Database\Exceptions\DataException::forEmptyDataset('update')
 2 SYSTEMPATH\BaseModel.php(916): CodeIgniter\BaseModel->transformDataToArray([], 'update')
 3 SYSTEMPATH\Model.php(776): CodeIgniter\BaseModel->update([...], Object(App\Entities\EntityNotas))
 4 SYSTEMPATH\BaseModel.php(696): CodeIgniter\Model->update('19576', Object(App\Entities\EntityNotas))
 5 APPPATH\Controllers\Notas\ApiNotas.php(123): CodeIgniter\BaseModel->save(Object(App\Entities\EntityNotas))
 6 SYSTEMPATH\CodeIgniter.php(942): App\Controllers\Notas\ApiNotas->update('19576')
 7 SYSTEMPATH\CodeIgniter.php(502): CodeIgniter\CodeIgniter->runController(Object(App\Controllers\Notas\ApiNotas))
 8 SYSTEMPATH\CodeIgniter.php(361): CodeIgniter\CodeIgniter->handleRequest(null, Object(Config\Cache), false)
 9 FCPATH\index.php(79): CodeIgniter\CodeIgniter->run()
10 SYSTEMPATH\Commands\Server\rewrite.php(47): require_once('C:\\Proyectos\\NotasRapidasOnLine\\public\\index.php')
INFO - 2024-01-29 20:16:25 --> Session: Class initialized using 'CodeIgniter\Session\Handlers\FileHandler' driver.
INFO - 2024-01-29 20:16:51 --> Session: Class initialized using 'CodeIgniter\Session\Handlers\FileHandler' driver.
CRITICAL - 2024-01-29 20:16:52 --> There is no data to update.
in SYSTEMPATH\BaseModel.php on line 1749.
 1 SYSTEMPATH\BaseModel.php(1749): CodeIgniter\Database\Exceptions\DataException::forEmptyDataset('update')
 2 SYSTEMPATH\BaseModel.php(916): CodeIgniter\BaseModel->transformDataToArray([], 'update')
 3 SYSTEMPATH\Model.php(776): CodeIgniter\BaseModel->update([...], Object(App\Entities\EntityNotas))
 4 SYSTEMPATH\BaseModel.php(696): CodeIgniter\Model->update('19576', Object(App\Entities\EntityNotas))
 5 APPPATH\Controllers\Notas\ApiNotas.php(123): CodeIgniter\BaseModel->save(Object(App\Entities\EntityNotas))
 6 SYSTEMPATH\CodeIgniter.php(942): App\Controllers\Notas\ApiNotas->update('19576')
 7 SYSTEMPATH\CodeIgniter.php(502): CodeIgniter\CodeIgniter->runController(Object(App\Controllers\Notas\ApiNotas))
 8 SYSTEMPATH\CodeIgniter.php(361): CodeIgniter\CodeIgniter->handleRequest(null, Object(Config\Cache), false)
 9 FCPATH\index.php(79): CodeIgniter\CodeIgniter->run()
10 SYSTEMPATH\Commands\Server\rewrite.php(47): require_once('C:\\Proyectos\\NotasRapidasOnLine\\public\\index.php')
INFO - 2024-01-29 21:08:35 --> Session: Class initialized using 'CodeIgniter\Session\Handlers\FileHandler' driver.
INFO - 2024-01-29 21:09:31 --> Session: Class initialized using 'CodeIgniter\Session\Handlers\FileHandler' driver.
INFO - 2024-01-29 21:10:29 --> Session: Class initialized using 'CodeIgniter\Session\Handlers\FileHandler' driver.
INFO - 2024-01-29 21:13:19 --> Session: Class initialized using 'CodeIgniter\Session\Handlers\FileHandler' driver.
INFO - 2024-01-29 21:14:21 --> Session: Class initialized using 'CodeIgniter\Session\Handlers\FileHandler' driver.
INFO - 2024-01-29 21:14:31 --> Session: Class initialized using 'CodeIgniter\Session\Handlers\FileHandler' driver.
ERROR - 2024-01-29 21:14:32 --> mysqli_sql_exception: Invalid JSON text: "Missing a name for object member." at position 1 in value for column 'notas.contenido'. in C:\Proyectos\NotasRapidasOnLine\vendor\codeigniter4\framework\system\Database\MySQLi\Connection.php:306
Stack trace:
#0 C:\Proyectos\NotasRapidasOnLine\vendor\codeigniter4\framework\system\Database\MySQLi\Connection.php(306): mysqli->query('UPDATE `notas` ...', 0)
#1 C:\Proyectos\NotasRapidasOnLine\vendor\codeigniter4\framework\system\Database\BaseConnection.php(693): CodeIgniter\Database\MySQLi\Connection->execute('UPDATE `notas` ...')
#2 C:\Proyectos\NotasRapidasOnLine\vendor\codeigniter4\framework\system\Database\BaseConnection.php(607): CodeIgniter\Database\BaseConnection->simpleQuery('UPDATE `notas` ...')
#3 C:\Proyectos\NotasRapidasOnLine\vendor\codeigniter4\framework\system\Database\BaseBuilder.php(2475): CodeIgniter\Database\BaseConnection->query('UPDATE `notas` ...', Array, false)
#4 C:\Proyectos\NotasRapidasOnLine\vendor\codeigniter4\framework\system\Model.php(385): CodeIgniter\Database\BaseBuilder->update()
#5 C:\Proyectos\NotasRapidasOnLine\vendor\codeigniter4\framework\system\BaseModel.php(949): CodeIgniter\Model->doUpdate(Array, Array)
#6 C:\Proyectos\NotasRapidasOnLine\vendor\codeigniter4\framework\system\Model.php(776): CodeIgniter\BaseModel->update(Array, Array)
#7 C:\Proyectos\NotasRapidasOnLine\vendor\codeigniter4\framework\system\BaseModel.php(696): CodeIgniter\Model->update('19576', Object(App\Entities\EntityNotas))
#8 C:\Proyectos\NotasRapidasOnLine\app\Controllers\Notas\ApiNotas.php(142): CodeIgniter\BaseModel->save(Object(App\Entities\EntityNotas))
#9 C:\Proyectos\NotasRapidasOnLine\vendor\codeigniter4\framework\system\CodeIgniter.php(942): App\Controllers\Notas\ApiNotas->update('19576')
#10 C:\Proyectos\NotasRapidasOnLine\vendor\codeigniter4\framework\system\CodeIgniter.php(502): CodeIgniter\CodeIgniter->runController(Object(App\Controllers\Notas\ApiNotas))
#11 C:\Proyectos\NotasRapidasOnLine\vendor\codeigniter4\framework\system\CodeIgniter.php(361): CodeIgniter\CodeIgniter->handleRequest(NULL, Object(Config\Cache), false)
#12 C:\Proyectos\NotasRapidasOnLine\public\index.php(79): CodeIgniter\CodeIgniter->run()
#13 C:\Proyectos\NotasRapidasOnLine\vendor\codeigniter4\framework\system\Commands\Server\rewrite.php(47): require_once('C:\\Proyectos\\No...')
#14 {main}
CRITICAL - 2024-01-29 21:14:32 --> Invalid JSON text: "Missing a name for object member." at position 1 in value for column 'notas.contenido'.
in SYSTEMPATH\Database\BaseConnection.php on line 647.
 1 SYSTEMPATH\Database\BaseBuilder.php(2475): CodeIgniter\Database\BaseConnection->query('UPDATE `notas` SET `titulo` = :titulo:, `contenido` = :contenido:, `id` = :id:, `updated_at` = :updated_at:
WHERE `notas`.`id` IN :notas.id:', [...], false)
 2 SYSTEMPATH\Model.php(385): CodeIgniter\Database\BaseBuilder->update()
 3 SYSTEMPATH\BaseModel.php(949): CodeIgniter\Model->doUpdate([...], [...])
 4 SYSTEMPATH\Model.php(776): CodeIgniter\BaseModel->update([...], [...])
 5 SYSTEMPATH\BaseModel.php(696): CodeIgniter\Model->update('19576', Object(App\Entities\EntityNotas))
 6 APPPATH\Controllers\Notas\ApiNotas.php(142): CodeIgniter\BaseModel->save(Object(App\Entities\EntityNotas))
 7 SYSTEMPATH\CodeIgniter.php(942): App\Controllers\Notas\ApiNotas->update('19576')
 8 SYSTEMPATH\CodeIgniter.php(502): CodeIgniter\CodeIgniter->runController(Object(App\Controllers\Notas\ApiNotas))
 9 SYSTEMPATH\CodeIgniter.php(361): CodeIgniter\CodeIgniter->handleRequest(null, Object(Config\Cache), false)
10 FCPATH\index.php(79): CodeIgniter\CodeIgniter->run()
11 SYSTEMPATH\Commands\Server\rewrite.php(47): require_once('C:\\Proyectos\\NotasRapidasOnLine\\public\\index.php')
INFO - 2024-01-29 21:14:57 --> Session: Class initialized using 'CodeIgniter\Session\Handlers\FileHandler' driver.
ERROR - 2024-01-29 21:14:58 --> mysqli_sql_exception: Invalid JSON text: "Missing a name for object member." at position 1 in value for column 'notas.contenido'. in C:\Proyectos\NotasRapidasOnLine\vendor\codeigniter4\framework\system\Database\MySQLi\Connection.php:306
Stack trace:
#0 C:\Proyectos\NotasRapidasOnLine\vendor\codeigniter4\framework\system\Database\MySQLi\Connection.php(306): mysqli->query('UPDATE `notas` ...', 0)
#1 C:\Proyectos\NotasRapidasOnLine\vendor\codeigniter4\framework\system\Database\BaseConnection.php(693): CodeIgniter\Database\MySQLi\Connection->execute('UPDATE `notas` ...')
#2 C:\Proyectos\NotasRapidasOnLine\vendor\codeigniter4\framework\system\Database\BaseConnection.php(607): CodeIgniter\Database\BaseConnection->simpleQuery('UPDATE `notas` ...')
#3 C:\Proyectos\NotasRapidasOnLine\vendor\codeigniter4\framework\system\Database\BaseBuilder.php(2475): CodeIgniter\Database\BaseConnection->query('UPDATE `notas` ...', Array, false)
#4 C:\Proyectos\NotasRapidasOnLine\vendor\codeigniter4\framework\system\Model.php(385): CodeIgniter\Database\BaseBuilder->update()
#5 C:\Proyectos\NotasRapidasOnLine\vendor\codeigniter4\framework\system\BaseModel.php(949): CodeIgniter\Model->doUpdate(Array, Array)
#6 C:\Proyectos\NotasRapidasOnLine\vendor\codeigniter4\framework\system\Model.php(776): CodeIgniter\BaseModel->update(Array, Array)
#7 C:\Proyectos\NotasRapidasOnLine\vendor\codeigniter4\framework\system\BaseModel.php(696): CodeIgniter\Model->update('19576', Object(App\Entities\EntityNotas))
#8 C:\Proyectos\NotasRapidasOnLine\app\Controllers\Notas\ApiNotas.php(142): CodeIgniter\BaseModel->save(Object(App\Entities\EntityNotas))
#9 C:\Proyectos\NotasRapidasOnLine\vendor\codeigniter4\framework\system\CodeIgniter.php(942): App\Controllers\Notas\ApiNotas->update('19576')
#10 C:\Proyectos\NotasRapidasOnLine\vendor\codeigniter4\framework\system\CodeIgniter.php(502): CodeIgniter\CodeIgniter->runController(Object(App\Controllers\Notas\ApiNotas))
#11 C:\Proyectos\NotasRapidasOnLine\vendor\codeigniter4\framework\system\CodeIgniter.php(361): CodeIgniter\CodeIgniter->handleRequest(NULL, Object(Config\Cache), false)
#12 C:\Proyectos\NotasRapidasOnLine\public\index.php(79): CodeIgniter\CodeIgniter->run()
#13 C:\Proyectos\NotasRapidasOnLine\vendor\codeigniter4\framework\system\Commands\Server\rewrite.php(47): require_once('C:\\Proyectos\\No...')
#14 {main}
CRITICAL - 2024-01-29 21:14:58 --> Invalid JSON text: "Missing a name for object member." at position 1 in value for column 'notas.contenido'.
in SYSTEMPATH\Database\BaseConnection.php on line 647.
 1 SYSTEMPATH\Database\BaseBuilder.php(2475): CodeIgniter\Database\BaseConnection->query('UPDATE `notas` SET `titulo` = :titulo:, `contenido` = :contenido:, `id` = :id:, `updated_at` = :updated_at:
WHERE `notas`.`id` IN :notas.id:', [...], false)
 2 SYSTEMPATH\Model.php(385): CodeIgniter\Database\BaseBuilder->update()
 3 SYSTEMPATH\BaseModel.php(949): CodeIgniter\Model->doUpdate([...], [...])
 4 SYSTEMPATH\Model.php(776): CodeIgniter\BaseModel->update([...], [...])
 5 SYSTEMPATH\BaseModel.php(696): CodeIgniter\Model->update('19576', Object(App\Entities\EntityNotas))
 6 APPPATH\Controllers\Notas\ApiNotas.php(142): CodeIgniter\BaseModel->save(Object(App\Entities\EntityNotas))
 7 SYSTEMPATH\CodeIgniter.php(942): App\Controllers\Notas\ApiNotas->update('19576')
 8 SYSTEMPATH\CodeIgniter.php(502): CodeIgniter\CodeIgniter->runController(Object(App\Controllers\Notas\ApiNotas))
 9 SYSTEMPATH\CodeIgniter.php(361): CodeIgniter\CodeIgniter->handleRequest(null, Object(Config\Cache), false)
10 FCPATH\index.php(79): CodeIgniter\CodeIgniter->run()
11 SYSTEMPATH\Commands\Server\rewrite.php(47): require_once('C:\\Proyectos\\NotasRapidasOnLine\\public\\index.php')
INFO - 2024-01-29 21:15:23 --> Session: Class initialized using 'CodeIgniter\Session\Handlers\FileHandler' driver.
ERROR - 2024-01-29 21:15:23 --> mysqli_sql_exception: Invalid JSON text: "Missing a name for object member." at position 1 in value for column 'notas.contenido'. in C:\Proyectos\NotasRapidasOnLine\vendor\codeigniter4\framework\system\Database\MySQLi\Connection.php:306
Stack trace:
#0 C:\Proyectos\NotasRapidasOnLine\vendor\codeigniter4\framework\system\Database\MySQLi\Connection.php(306): mysqli->query('UPDATE `notas` ...', 0)
#1 C:\Proyectos\NotasRapidasOnLine\vendor\codeigniter4\framework\system\Database\BaseConnection.php(693): CodeIgniter\Database\MySQLi\Connection->execute('UPDATE `notas` ...')
#2 C:\Proyectos\NotasRapidasOnLine\vendor\codeigniter4\framework\system\Database\BaseConnection.php(607): CodeIgniter\Database\BaseConnection->simpleQuery('UPDATE `notas` ...')
#3 C:\Proyectos\NotasRapidasOnLine\vendor\codeigniter4\framework\system\Database\BaseBuilder.php(2475): CodeIgniter\Database\BaseConnection->query('UPDATE `notas` ...', Array, false)
#4 C:\Proyectos\NotasRapidasOnLine\vendor\codeigniter4\framework\system\Model.php(385): CodeIgniter\Database\BaseBuilder->update()
#5 C:\Proyectos\NotasRapidasOnLine\vendor\codeigniter4\framework\system\BaseModel.php(949): CodeIgniter\Model->doUpdate(Array, Array)
#6 C:\Proyectos\NotasRapidasOnLine\vendor\codeigniter4\framework\system\Model.php(776): CodeIgniter\BaseModel->update(Array, Array)
#7 C:\Proyectos\NotasRapidasOnLine\vendor\codeigniter4\framework\system\BaseModel.php(696): CodeIgniter\Model->update('19576', Object(App\Entities\EntityNotas))
#8 C:\Proyectos\NotasRapidasOnLine\app\Controllers\Notas\ApiNotas.php(142): CodeIgniter\BaseModel->save(Object(App\Entities\EntityNotas))
#9 C:\Proyectos\NotasRapidasOnLine\vendor\codeigniter4\framework\system\CodeIgniter.php(942): App\Controllers\Notas\ApiNotas->update('19576')
#10 C:\Proyectos\NotasRapidasOnLine\vendor\codeigniter4\framework\system\CodeIgniter.php(502): CodeIgniter\CodeIgniter->runController(Object(App\Controllers\Notas\ApiNotas))
#11 C:\Proyectos\NotasRapidasOnLine\vendor\codeigniter4\framework\system\CodeIgniter.php(361): CodeIgniter\CodeIgniter->handleRequest(NULL, Object(Config\Cache), false)
#12 C:\Proyectos\NotasRapidasOnLine\public\index.php(79): CodeIgniter\CodeIgniter->run()
#13 C:\Proyectos\NotasRapidasOnLine\vendor\codeigniter4\framework\system\Commands\Server\rewrite.php(47): require_once('C:\\Proyectos\\No...')
#14 {main}
CRITICAL - 2024-01-29 21:15:23 --> Invalid JSON text: "Missing a name for object member." at position 1 in value for column 'notas.contenido'.
in SYSTEMPATH\Database\BaseConnection.php on line 647.
 1 SYSTEMPATH\Database\BaseBuilder.php(2475): CodeIgniter\Database\BaseConnection->query('UPDATE `notas` SET `titulo` = :titulo:, `contenido` = :contenido:, `id` = :id:, `updated_at` = :updated_at:
WHERE `notas`.`id` IN :notas.id:', [...], false)
 2 SYSTEMPATH\Model.php(385): CodeIgniter\Database\BaseBuilder->update()
 3 SYSTEMPATH\BaseModel.php(949): CodeIgniter\Model->doUpdate([...], [...])
 4 SYSTEMPATH\Model.php(776): CodeIgniter\BaseModel->update([...], [...])
 5 SYSTEMPATH\BaseModel.php(696): CodeIgniter\Model->update('19576', Object(App\Entities\EntityNotas))
 6 APPPATH\Controllers\Notas\ApiNotas.php(142): CodeIgniter\BaseModel->save(Object(App\Entities\EntityNotas))
 7 SYSTEMPATH\CodeIgniter.php(942): App\Controllers\Notas\ApiNotas->update('19576')
 8 SYSTEMPATH\CodeIgniter.php(502): CodeIgniter\CodeIgniter->runController(Object(App\Controllers\Notas\ApiNotas))
 9 SYSTEMPATH\CodeIgniter.php(361): CodeIgniter\CodeIgniter->handleRequest(null, Object(Config\Cache), false)
10 FCPATH\index.php(79): CodeIgniter\CodeIgniter->run()
11 SYSTEMPATH\Commands\Server\rewrite.php(47): require_once('C:\\Proyectos\\NotasRapidasOnLine\\public\\index.php')
INFO - 2024-01-29 21:15:39 --> Session: Class initialized using 'CodeIgniter\Session\Handlers\FileHandler' driver.
ERROR - 2024-01-29 21:15:39 --> mysqli_sql_exception: Invalid JSON text: "Missing a name for object member." at position 1 in value for column 'notas.contenido'. in C:\Proyectos\NotasRapidasOnLine\vendor\codeigniter4\framework\system\Database\MySQLi\Connection.php:306
Stack trace:
#0 C:\Proyectos\NotasRapidasOnLine\vendor\codeigniter4\framework\system\Database\MySQLi\Connection.php(306): mysqli->query('UPDATE `notas` ...', 0)
#1 C:\Proyectos\NotasRapidasOnLine\vendor\codeigniter4\framework\system\Database\BaseConnection.php(693): CodeIgniter\Database\MySQLi\Connection->execute('UPDATE `notas` ...')
#2 C:\Proyectos\NotasRapidasOnLine\vendor\codeigniter4\framework\system\Database\BaseConnection.php(607): CodeIgniter\Database\BaseConnection->simpleQuery('UPDATE `notas` ...')
#3 C:\Proyectos\NotasRapidasOnLine\vendor\codeigniter4\framework\system\Database\BaseBuilder.php(2475): CodeIgniter\Database\BaseConnection->query('UPDATE `notas` ...', Array, false)
#4 C:\Proyectos\NotasRapidasOnLine\vendor\codeigniter4\framework\system\Model.php(385): CodeIgniter\Database\BaseBuilder->update()
#5 C:\Proyectos\NotasRapidasOnLine\vendor\codeigniter4\framework\system\BaseModel.php(949): CodeIgniter\Model->doUpdate(Array, Array)
#6 C:\Proyectos\NotasRapidasOnLine\vendor\codeigniter4\framework\system\Model.php(776): CodeIgniter\BaseModel->update(Array, Array)
#7 C:\Proyectos\NotasRapidasOnLine\vendor\codeigniter4\framework\system\BaseModel.php(696): CodeIgniter\Model->update('19576', Object(App\Entities\EntityNotas))
#8 C:\Proyectos\NotasRapidasOnLine\app\Controllers\Notas\ApiNotas.php(142): CodeIgniter\BaseModel->save(Object(App\Entities\EntityNotas))
#9 C:\Proyectos\NotasRapidasOnLine\vendor\codeigniter4\framework\system\CodeIgniter.php(942): App\Controllers\Notas\ApiNotas->update('19576')
#10 C:\Proyectos\NotasRapidasOnLine\vendor\codeigniter4\framework\system\CodeIgniter.php(502): CodeIgniter\CodeIgniter->runController(Object(App\Controllers\Notas\ApiNotas))
#11 C:\Proyectos\NotasRapidasOnLine\vendor\codeigniter4\framework\system\CodeIgniter.php(361): CodeIgniter\CodeIgniter->handleRequest(NULL, Object(Config\Cache), false)
#12 C:\Proyectos\NotasRapidasOnLine\public\index.php(79): CodeIgniter\CodeIgniter->run()
#13 C:\Proyectos\NotasRapidasOnLine\vendor\codeigniter4\framework\system\Commands\Server\rewrite.php(47): require_once('C:\\Proyectos\\No...')
#14 {main}
CRITICAL - 2024-01-29 21:15:39 --> Invalid JSON text: "Missing a name for object member." at position 1 in value for column 'notas.contenido'.
in SYSTEMPATH\Database\BaseConnection.php on line 647.
 1 SYSTEMPATH\Database\BaseBuilder.php(2475): CodeIgniter\Database\BaseConnection->query('UPDATE `notas` SET `titulo` = :titulo:, `contenido` = :contenido:, `id` = :id:, `updated_at` = :updated_at:
WHERE `notas`.`id` IN :notas.id:', [...], false)
 2 SYSTEMPATH\Model.php(385): CodeIgniter\Database\BaseBuilder->update()
 3 SYSTEMPATH\BaseModel.php(949): CodeIgniter\Model->doUpdate([...], [...])
 4 SYSTEMPATH\Model.php(776): CodeIgniter\BaseModel->update([...], [...])
 5 SYSTEMPATH\BaseModel.php(696): CodeIgniter\Model->update('19576', Object(App\Entities\EntityNotas))
 6 APPPATH\Controllers\Notas\ApiNotas.php(142): CodeIgniter\BaseModel->save(Object(App\Entities\EntityNotas))
 7 SYSTEMPATH\CodeIgniter.php(942): App\Controllers\Notas\ApiNotas->update('19576')
 8 SYSTEMPATH\CodeIgniter.php(502): CodeIgniter\CodeIgniter->runController(Object(App\Controllers\Notas\ApiNotas))
 9 SYSTEMPATH\CodeIgniter.php(361): CodeIgniter\CodeIgniter->handleRequest(null, Object(Config\Cache), false)
10 FCPATH\index.php(79): CodeIgniter\CodeIgniter->run()
11 SYSTEMPATH\Commands\Server\rewrite.php(47): require_once('C:\\Proyectos\\NotasRapidasOnLine\\public\\index.php')
INFO - 2024-01-29 21:16:36 --> Session: Class initialized using 'CodeIgniter\Session\Handlers\FileHandler' driver.
ERROR - 2024-01-29 21:16:37 --> mysqli_sql_exception: Invalid JSON text: "Missing a name for object member." at position 1 in value for column 'notas.contenido'. in C:\Proyectos\NotasRapidasOnLine\vendor\codeigniter4\framework\system\Database\MySQLi\Connection.php:306
Stack trace:
#0 C:\Proyectos\NotasRapidasOnLine\vendor\codeigniter4\framework\system\Database\MySQLi\Connection.php(306): mysqli->query('UPDATE `notas` ...', 0)
#1 C:\Proyectos\NotasRapidasOnLine\vendor\codeigniter4\framework\system\Database\BaseConnection.php(693): CodeIgniter\Database\MySQLi\Connection->execute('UPDATE `notas` ...')
#2 C:\Proyectos\NotasRapidasOnLine\vendor\codeigniter4\framework\system\Database\BaseConnection.php(607): CodeIgniter\Database\BaseConnection->simpleQuery('UPDATE `notas` ...')
#3 C:\Proyectos\NotasRapidasOnLine\vendor\codeigniter4\framework\system\Database\BaseBuilder.php(2475): CodeIgniter\Database\BaseConnection->query('UPDATE `notas` ...', Array, false)
#4 C:\Proyectos\NotasRapidasOnLine\vendor\codeigniter4\framework\system\Model.php(385): CodeIgniter\Database\BaseBuilder->update()
#5 C:\Proyectos\NotasRapidasOnLine\vendor\codeigniter4\framework\system\BaseModel.php(949): CodeIgniter\Model->doUpdate(Array, Array)
#6 C:\Proyectos\NotasRapidasOnLine\vendor\codeigniter4\framework\system\Model.php(776): CodeIgniter\BaseModel->update(Array, Array)
#7 C:\Proyectos\NotasRapidasOnLine\vendor\codeigniter4\framework\system\BaseModel.php(696): CodeIgniter\Model->update('19576', Object(App\Entities\EntityNotas))
#8 C:\Proyectos\NotasRapidasOnLine\app\Controllers\Notas\ApiNotas.php(142): CodeIgniter\BaseModel->save(Object(App\Entities\EntityNotas))
#9 C:\Proyectos\NotasRapidasOnLine\vendor\codeigniter4\framework\system\CodeIgniter.php(942): App\Controllers\Notas\ApiNotas->update('19576')
#10 C:\Proyectos\NotasRapidasOnLine\vendor\codeigniter4\framework\system\CodeIgniter.php(502): CodeIgniter\CodeIgniter->runController(Object(App\Controllers\Notas\ApiNotas))
#11 C:\Proyectos\NotasRapidasOnLine\vendor\codeigniter4\framework\system\CodeIgniter.php(361): CodeIgniter\CodeIgniter->handleRequest(NULL, Object(Config\Cache), false)
#12 C:\Proyectos\NotasRapidasOnLine\public\index.php(79): CodeIgniter\CodeIgniter->run()
#13 C:\Proyectos\NotasRapidasOnLine\vendor\codeigniter4\framework\system\Commands\Server\rewrite.php(47): require_once('C:\\Proyectos\\No...')
#14 {main}
CRITICAL - 2024-01-29 21:16:37 --> Invalid JSON text: "Missing a name for object member." at position 1 in value for column 'notas.contenido'.
in SYSTEMPATH\Database\BaseConnection.php on line 647.
 1 SYSTEMPATH\Database\BaseBuilder.php(2475): CodeIgniter\Database\BaseConnection->query('UPDATE `notas` SET `titulo` = :titulo:, `contenido` = :contenido:, `id` = :id:, `updated_at` = :updated_at:
WHERE `notas`.`id` IN :notas.id:', [...], false)
 2 SYSTEMPATH\Model.php(385): CodeIgniter\Database\BaseBuilder->update()
 3 SYSTEMPATH\BaseModel.php(949): CodeIgniter\Model->doUpdate([...], [...])
 4 SYSTEMPATH\Model.php(776): CodeIgniter\BaseModel->update([...], [...])
 5 SYSTEMPATH\BaseModel.php(696): CodeIgniter\Model->update('19576', Object(App\Entities\EntityNotas))
 6 APPPATH\Controllers\Notas\ApiNotas.php(142): CodeIgniter\BaseModel->save(Object(App\Entities\EntityNotas))
 7 SYSTEMPATH\CodeIgniter.php(942): App\Controllers\Notas\ApiNotas->update('19576')
 8 SYSTEMPATH\CodeIgniter.php(502): CodeIgniter\CodeIgniter->runController(Object(App\Controllers\Notas\ApiNotas))
 9 SYSTEMPATH\CodeIgniter.php(361): CodeIgniter\CodeIgniter->handleRequest(null, Object(Config\Cache), false)
10 FCPATH\index.php(79): CodeIgniter\CodeIgniter->run()
11 SYSTEMPATH\Commands\Server\rewrite.php(47): require_once('C:\\Proyectos\\NotasRapidasOnLine\\public\\index.php')
INFO - 2024-01-29 21:17:51 --> Session: Class initialized using 'CodeIgniter\Session\Handlers\FileHandler' driver.
ERROR - 2024-01-29 21:18:13 --> mysqli_sql_exception: Invalid JSON text: "Missing a name for object member." at position 1 in value for column 'notas.contenido'. in C:\Proyectos\NotasRapidasOnLine\vendor\codeigniter4\framework\system\Database\MySQLi\Connection.php:306
Stack trace:
#0 C:\Proyectos\NotasRapidasOnLine\vendor\codeigniter4\framework\system\Database\MySQLi\Connection.php(306): mysqli->query('UPDATE `notas` ...', 0)
#1 C:\Proyectos\NotasRapidasOnLine\vendor\codeigniter4\framework\system\Database\BaseConnection.php(693): CodeIgniter\Database\MySQLi\Connection->execute('UPDATE `notas` ...')
#2 C:\Proyectos\NotasRapidasOnLine\vendor\codeigniter4\framework\system\Database\BaseConnection.php(607): CodeIgniter\Database\BaseConnection->simpleQuery('UPDATE `notas` ...')
#3 C:\Proyectos\NotasRapidasOnLine\vendor\codeigniter4\framework\system\Database\BaseBuilder.php(2475): CodeIgniter\Database\BaseConnection->query('UPDATE `notas` ...', Array, false)
#4 C:\Proyectos\NotasRapidasOnLine\vendor\codeigniter4\framework\system\Model.php(385): CodeIgniter\Database\BaseBuilder->update()
#5 C:\Proyectos\NotasRapidasOnLine\vendor\codeigniter4\framework\system\BaseModel.php(949): CodeIgniter\Model->doUpdate(Array, Array)
#6 C:\Proyectos\NotasRapidasOnLine\vendor\codeigniter4\framework\system\Model.php(776): CodeIgniter\BaseModel->update(Array, Array)
#7 C:\Proyectos\NotasRapidasOnLine\vendor\codeigniter4\framework\system\BaseModel.php(696): CodeIgniter\Model->update('19576', Object(App\Entities\EntityNotas))
#8 C:\Proyectos\NotasRapidasOnLine\app\Controllers\Notas\ApiNotas.php(142): CodeIgniter\BaseModel->save(Object(App\Entities\EntityNotas))
#9 C:\Proyectos\NotasRapidasOnLine\vendor\codeigniter4\framework\system\CodeIgniter.php(942): App\Controllers\Notas\ApiNotas->update('19576')
#10 C:\Proyectos\NotasRapidasOnLine\vendor\codeigniter4\framework\system\CodeIgniter.php(502): CodeIgniter\CodeIgniter->runController(Object(App\Controllers\Notas\ApiNotas))
#11 C:\Proyectos\NotasRapidasOnLine\vendor\codeigniter4\framework\system\CodeIgniter.php(361): CodeIgniter\CodeIgniter->handleRequest(NULL, Object(Config\Cache), false)
#12 C:\Proyectos\NotasRapidasOnLine\public\index.php(79): CodeIgniter\CodeIgniter->run()
#13 C:\Proyectos\NotasRapidasOnLine\vendor\codeigniter4\framework\system\Commands\Server\rewrite.php(47): require_once('C:\\Proyectos\\No...')
#14 {main}
CRITICAL - 2024-01-29 21:18:26 --> Invalid JSON text: "Missing a name for object member." at position 1 in value for column 'notas.contenido'.
in SYSTEMPATH\Database\BaseConnection.php on line 647.
 1 SYSTEMPATH\Database\BaseBuilder.php(2475): CodeIgniter\Database\BaseConnection->query('UPDATE `notas` SET `titulo` = :titulo:, `contenido` = :contenido:, `id` = :id:, `updated_at` = :updated_at:
WHERE `notas`.`id` IN :notas.id:', [...], false)
 2 SYSTEMPATH\Model.php(385): CodeIgniter\Database\BaseBuilder->update()
 3 SYSTEMPATH\BaseModel.php(949): CodeIgniter\Model->doUpdate([...], [...])
 4 SYSTEMPATH\Model.php(776): CodeIgniter\BaseModel->update([...], [...])
 5 SYSTEMPATH\BaseModel.php(696): CodeIgniter\Model->update('19576', Object(App\Entities\EntityNotas))
 6 APPPATH\Controllers\Notas\ApiNotas.php(142): CodeIgniter\BaseModel->save(Object(App\Entities\EntityNotas))
 7 SYSTEMPATH\CodeIgniter.php(942): App\Controllers\Notas\ApiNotas->update('19576')
 8 SYSTEMPATH\CodeIgniter.php(502): CodeIgniter\CodeIgniter->runController(Object(App\Controllers\Notas\ApiNotas))
 9 SYSTEMPATH\CodeIgniter.php(361): CodeIgniter\CodeIgniter->handleRequest(null, Object(Config\Cache), false)
10 FCPATH\index.php(79): CodeIgniter\CodeIgniter->run()
11 SYSTEMPATH\Commands\Server\rewrite.php(47): require_once('C:\\Proyectos\\NotasRapidasOnLine\\public\\index.php')
INFO - 2024-01-29 21:20:07 --> Session: Class initialized using 'CodeIgniter\Session\Handlers\FileHandler' driver.
INFO - 2024-01-29 21:20:46 --> Session: Class initialized using 'CodeIgniter\Session\Handlers\FileHandler' driver.
ERROR - 2024-01-29 21:21:40 --> mysqli_sql_exception: Invalid JSON text: "Missing a name for object member." at position 1 in value for column 'notas.contenido'. in C:\Proyectos\NotasRapidasOnLine\vendor\codeigniter4\framework\system\Database\MySQLi\Connection.php:306
Stack trace:
#0 C:\Proyectos\NotasRapidasOnLine\vendor\codeigniter4\framework\system\Database\MySQLi\Connection.php(306): mysqli->query('UPDATE `notas` ...', 0)
#1 C:\Proyectos\NotasRapidasOnLine\vendor\codeigniter4\framework\system\Database\BaseConnection.php(693): CodeIgniter\Database\MySQLi\Connection->execute('UPDATE `notas` ...')
#2 C:\Proyectos\NotasRapidasOnLine\vendor\codeigniter4\framework\system\Database\BaseConnection.php(607): CodeIgniter\Database\BaseConnection->simpleQuery('UPDATE `notas` ...')
#3 C:\Proyectos\NotasRapidasOnLine\vendor\codeigniter4\framework\system\Database\BaseBuilder.php(2475): CodeIgniter\Database\BaseConnection->query('UPDATE `notas` ...', Array, false)
#4 C:\Proyectos\NotasRapidasOnLine\vendor\codeigniter4\framework\system\Model.php(385): CodeIgniter\Database\BaseBuilder->update()
#5 C:\Proyectos\NotasRapidasOnLine\vendor\codeigniter4\framework\system\BaseModel.php(949): CodeIgniter\Model->doUpdate(Array, Array)
#6 C:\Proyectos\NotasRapidasOnLine\vendor\codeigniter4\framework\system\Model.php(776): CodeIgniter\BaseModel->update(Array, Array)
#7 C:\Proyectos\NotasRapidasOnLine\vendor\codeigniter4\framework\system\BaseModel.php(696): CodeIgniter\Model->update('19576', Object(App\Entities\EntityNotas))
#8 C:\Proyectos\NotasRapidasOnLine\app\Controllers\Notas\ApiNotas.php(142): CodeIgniter\BaseModel->save(Object(App\Entities\EntityNotas))
#9 C:\Proyectos\NotasRapidasOnLine\vendor\codeigniter4\framework\system\CodeIgniter.php(942): App\Controllers\Notas\ApiNotas->update('19576')
#10 C:\Proyectos\NotasRapidasOnLine\vendor\codeigniter4\framework\system\CodeIgniter.php(502): CodeIgniter\CodeIgniter->runController(Object(App\Controllers\Notas\ApiNotas))
#11 C:\Proyectos\NotasRapidasOnLine\vendor\codeigniter4\framework\system\CodeIgniter.php(361): CodeIgniter\CodeIgniter->handleRequest(NULL, Object(Config\Cache), false)
#12 C:\Proyectos\NotasRapidasOnLine\public\index.php(79): CodeIgniter\CodeIgniter->run()
#13 C:\Proyectos\NotasRapidasOnLine\vendor\codeigniter4\framework\system\Commands\Server\rewrite.php(47): require_once('C:\\Proyectos\\No...')
#14 {main}
CRITICAL - 2024-01-29 21:21:47 --> Invalid JSON text: "Missing a name for object member." at position 1 in value for column 'notas.contenido'.
in SYSTEMPATH\Database\BaseConnection.php on line 647.
 1 SYSTEMPATH\Database\BaseBuilder.php(2475): CodeIgniter\Database\BaseConnection->query('UPDATE `notas` SET `titulo` = :titulo:, `contenido` = :contenido:, `id` = :id:, `updated_at` = :updated_at:
WHERE `notas`.`id` IN :notas.id:', [...], false)
 2 SYSTEMPATH\Model.php(385): CodeIgniter\Database\BaseBuilder->update()
 3 SYSTEMPATH\BaseModel.php(949): CodeIgniter\Model->doUpdate([...], [...])
 4 SYSTEMPATH\Model.php(776): CodeIgniter\BaseModel->update([...], [...])
 5 SYSTEMPATH\BaseModel.php(696): CodeIgniter\Model->update('19576', Object(App\Entities\EntityNotas))
 6 APPPATH\Controllers\Notas\ApiNotas.php(142): CodeIgniter\BaseModel->save(Object(App\Entities\EntityNotas))
 7 SYSTEMPATH\CodeIgniter.php(942): App\Controllers\Notas\ApiNotas->update('19576')
 8 SYSTEMPATH\CodeIgniter.php(502): CodeIgniter\CodeIgniter->runController(Object(App\Controllers\Notas\ApiNotas))
 9 SYSTEMPATH\CodeIgniter.php(361): CodeIgniter\CodeIgniter->handleRequest(null, Object(Config\Cache), false)
10 FCPATH\index.php(79): CodeIgniter\CodeIgniter->run()
11 SYSTEMPATH\Commands\Server\rewrite.php(47): require_once('C:\\Proyectos\\NotasRapidasOnLine\\public\\index.php')
INFO - 2024-01-29 21:24:10 --> Session: Class initialized using 'CodeIgniter\Session\Handlers\FileHandler' driver.
ERROR - 2024-01-29 21:25:12 --> mysqli_sql_exception: Invalid JSON text: "Missing a name for object member." at position 1 in value for column 'notas.contenido'. in C:\Proyectos\NotasRapidasOnLine\vendor\codeigniter4\framework\system\Database\MySQLi\Connection.php:306
Stack trace:
#0 C:\Proyectos\NotasRapidasOnLine\vendor\codeigniter4\framework\system\Database\MySQLi\Connection.php(306): mysqli->query('UPDATE `notas` ...', 0)
#1 C:\Proyectos\NotasRapidasOnLine\vendor\codeigniter4\framework\system\Database\BaseConnection.php(693): CodeIgniter\Database\MySQLi\Connection->execute('UPDATE `notas` ...')
#2 C:\Proyectos\NotasRapidasOnLine\vendor\codeigniter4\framework\system\Database\BaseConnection.php(607): CodeIgniter\Database\BaseConnection->simpleQuery('UPDATE `notas` ...')
#3 C:\Proyectos\NotasRapidasOnLine\vendor\codeigniter4\framework\system\Database\BaseBuilder.php(2475): CodeIgniter\Database\BaseConnection->query('UPDATE `notas` ...', Array, false)
#4 C:\Proyectos\NotasRapidasOnLine\vendor\codeigniter4\framework\system\Model.php(385): CodeIgniter\Database\BaseBuilder->update()
#5 C:\Proyectos\NotasRapidasOnLine\vendor\codeigniter4\framework\system\BaseModel.php(949): CodeIgniter\Model->doUpdate(Array, Array)
#6 C:\Proyectos\NotasRapidasOnLine\vendor\codeigniter4\framework\system\Model.php(776): CodeIgniter\BaseModel->update(Array, Array)
#7 C:\Proyectos\NotasRapidasOnLine\vendor\codeigniter4\framework\system\BaseModel.php(696): CodeIgniter\Model->update('19576', Object(App\Entities\EntityNotas))
#8 C:\Proyectos\NotasRapidasOnLine\app\Controllers\Notas\ApiNotas.php(142): CodeIgniter\BaseModel->save(Object(App\Entities\EntityNotas))
#9 C:\Proyectos\NotasRapidasOnLine\vendor\codeigniter4\framework\system\CodeIgniter.php(942): App\Controllers\Notas\ApiNotas->update('19576')
#10 C:\Proyectos\NotasRapidasOnLine\vendor\codeigniter4\framework\system\CodeIgniter.php(502): CodeIgniter\CodeIgniter->runController(Object(App\Controllers\Notas\ApiNotas))
#11 C:\Proyectos\NotasRapidasOnLine\vendor\codeigniter4\framework\system\CodeIgniter.php(361): CodeIgniter\CodeIgniter->handleRequest(NULL, Object(Config\Cache), false)
#12 C:\Proyectos\NotasRapidasOnLine\public\index.php(79): CodeIgniter\CodeIgniter->run()
#13 C:\Proyectos\NotasRapidasOnLine\vendor\codeigniter4\framework\system\Commands\Server\rewrite.php(47): require_once('C:\\Proyectos\\No...')
#14 {main}
CRITICAL - 2024-01-29 21:25:16 --> Invalid JSON text: "Missing a name for object member." at position 1 in value for column 'notas.contenido'.
in SYSTEMPATH\Database\BaseConnection.php on line 647.
 1 SYSTEMPATH\Database\BaseBuilder.php(2475): CodeIgniter\Database\BaseConnection->query('UPDATE `notas` SET `titulo` = :titulo:, `contenido` = :contenido:, `id` = :id:, `updated_at` = :updated_at:
WHERE `notas`.`id` IN :notas.id:', [...], false)
 2 SYSTEMPATH\Model.php(385): CodeIgniter\Database\BaseBuilder->update()
 3 SYSTEMPATH\BaseModel.php(949): CodeIgniter\Model->doUpdate([...], [...])
 4 SYSTEMPATH\Model.php(776): CodeIgniter\BaseModel->update([...], [...])
 5 SYSTEMPATH\BaseModel.php(696): CodeIgniter\Model->update('19576', Object(App\Entities\EntityNotas))
 6 APPPATH\Controllers\Notas\ApiNotas.php(142): CodeIgniter\BaseModel->save(Object(App\Entities\EntityNotas))
 7 SYSTEMPATH\CodeIgniter.php(942): App\Controllers\Notas\ApiNotas->update('19576')
 8 SYSTEMPATH\CodeIgniter.php(502): CodeIgniter\CodeIgniter->runController(Object(App\Controllers\Notas\ApiNotas))
 9 SYSTEMPATH\CodeIgniter.php(361): CodeIgniter\CodeIgniter->handleRequest(null, Object(Config\Cache), false)
10 FCPATH\index.php(79): CodeIgniter\CodeIgniter->run()
11 SYSTEMPATH\Commands\Server\rewrite.php(47): require_once('C:\\Proyectos\\NotasRapidasOnLine\\public\\index.php')
INFO - 2024-01-29 21:26:29 --> Session: Class initialized using 'CodeIgniter\Session\Handlers\FileHandler' driver.
ERROR - 2024-01-29 21:27:30 --> mysqli_sql_exception: Invalid JSON text: "Missing a name for object member." at position 1 in value for column 'notas.contenido'. in C:\Proyectos\NotasRapidasOnLine\vendor\codeigniter4\framework\system\Database\MySQLi\Connection.php:306
Stack trace:
#0 C:\Proyectos\NotasRapidasOnLine\vendor\codeigniter4\framework\system\Database\MySQLi\Connection.php(306): mysqli->query('UPDATE `notas` ...', 0)
#1 C:\Proyectos\NotasRapidasOnLine\vendor\codeigniter4\framework\system\Database\BaseConnection.php(693): CodeIgniter\Database\MySQLi\Connection->execute('UPDATE `notas` ...')
#2 C:\Proyectos\NotasRapidasOnLine\vendor\codeigniter4\framework\system\Database\BaseConnection.php(607): CodeIgniter\Database\BaseConnection->simpleQuery('UPDATE `notas` ...')
#3 C:\Proyectos\NotasRapidasOnLine\vendor\codeigniter4\framework\system\Database\BaseBuilder.php(2475): CodeIgniter\Database\BaseConnection->query('UPDATE `notas` ...', Array, false)
#4 C:\Proyectos\NotasRapidasOnLine\vendor\codeigniter4\framework\system\Model.php(385): CodeIgniter\Database\BaseBuilder->update()
#5 C:\Proyectos\NotasRapidasOnLine\vendor\codeigniter4\framework\system\BaseModel.php(949): CodeIgniter\Model->doUpdate(Array, Array)
#6 C:\Proyectos\NotasRapidasOnLine\vendor\codeigniter4\framework\system\Model.php(776): CodeIgniter\BaseModel->update(Array, Array)
#7 C:\Proyectos\NotasRapidasOnLine\vendor\codeigniter4\framework\system\BaseModel.php(696): CodeIgniter\Model->update('19576', Object(App\Entities\EntityNotas))
#8 C:\Proyectos\NotasRapidasOnLine\app\Controllers\Notas\ApiNotas.php(142): CodeIgniter\BaseModel->save(Object(App\Entities\EntityNotas))
#9 C:\Proyectos\NotasRapidasOnLine\vendor\codeigniter4\framework\system\CodeIgniter.php(942): App\Controllers\Notas\ApiNotas->update('19576')
#10 C:\Proyectos\NotasRapidasOnLine\vendor\codeigniter4\framework\system\CodeIgniter.php(502): CodeIgniter\CodeIgniter->runController(Object(App\Controllers\Notas\ApiNotas))
#11 C:\Proyectos\NotasRapidasOnLine\vendor\codeigniter4\framework\system\CodeIgniter.php(361): CodeIgniter\CodeIgniter->handleRequest(NULL, Object(Config\Cache), false)
#12 C:\Proyectos\NotasRapidasOnLine\public\index.php(79): CodeIgniter\CodeIgniter->run()
#13 C:\Proyectos\NotasRapidasOnLine\vendor\codeigniter4\framework\system\Commands\Server\rewrite.php(47): require_once('C:\\Proyectos\\No...')
#14 {main}
CRITICAL - 2024-01-29 21:27:30 --> Invalid JSON text: "Missing a name for object member." at position 1 in value for column 'notas.contenido'.
in SYSTEMPATH\Database\BaseConnection.php on line 647.
 1 SYSTEMPATH\Database\BaseBuilder.php(2475): CodeIgniter\Database\BaseConnection->query('UPDATE `notas` SET `titulo` = :titulo:, `contenido` = :contenido:, `id` = :id:, `updated_at` = :updated_at:
WHERE `notas`.`id` IN :notas.id:', [...], false)
 2 SYSTEMPATH\Model.php(385): CodeIgniter\Database\BaseBuilder->update()
 3 SYSTEMPATH\BaseModel.php(949): CodeIgniter\Model->doUpdate([...], [...])
 4 SYSTEMPATH\Model.php(776): CodeIgniter\BaseModel->update([...], [...])
 5 SYSTEMPATH\BaseModel.php(696): CodeIgniter\Model->update('19576', Object(App\Entities\EntityNotas))
 6 APPPATH\Controllers\Notas\ApiNotas.php(142): CodeIgniter\BaseModel->save(Object(App\Entities\EntityNotas))
 7 SYSTEMPATH\CodeIgniter.php(942): App\Controllers\Notas\ApiNotas->update('19576')
 8 SYSTEMPATH\CodeIgniter.php(502): CodeIgniter\CodeIgniter->runController(Object(App\Controllers\Notas\ApiNotas))
 9 SYSTEMPATH\CodeIgniter.php(361): CodeIgniter\CodeIgniter->handleRequest(null, Object(Config\Cache), false)
10 FCPATH\index.php(79): CodeIgniter\CodeIgniter->run()
11 SYSTEMPATH\Commands\Server\rewrite.php(47): require_once('C:\\Proyectos\\NotasRapidasOnLine\\public\\index.php')
INFO - 2024-01-29 21:27:49 --> Session: Class initialized using 'CodeIgniter\Session\Handlers\FileHandler' driver.
CRITICAL - 2024-01-29 21:29:18 --> There is no data to update.
in SYSTEMPATH\BaseModel.php on line 1749.
 1 SYSTEMPATH\BaseModel.php(1749): CodeIgniter\Database\Exceptions\DataException::forEmptyDataset('update')
 2 SYSTEMPATH\BaseModel.php(916): CodeIgniter\BaseModel->transformDataToArray([], 'update')
 3 SYSTEMPATH\Model.php(776): CodeIgniter\BaseModel->update([...], Object(App\Entities\EntityNotas))
 4 SYSTEMPATH\BaseModel.php(696): CodeIgniter\Model->update('19576', Object(App\Entities\EntityNotas))
 5 APPPATH\Controllers\Notas\ApiNotas.php(152): CodeIgniter\BaseModel->save(Object(App\Entities\EntityNotas))
 6 SYSTEMPATH\CodeIgniter.php(942): App\Controllers\Notas\ApiNotas->update('19576')
 7 SYSTEMPATH\CodeIgniter.php(502): CodeIgniter\CodeIgniter->runController(Object(App\Controllers\Notas\ApiNotas))
 8 SYSTEMPATH\CodeIgniter.php(361): CodeIgniter\CodeIgniter->handleRequest(null, Object(Config\Cache), false)
 9 FCPATH\index.php(79): CodeIgniter\CodeIgniter->run()
10 SYSTEMPATH\Commands\Server\rewrite.php(47): require_once('C:\\Proyectos\\NotasRapidasOnLine\\public\\index.php')
INFO - 2024-01-29 21:33:18 --> Session: Class initialized using 'CodeIgniter\Session\Handlers\FileHandler' driver.
ERROR - 2024-01-29 21:33:48 --> mysqli_sql_exception: Invalid JSON text: "Missing a name for object member." at position 1 in value for column 'notas.contenido'. in C:\Proyectos\NotasRapidasOnLine\vendor\codeigniter4\framework\system\Database\MySQLi\Connection.php:306
Stack trace:
#0 C:\Proyectos\NotasRapidasOnLine\vendor\codeigniter4\framework\system\Database\MySQLi\Connection.php(306): mysqli->query('UPDATE `notas` ...', 0)
#1 C:\Proyectos\NotasRapidasOnLine\vendor\codeigniter4\framework\system\Database\BaseConnection.php(693): CodeIgniter\Database\MySQLi\Connection->execute('UPDATE `notas` ...')
#2 C:\Proyectos\NotasRapidasOnLine\vendor\codeigniter4\framework\system\Database\BaseConnection.php(607): CodeIgniter\Database\BaseConnection->simpleQuery('UPDATE `notas` ...')
#3 C:\Proyectos\NotasRapidasOnLine\vendor\codeigniter4\framework\system\Database\BaseBuilder.php(2475): CodeIgniter\Database\BaseConnection->query('UPDATE `notas` ...', Array, false)
#4 C:\Proyectos\NotasRapidasOnLine\vendor\codeigniter4\framework\system\Model.php(385): CodeIgniter\Database\BaseBuilder->update()
#5 C:\Proyectos\NotasRapidasOnLine\vendor\codeigniter4\framework\system\BaseModel.php(949): CodeIgniter\Model->doUpdate(Array, Array)
#6 C:\Proyectos\NotasRapidasOnLine\vendor\codeigniter4\framework\system\Model.php(776): CodeIgniter\BaseModel->update(Array, Array)
#7 C:\Proyectos\NotasRapidasOnLine\vendor\codeigniter4\framework\system\BaseModel.php(696): CodeIgniter\Model->update('19576', Object(App\Entities\EntityNotas))
#8 C:\Proyectos\NotasRapidasOnLine\app\Controllers\Notas\ApiNotas.php(143): CodeIgniter\BaseModel->save(Object(App\Entities\EntityNotas))
#9 C:\Proyectos\NotasRapidasOnLine\vendor\codeigniter4\framework\system\CodeIgniter.php(942): App\Controllers\Notas\ApiNotas->update('19576')
#10 C:\Proyectos\NotasRapidasOnLine\vendor\codeigniter4\framework\system\CodeIgniter.php(502): CodeIgniter\CodeIgniter->runController(Object(App\Controllers\Notas\ApiNotas))
#11 C:\Proyectos\NotasRapidasOnLine\vendor\codeigniter4\framework\system\CodeIgniter.php(361): CodeIgniter\CodeIgniter->handleRequest(NULL, Object(Config\Cache), false)
#12 C:\Proyectos\NotasRapidasOnLine\public\index.php(79): CodeIgniter\CodeIgniter->run()
#13 C:\Proyectos\NotasRapidasOnLine\vendor\codeigniter4\framework\system\Commands\Server\rewrite.php(47): require_once('C:\\Proyectos\\No...')
#14 {main}
CRITICAL - 2024-01-29 21:33:48 --> Invalid JSON text: "Missing a name for object member." at position 1 in value for column 'notas.contenido'.
in SYSTEMPATH\Database\BaseConnection.php on line 647.
 1 SYSTEMPATH\Database\BaseBuilder.php(2475): CodeIgniter\Database\BaseConnection->query('UPDATE `notas` SET `titulo` = :titulo:, `contenido` = :contenido:, `id` = :id:, `updated_at` = :updated_at:
WHERE `notas`.`id` IN :notas.id:', [...], false)
 2 SYSTEMPATH\Model.php(385): CodeIgniter\Database\BaseBuilder->update()
 3 SYSTEMPATH\BaseModel.php(949): CodeIgniter\Model->doUpdate([...], [...])
 4 SYSTEMPATH\Model.php(776): CodeIgniter\BaseModel->update([...], [...])
 5 SYSTEMPATH\BaseModel.php(696): CodeIgniter\Model->update('19576', Object(App\Entities\EntityNotas))
 6 APPPATH\Controllers\Notas\ApiNotas.php(143): CodeIgniter\BaseModel->save(Object(App\Entities\EntityNotas))
 7 SYSTEMPATH\CodeIgniter.php(942): App\Controllers\Notas\ApiNotas->update('19576')
 8 SYSTEMPATH\CodeIgniter.php(502): CodeIgniter\CodeIgniter->runController(Object(App\Controllers\Notas\ApiNotas))
 9 SYSTEMPATH\CodeIgniter.php(361): CodeIgniter\CodeIgniter->handleRequest(null, Object(Config\Cache), false)
10 FCPATH\index.php(79): CodeIgniter\CodeIgniter->run()
11 SYSTEMPATH\Commands\Server\rewrite.php(47): require_once('C:\\Proyectos\\NotasRapidasOnLine\\public\\index.php')
INFO - 2024-01-29 21:35:00 --> Session: Class initialized using 'CodeIgniter\Session\Handlers\FileHandler' driver.
INFO - 2024-01-29 21:42:33 --> Session: Class initialized using 'CodeIgniter\Session\Handlers\FileHandler' driver.
INFO - 2024-01-29 21:43:52 --> Session: Class initialized using 'CodeIgniter\Session\Handlers\FileHandler' driver.
INFO - 2024-01-29 21:45:51 --> Session: Class initialized using 'CodeIgniter\Session\Handlers\FileHandler' driver.
INFO - 2024-01-29 21:46:43 --> Session: Class initialized using 'CodeIgniter\Session\Handlers\FileHandler' driver.
INFO - 2024-01-29 21:47:26 --> Session: Class initialized using 'CodeIgniter\Session\Handlers\FileHandler' driver.
INFO - 2024-01-29 21:57:59 --> Session: Class initialized using 'CodeIgniter\Session\Handlers\FileHandler' driver.
INFO - 2024-01-29 22:01:03 --> Session: Class initialized using 'CodeIgniter\Session\Handlers\FileHandler' driver.
INFO - 2024-01-29 22:01:22 --> Session: Class initialized using 'CodeIgniter\Session\Handlers\FileHandler' driver.
INFO - 2024-01-29 22:03:58 --> Session: Class initialized using 'CodeIgniter\Session\Handlers\FileHandler' driver.
CRITICAL - 2024-01-29 22:04:07 --> There is no data to update.
in SYSTEMPATH\BaseModel.php on line 1749.
 1 SYSTEMPATH\BaseModel.php(1749): CodeIgniter\Database\Exceptions\DataException::forEmptyDataset('update')
 2 SYSTEMPATH\BaseModel.php(916): CodeIgniter\BaseModel->transformDataToArray([], 'update')
 3 SYSTEMPATH\Model.php(776): CodeIgniter\BaseModel->update([...], Object(App\Entities\EntityNotas))
 4 SYSTEMPATH\BaseModel.php(696): CodeIgniter\Model->update('19576', Object(App\Entities\EntityNotas))
 5 APPPATH\Controllers\Notas\ApiNotas.php(153): CodeIgniter\BaseModel->save(Object(App\Entities\EntityNotas))
 6 SYSTEMPATH\CodeIgniter.php(942): App\Controllers\Notas\ApiNotas->update('19576')
 7 SYSTEMPATH\CodeIgniter.php(502): CodeIgniter\CodeIgniter->runController(Object(App\Controllers\Notas\ApiNotas))
 8 SYSTEMPATH\CodeIgniter.php(361): CodeIgniter\CodeIgniter->handleRequest(null, Object(Config\Cache), false)
 9 FCPATH\index.php(79): CodeIgniter\CodeIgniter->run()
10 SYSTEMPATH\Commands\Server\rewrite.php(47): require_once('C:\\Proyectos\\NotasRapidasOnLine\\public\\index.php')
INFO - 2024-01-29 22:07:20 --> Session: Class initialized using 'CodeIgniter\Session\Handlers\FileHandler' driver.
CRITICAL - 2024-01-29 22:08:17 --> Undefined array key "titulo"
in APPPATH\Entities\EntityNotas.php on line 19.
 1 APPPATH\Entities\EntityNotas.php(19): CodeIgniter\Debug\Exceptions->errorHandler(2, 'Undefined array key "titulo"', 'C:\\Proyectos\\NotasRapidasOnLine\\app\\Entities\\EntityNotas.php', 19)
 2 APPPATH\Controllers\Notas\ApiNotas.php(153): App\Entities\EntityNotas->IsNotEqualsUpdate([...])
 3 SYSTEMPATH\CodeIgniter.php(942): App\Controllers\Notas\ApiNotas->update('19576')
 4 SYSTEMPATH\CodeIgniter.php(502): CodeIgniter\CodeIgniter->runController(Object(App\Controllers\Notas\ApiNotas))
 5 SYSTEMPATH\CodeIgniter.php(361): CodeIgniter\CodeIgniter->handleRequest(null, Object(Config\Cache), false)
 6 FCPATH\index.php(79): CodeIgniter\CodeIgniter->run()
 7 SYSTEMPATH\Commands\Server\rewrite.php(47): require_once('C:\\Proyectos\\NotasRapidasOnLine\\public\\index.php')
INFO - 2024-01-29 22:18:38 --> Session: Class initialized using 'CodeIgniter\Session\Handlers\FileHandler' driver.
CRITICAL - 2024-01-29 22:18:39 --> There is no data to update.
in SYSTEMPATH\BaseModel.php on line 1749.
 1 SYSTEMPATH\BaseModel.php(1749): CodeIgniter\Database\Exceptions\DataException::forEmptyDataset('update')
 2 SYSTEMPATH\BaseModel.php(916): CodeIgniter\BaseModel->transformDataToArray([], 'update')
 3 SYSTEMPATH\Model.php(776): CodeIgniter\BaseModel->update([...], Object(App\Entities\EntityNotas))
 4 SYSTEMPATH\BaseModel.php(696): CodeIgniter\Model->update('19576', Object(App\Entities\EntityNotas))
 5 APPPATH\Controllers\Notas\ApiNotas.php(159): CodeIgniter\BaseModel->save(Object(App\Entities\EntityNotas))
 6 SYSTEMPATH\CodeIgniter.php(942): App\Controllers\Notas\ApiNotas->update('19576')
 7 SYSTEMPATH\CodeIgniter.php(502): CodeIgniter\CodeIgniter->runController(Object(App\Controllers\Notas\ApiNotas))
 8 SYSTEMPATH\CodeIgniter.php(361): CodeIgniter\CodeIgniter->handleRequest(null, Object(Config\Cache), false)
 9 FCPATH\index.php(79): CodeIgniter\CodeIgniter->run()
10 SYSTEMPATH\Commands\Server\rewrite.php(47): require_once('C:\\Proyectos\\NotasRapidasOnLine\\public\\index.php')
INFO - 2024-01-29 22:19:31 --> Session: Class initialized using 'CodeIgniter\Session\Handlers\FileHandler' driver.
CRITICAL - 2024-01-29 22:20:32 --> There is no data to update.
in SYSTEMPATH\BaseModel.php on line 1749.
 1 SYSTEMPATH\BaseModel.php(1749): CodeIgniter\Database\Exceptions\DataException::forEmptyDataset('update')
 2 SYSTEMPATH\BaseModel.php(916): CodeIgniter\BaseModel->transformDataToArray([], 'update')
 3 SYSTEMPATH\Model.php(776): CodeIgniter\BaseModel->update([...], Object(App\Entities\EntityNotas))
 4 SYSTEMPATH\BaseModel.php(696): CodeIgniter\Model->update('19576', Object(App\Entities\EntityNotas))
 5 APPPATH\Controllers\Notas\ApiNotas.php(159): CodeIgniter\BaseModel->save(Object(App\Entities\EntityNotas))
 6 SYSTEMPATH\CodeIgniter.php(942): App\Controllers\Notas\ApiNotas->update('19576')
 7 SYSTEMPATH\CodeIgniter.php(502): CodeIgniter\CodeIgniter->runController(Object(App\Controllers\Notas\ApiNotas))
 8 SYSTEMPATH\CodeIgniter.php(361): CodeIgniter\CodeIgniter->handleRequest(null, Object(Config\Cache), false)
 9 FCPATH\index.php(79): CodeIgniter\CodeIgniter->run()
10 SYSTEMPATH\Commands\Server\rewrite.php(47): require_once('C:\\Proyectos\\NotasRapidasOnLine\\public\\index.php')
INFO - 2024-01-29 22:21:27 --> Session: Class initialized using 'CodeIgniter\Session\Handlers\FileHandler' driver.
CRITICAL - 2024-01-29 22:22:33 --> There is no data to update.
in SYSTEMPATH\BaseModel.php on line 1749.
 1 SYSTEMPATH\BaseModel.php(1749): CodeIgniter\Database\Exceptions\DataException::forEmptyDataset('update')
 2 SYSTEMPATH\BaseModel.php(916): CodeIgniter\BaseModel->transformDataToArray([], 'update')
 3 SYSTEMPATH\Model.php(776): CodeIgniter\BaseModel->update([...], Object(App\Entities\EntityNotas))
 4 SYSTEMPATH\BaseModel.php(696): CodeIgniter\Model->update('19576', Object(App\Entities\EntityNotas))
 5 APPPATH\Controllers\Notas\ApiNotas.php(159): CodeIgniter\BaseModel->save(Object(App\Entities\EntityNotas))
 6 SYSTEMPATH\CodeIgniter.php(942): App\Controllers\Notas\ApiNotas->update('19576')
 7 SYSTEMPATH\CodeIgniter.php(502): CodeIgniter\CodeIgniter->runController(Object(App\Controllers\Notas\ApiNotas))
 8 SYSTEMPATH\CodeIgniter.php(361): CodeIgniter\CodeIgniter->handleRequest(null, Object(Config\Cache), false)
 9 FCPATH\index.php(79): CodeIgniter\CodeIgniter->run()
10 SYSTEMPATH\Commands\Server\rewrite.php(47): require_once('C:\\Proyectos\\NotasRapidasOnLine\\public\\index.php')
INFO - 2024-01-29 22:23:38 --> Session: Class initialized using 'CodeIgniter\Session\Handlers\FileHandler' driver.
CRITICAL - 2024-01-29 22:24:18 --> There is no data to update.
in SYSTEMPATH\BaseModel.php on line 1749.
 1 SYSTEMPATH\BaseModel.php(1749): CodeIgniter\Database\Exceptions\DataException::forEmptyDataset('update')
 2 SYSTEMPATH\BaseModel.php(916): CodeIgniter\BaseModel->transformDataToArray([], 'update')
 3 SYSTEMPATH\Model.php(776): CodeIgniter\BaseModel->update([...], Object(App\Entities\EntityNotas))
 4 SYSTEMPATH\BaseModel.php(696): CodeIgniter\Model->update('19576', Object(App\Entities\EntityNotas))
 5 APPPATH\Controllers\Notas\ApiNotas.php(159): CodeIgniter\BaseModel->save(Object(App\Entities\EntityNotas))
 6 SYSTEMPATH\CodeIgniter.php(942): App\Controllers\Notas\ApiNotas->update('19576')
 7 SYSTEMPATH\CodeIgniter.php(502): CodeIgniter\CodeIgniter->runController(Object(App\Controllers\Notas\ApiNotas))
 8 SYSTEMPATH\CodeIgniter.php(361): CodeIgniter\CodeIgniter->handleRequest(null, Object(Config\Cache), false)
 9 FCPATH\index.php(79): CodeIgniter\CodeIgniter->run()
10 SYSTEMPATH\Commands\Server\rewrite.php(47): require_once('C:\\Proyectos\\NotasRapidasOnLine\\public\\index.php')
INFO - 2024-01-29 22:24:57 --> Session: Class initialized using 'CodeIgniter\Session\Handlers\FileHandler' driver.
INFO - 2024-01-29 22:25:34 --> Session: Class initialized using 'CodeIgniter\Session\Handlers\FileHandler' driver.
CRITICAL - 2024-01-29 22:25:35 --> There is no data to update.
in SYSTEMPATH\BaseModel.php on line 1749.
 1 SYSTEMPATH\BaseModel.php(1749): CodeIgniter\Database\Exceptions\DataException::forEmptyDataset('update')
 2 SYSTEMPATH\BaseModel.php(916): CodeIgniter\BaseModel->transformDataToArray([], 'update')
 3 SYSTEMPATH\Model.php(776): CodeIgniter\BaseModel->update([...], Object(App\Entities\EntityNotas))
 4 SYSTEMPATH\BaseModel.php(696): CodeIgniter\Model->update('19576', Object(App\Entities\EntityNotas))
 5 APPPATH\Controllers\Notas\ApiNotas.php(143): CodeIgniter\BaseModel->save(Object(App\Entities\EntityNotas))
 6 SYSTEMPATH\CodeIgniter.php(942): App\Controllers\Notas\ApiNotas->update('19576')
 7 SYSTEMPATH\CodeIgniter.php(502): CodeIgniter\CodeIgniter->runController(Object(App\Controllers\Notas\ApiNotas))
 8 SYSTEMPATH\CodeIgniter.php(361): CodeIgniter\CodeIgniter->handleRequest(null, Object(Config\Cache), false)
 9 FCPATH\index.php(79): CodeIgniter\CodeIgniter->run()
10 SYSTEMPATH\Commands\Server\rewrite.php(47): require_once('C:\\Proyectos\\NotasRapidasOnLine\\public\\index.php')
