ERROR - 2023-10-22 16:38:09 --> Error connecting to the database: mysqli_sql_exception: No se puede establecer una conexión ya que el equipo de destino denegó expresamente dicha conexión in C:\Proyectos\NotasRapidasOnLine\vendor\codeigniter4\framework\system\Database\MySQLi\Connection.php:185
Stack trace:
#0 C:\Proyectos\NotasRapidasOnLine\vendor\codeigniter4\framework\system\Database\MySQLi\Connection.php(185): mysqli->real_connect('localhost', 'root', '12345678', 'notas', 3306, '', 0)
#1 C:\Proyectos\NotasRapidasOnLine\vendor\codeigniter4\framework\system\Database\BaseConnection.php(392): CodeIgniter\Database\MySQLi\Connection->connect(false)
#2 C:\Proyectos\NotasRapidasOnLine\vendor\codeigniter4\framework\system\Database\BaseConnection.php(575): CodeIgniter\Database\BaseConnection->initialize()
#3 C:\Proyectos\NotasRapidasOnLine\vendor\codeigniter4\framework\system\Database\BaseConnection.php(1410): CodeIgniter\Database\BaseConnection->query('SHOW TABLES FRO...')
#4 C:\Proyectos\NotasRapidasOnLine\vendor\codeigniter4\framework\system\Commands\Database\ShowTableInfo.php(105): CodeIgniter\Database\BaseConnection->listTables()
#5 C:\Proyectos\NotasRapidasOnLine\vendor\codeigniter4\framework\system\CLI\Commands.php(65): CodeIgniter\Commands\Database\ShowTableInfo->run(Array)
#6 C:\Proyectos\NotasRapidasOnLine\vendor\codeigniter4\framework\system\CLI\Console.php(46): CodeIgniter\CLI\Commands->run('db:table', Array)
#7 C:\Proyectos\NotasRapidasOnLine\spark(102): CodeIgniter\CLI\Console->run()
#8 {main}

Next CodeIgniter\Database\Exceptions\DatabaseException: No se puede establecer una conexión ya que el equipo de destino denegó expresamente dicha conexión in C:\Proyectos\NotasRapidasOnLine\vendor\codeigniter4\framework\system\Database\MySQLi\Connection.php:229
Stack trace:
#0 C:\Proyectos\NotasRapidasOnLine\vendor\codeigniter4\framework\system\Database\BaseConnection.php(392): CodeIgniter\Database\MySQLi\Connection->connect(false)
#1 C:\Proyectos\NotasRapidasOnLine\vendor\codeigniter4\framework\system\Database\BaseConnection.php(575): CodeIgniter\Database\BaseConnection->initialize()
#2 C:\Proyectos\NotasRapidasOnLine\vendor\codeigniter4\framework\system\Database\BaseConnection.php(1410): CodeIgniter\Database\BaseConnection->query('SHOW TABLES FRO...')
#3 C:\Proyectos\NotasRapidasOnLine\vendor\codeigniter4\framework\system\Commands\Database\ShowTableInfo.php(105): CodeIgniter\Database\BaseConnection->listTables()
#4 C:\Proyectos\NotasRapidasOnLine\vendor\codeigniter4\framework\system\CLI\Commands.php(65): CodeIgniter\Commands\Database\ShowTableInfo->run(Array)
#5 C:\Proyectos\NotasRapidasOnLine\vendor\codeigniter4\framework\system\CLI\Console.php(46): CodeIgniter\CLI\Commands->run('db:table', Array)
#6 C:\Proyectos\NotasRapidasOnLine\spark(102): CodeIgniter\CLI\Console->run()
#7 {main}
CRITICAL - 2023-10-22 16:38:10 --> Unable to connect to the database.
Main connection [MySQLi]: No se puede establecer una conexión ya que el equipo de destino denegó expresamente dicha conexión
in SYSTEMPATH\Database\BaseConnection.php on line 428.
 1 SYSTEMPATH\Database\BaseConnection.php(575): CodeIgniter\Database\BaseConnection->initialize()
 2 SYSTEMPATH\Database\BaseConnection.php(1410): CodeIgniter\Database\BaseConnection->query('SHOW TABLES FROM `notas`')
 3 SYSTEMPATH\Commands\Database\ShowTableInfo.php(105): CodeIgniter\Database\BaseConnection->listTables()
 4 SYSTEMPATH\CLI\Commands.php(65): CodeIgniter\Commands\Database\ShowTableInfo->run([])
 5 SYSTEMPATH\CLI\Console.php(46): CodeIgniter\CLI\Commands->run('db:table', [])
 6 ROOTPATH\spark(102): CodeIgniter\CLI\Console->run()
CRITICAL - 2023-10-22 17:36:16 --> Undefined variable $rotes
in APPPATH\Config\Routes.php on line 10.
 1 APPPATH\Config\Routes.php(10): CodeIgniter\Debug\Exceptions->errorHandler(2, 'Undefined variable $rotes', 'C:\\Proyectos\\NotasRapidasOnLine\\app\\Config\\Routes.php', 10)
 2 SYSTEMPATH\Router\RouteCollection.php(344): require('C:\\Proyectos\\NotasRapidasOnLine\\app\\Config\\Routes.php')
 3 SYSTEMPATH\CodeIgniter.php(810): CodeIgniter\Router\RouteCollection->loadRoutes()
 4 SYSTEMPATH\CodeIgniter.php(450): CodeIgniter\CodeIgniter->tryToRouteIt(null)
 5 SYSTEMPATH\CodeIgniter.php(361): CodeIgniter\CodeIgniter->handleRequest(null, Object(Config\Cache), false)
 6 FCPATH\index.php(79): CodeIgniter\CodeIgniter->run()
 7 SYSTEMPATH\Commands\Server\rewrite.php(47): require_once('C:\\Proyectos\\NotasRapidasOnLine\\public\\index.php')
CRITICAL - 2023-10-22 17:36:22 --> Undefined variable $rotes
in APPPATH\Config\Routes.php on line 10.
 1 APPPATH\Config\Routes.php(10): CodeIgniter\Debug\Exceptions->errorHandler(2, 'Undefined variable $rotes', 'C:\\Proyectos\\NotasRapidasOnLine\\app\\Config\\Routes.php', 10)
 2 SYSTEMPATH\Router\RouteCollection.php(344): require('C:\\Proyectos\\NotasRapidasOnLine\\app\\Config\\Routes.php')
 3 SYSTEMPATH\CodeIgniter.php(810): CodeIgniter\Router\RouteCollection->loadRoutes()
 4 SYSTEMPATH\CodeIgniter.php(450): CodeIgniter\CodeIgniter->tryToRouteIt(null)
 5 SYSTEMPATH\CodeIgniter.php(361): CodeIgniter\CodeIgniter->handleRequest(null, Object(Config\Cache), false)
 6 FCPATH\index.php(79): CodeIgniter\CodeIgniter->run()
 7 SYSTEMPATH\Commands\Server\rewrite.php(47): require_once('C:\\Proyectos\\NotasRapidasOnLine\\public\\index.php')
CRITICAL - 2023-10-22 17:37:36 --> The namespace delimiter is a backslash (\), not a slash (/). Route handler: "\App\Controllers\Usuario/Autenticacion::NuevoUsuario"
in SYSTEMPATH\Router\Router.php on line 479.
 1 SYSTEMPATH\Router\Router.php(479): CodeIgniter\Router\Exceptions\RouterException::forInvalidControllerName('\\App\\Controllers\\Usuario/Autenticacion::NuevoUsuario')
 2 SYSTEMPATH\Router\Router.php(186): CodeIgniter\Router\Router->checkRoutes('nuevo')
 3 SYSTEMPATH\CodeIgniter.php(823): CodeIgniter\Router\Router->handle('nuevo')
 4 SYSTEMPATH\CodeIgniter.php(450): CodeIgniter\CodeIgniter->tryToRouteIt(Object(CodeIgniter\Router\RouteCollection))
 5 SYSTEMPATH\CodeIgniter.php(361): CodeIgniter\CodeIgniter->handleRequest(null, Object(Config\Cache), false)
 6 FCPATH\index.php(79): CodeIgniter\CodeIgniter->run()
 7 SYSTEMPATH\Commands\Server\rewrite.php(47): require_once('C:\\Proyectos\\NotasRapidasOnLine\\public\\index.php')
CRITICAL - 2023-10-22 17:38:02 --> Invalid file: "layout/header.desinger.phph"
in SYSTEMPATH\Exceptions\FrameworkException.php on line 39.
 1 SYSTEMPATH\View\View.php(216): CodeIgniter\Exceptions\FrameworkException::forInvalidFile('layout/header.desinger.phph')
 2 SYSTEMPATH\Common.php(1190): CodeIgniter\View\View->render('layout/header.desinger.phph', [], true)
 3 APPPATH\Controllers\Usuario\Autenticacion.php(27): view('layout/header.desinger.phph')
 4 APPPATH\Controllers\Usuario\Autenticacion.php(15): App\Controllers\Usuario\Autenticacion->RenderView('autenticacion/inicio.desinger')
 5 SYSTEMPATH\CodeIgniter.php(942): App\Controllers\Usuario\Autenticacion->NuevoUsuario()
 6 SYSTEMPATH\CodeIgniter.php(502): CodeIgniter\CodeIgniter->runController(Object(App\Controllers\Usuario\Autenticacion))
 7 SYSTEMPATH\CodeIgniter.php(361): CodeIgniter\CodeIgniter->handleRequest(null, Object(Config\Cache), false)
 8 FCPATH\index.php(79): CodeIgniter\CodeIgniter->run()
 9 SYSTEMPATH\Commands\Server\rewrite.php(47): require_once('C:\\Proyectos\\NotasRapidasOnLine\\public\\index.php')
CRITICAL - 2023-10-22 17:41:05 --> Invalid file: "layout/header.phph"
in SYSTEMPATH\Exceptions\FrameworkException.php on line 39.
 1 SYSTEMPATH\View\View.php(216): CodeIgniter\Exceptions\FrameworkException::forInvalidFile('layout/header.phph')
 2 SYSTEMPATH\Common.php(1190): CodeIgniter\View\View->render('layout/header.phph', [], true)
 3 APPPATH\Controllers\Usuario\Autenticacion.php(27): view('layout/header.phph')
 4 APPPATH\Controllers\Usuario\Autenticacion.php(15): App\Controllers\Usuario\Autenticacion->RenderView('autenticacion/inicio')
 5 SYSTEMPATH\CodeIgniter.php(942): App\Controllers\Usuario\Autenticacion->NuevoUsuario()
 6 SYSTEMPATH\CodeIgniter.php(502): CodeIgniter\CodeIgniter->runController(Object(App\Controllers\Usuario\Autenticacion))
 7 SYSTEMPATH\CodeIgniter.php(361): CodeIgniter\CodeIgniter->handleRequest(null, Object(Config\Cache), false)
 8 FCPATH\index.php(79): CodeIgniter\CodeIgniter->run()
 9 SYSTEMPATH\Commands\Server\rewrite.php(47): require_once('C:\\Proyectos\\NotasRapidasOnLine\\public\\index.php')
CRITICAL - 2023-10-22 17:42:04 --> view(): Argument #2 ($data) must be of type array, null given, called in C:\Proyectos\NotasRapidasOnLine\app\Controllers\Usuario\Autenticacion.php on line 27
in SYSTEMPATH\Common.php on line 1178.
 1 APPPATH\Controllers\Usuario\Autenticacion.php(27): view('autenticacion/inicio', null, null)
 2 APPPATH\Controllers\Usuario\Autenticacion.php(15): App\Controllers\Usuario\Autenticacion->RenderView('autenticacion/inicio')
 3 SYSTEMPATH\CodeIgniter.php(942): App\Controllers\Usuario\Autenticacion->NuevoUsuario()
 4 SYSTEMPATH\CodeIgniter.php(502): CodeIgniter\CodeIgniter->runController(Object(App\Controllers\Usuario\Autenticacion))
 5 SYSTEMPATH\CodeIgniter.php(361): CodeIgniter\CodeIgniter->handleRequest(null, Object(Config\Cache), false)
 6 FCPATH\index.php(79): CodeIgniter\CodeIgniter->run()
 7 SYSTEMPATH\Commands\Server\rewrite.php(47): require_once('C:\\Proyectos\\NotasRapidasOnLine\\public\\index.php')
