INFO - 2024-01-04 20:23:05 --> Session: Class initialized using 'CodeIgniter\Session\Handlers\FileHandler' driver.
ERROR - 2024-01-04 20:48:00 --> Email: sendWithSmtp throwed ErrorException: fsockopen(): SSL: Handshake timed out in C:\Proyectos\NotasRapidasOnLine\vendor\codeigniter4\framework\system\Email\Email.php:1891
Stack trace:
#0 [internal function]: CodeIgniter\Debug\Exceptions->errorHandler(2, 'fsockopen(): SS...', 'C:\\Proyectos\\No...', 1891)
#1 C:\Proyectos\NotasRapidasOnLine\vendor\codeigniter4\framework\system\Email\Email.php(1891): fsockopen('ssl://smtp.tita...', 465, NULL, NULL, 5)
#2 C:\Proyectos\NotasRapidasOnLine\vendor\codeigniter4\framework\system\Email\Email.php(1799): CodeIgniter\Email\Email->SMTPConnect()
#3 C:\Proyectos\NotasRapidasOnLine\vendor\codeigniter4\framework\system\Email\Email.php(1684): CodeIgniter\Email\Email->sendWithSmtp()
#4 C:\Proyectos\NotasRapidasOnLine\vendor\codeigniter4\framework\system\Email\Email.php(1578): CodeIgniter\Email\Email->spoolEmail()
#5 C:\Proyectos\NotasRapidasOnLine\app\Libraries\Emails\Saludo.php(21): CodeIgniter\Email\Email->send()
#6 C:\Proyectos\NotasRapidasOnLine\app\Controllers\Usuario\Autenticacion.php(70): App\Libraries\Emails\Saludo->Enviar()
#7 C:\Proyectos\NotasRapidasOnLine\vendor\codeigniter4\framework\system\CodeIgniter.php(942): App\Controllers\Usuario\Autenticacion->NuevoUsuario()
#8 C:\Proyectos\NotasRapidasOnLine\vendor\codeigniter4\framework\system\CodeIgniter.php(502): CodeIgniter\CodeIgniter->runController(Object(App\Controllers\Usuario\Autenticacion))
#9 C:\Proyectos\NotasRapidasOnLine\vendor\codeigniter4\framework\system\CodeIgniter.php(361): CodeIgniter\CodeIgniter->handleRequest(NULL, Object(Config\Cache), false)
#10 C:\Proyectos\NotasRapidasOnLine\public\index.php(79): CodeIgniter\CodeIgniter->run()
#11 C:\Proyectos\NotasRapidasOnLine\vendor\codeigniter4\framework\system\Commands\Server\rewrite.php(47): require_once('C:\\Proyectos\\No...')
#12 {main}
ERROR - 2024-01-04 20:48:00 --> Email: Unable to send email using SMTP. Your server might not be configured to send mail using this method.
ERROR - 2024-01-04 20:48:00 --> 
CRITICAL - 2024-01-04 20:52:28 --> Undefined variable $debug
in APPPATH\Libraries\Emails\Saludo.php on line 22.
 1 APPPATH\Libraries\Emails\Saludo.php(22): CodeIgniter\Debug\Exceptions->errorHandler(2, 'Undefined variable $debug', 'C:\\Proyectos\\NotasRapidasOnLine\\app\\Libraries\\Emails\\Saludo.php', 22)
 2 APPPATH\Controllers\Usuario\Autenticacion.php(70): App\Libraries\Emails\Saludo->Enviar()
 3 SYSTEMPATH\CodeIgniter.php(942): App\Controllers\Usuario\Autenticacion->NuevoUsuario()
 4 SYSTEMPATH\CodeIgniter.php(502): CodeIgniter\CodeIgniter->runController(Object(App\Controllers\Usuario\Autenticacion))
 5 SYSTEMPATH\CodeIgniter.php(361): CodeIgniter\CodeIgniter->handleRequest(null, Object(Config\Cache), false)
 6 FCPATH\index.php(79): CodeIgniter\CodeIgniter->run()
 7 SYSTEMPATH\Commands\Server\rewrite.php(47): require_once('C:\\Proyectos\\NotasRapidasOnLine\\public\\index.php')
ERROR - 2024-01-04 21:49:37 --> mysqli_sql_exception: Duplicate entry 'erickjoelg@gmail.com' for key 'usuarios.correo' in C:\Proyectos\NotasRapidasOnLine\vendor\codeigniter4\framework\system\Database\MySQLi\Connection.php:306
Stack trace:
#0 C:\Proyectos\NotasRapidasOnLine\vendor\codeigniter4\framework\system\Database\MySQLi\Connection.php(306): mysqli->query('INSERT INTO `us...', 0)
#1 C:\Proyectos\NotasRapidasOnLine\vendor\codeigniter4\framework\system\Database\BaseConnection.php(693): CodeIgniter\Database\MySQLi\Connection->execute('INSERT INTO `us...')
#2 C:\Proyectos\NotasRapidasOnLine\vendor\codeigniter4\framework\system\Database\BaseConnection.php(607): CodeIgniter\Database\BaseConnection->simpleQuery('INSERT INTO `us...')
#3 C:\Proyectos\NotasRapidasOnLine\vendor\codeigniter4\framework\system\Database\BaseBuilder.php(2308): CodeIgniter\Database\BaseConnection->query('INSERT INTO `us...', Array, false)
#4 C:\Proyectos\NotasRapidasOnLine\vendor\codeigniter4\framework\system\Model.php(319): CodeIgniter\Database\BaseBuilder->insert()
#5 C:\Proyectos\NotasRapidasOnLine\vendor\codeigniter4\framework\system\BaseModel.php(788): CodeIgniter\Model->doInsert(Array)
#6 C:\Proyectos\NotasRapidasOnLine\vendor\codeigniter4\framework\system\Model.php(715): CodeIgniter\BaseModel->insert(Array, true)
#7 C:\Proyectos\NotasRapidasOnLine\app\Controllers\Usuario\Autenticacion.php(72): CodeIgniter\Model->insert(Object(App\Entities\EntityUsuario))
#8 C:\Proyectos\NotasRapidasOnLine\vendor\codeigniter4\framework\system\CodeIgniter.php(942): App\Controllers\Usuario\Autenticacion->NuevoUsuario()
#9 C:\Proyectos\NotasRapidasOnLine\vendor\codeigniter4\framework\system\CodeIgniter.php(502): CodeIgniter\CodeIgniter->runController(Object(App\Controllers\Usuario\Autenticacion))
#10 C:\Proyectos\NotasRapidasOnLine\vendor\codeigniter4\framework\system\CodeIgniter.php(361): CodeIgniter\CodeIgniter->handleRequest(NULL, Object(Config\Cache), false)
#11 C:\Proyectos\NotasRapidasOnLine\public\index.php(79): CodeIgniter\CodeIgniter->run()
#12 C:\Proyectos\NotasRapidasOnLine\vendor\codeigniter4\framework\system\Commands\Server\rewrite.php(47): require_once('C:\\Proyectos\\No...')
#13 {main}
CRITICAL - 2024-01-04 21:49:42 --> Duplicate entry 'erickjoelg@gmail.com' for key 'usuarios.correo'
in SYSTEMPATH\Database\BaseConnection.php on line 647.
 1 SYSTEMPATH\Database\BaseBuilder.php(2308): CodeIgniter\Database\BaseConnection->query('INSERT INTO `usuarios` (`nombre`, `apellido`, `correo`, `contrasena`, `created_at`, `updated_at`) VALUES (:nombre:, :apellido:, :correo:, :contrasena:, :created_at:, :updated_at:)', [...], false)
 2 SYSTEMPATH\Model.php(319): CodeIgniter\Database\BaseBuilder->insert()
 3 SYSTEMPATH\BaseModel.php(788): CodeIgniter\Model->doInsert([...])
 4 SYSTEMPATH\Model.php(715): CodeIgniter\BaseModel->insert([...], true)
 5 APPPATH\Controllers\Usuario\Autenticacion.php(72): CodeIgniter\Model->insert(Object(App\Entities\EntityUsuario))
 6 SYSTEMPATH\CodeIgniter.php(942): App\Controllers\Usuario\Autenticacion->NuevoUsuario()
 7 SYSTEMPATH\CodeIgniter.php(502): CodeIgniter\CodeIgniter->runController(Object(App\Controllers\Usuario\Autenticacion))
 8 SYSTEMPATH\CodeIgniter.php(361): CodeIgniter\CodeIgniter->handleRequest(null, Object(Config\Cache), false)
 9 FCPATH\index.php(79): CodeIgniter\CodeIgniter->run()
10 SYSTEMPATH\Commands\Server\rewrite.php(47): require_once('C:\\Proyectos\\NotasRapidasOnLine\\public\\index.php')
ERROR - 2024-01-04 21:50:04 --> mysqli_sql_exception: Unknown column 'correo' in 'where clause' in C:\Proyectos\NotasRapidasOnLine\vendor\codeigniter4\framework\system\Database\MySQLi\Connection.php:306
Stack trace:
#0 C:\Proyectos\NotasRapidasOnLine\vendor\codeigniter4\framework\system\Database\MySQLi\Connection.php(306): mysqli->query('SELECT 1\nFROM `...', 0)
#1 C:\Proyectos\NotasRapidasOnLine\vendor\codeigniter4\framework\system\Database\BaseConnection.php(693): CodeIgniter\Database\MySQLi\Connection->execute('SELECT 1\nFROM `...')
#2 C:\Proyectos\NotasRapidasOnLine\vendor\codeigniter4\framework\system\Database\BaseConnection.php(607): CodeIgniter\Database\BaseConnection->simpleQuery('SELECT 1\nFROM `...')
#3 C:\Proyectos\NotasRapidasOnLine\vendor\codeigniter4\framework\system\Database\BaseBuilder.php(1615): CodeIgniter\Database\BaseConnection->query('SELECT 1\nFROM `...', Array, false)
#4 C:\Proyectos\NotasRapidasOnLine\vendor\codeigniter4\framework\system\Validation\StrictRules\Rules.php(208): CodeIgniter\Database\BaseBuilder->get()
#5 C:\Proyectos\NotasRapidasOnLine\vendor\codeigniter4\framework\system\Validation\Validation.php(311): CodeIgniter\Validation\StrictRules\Rules->is_unique('erickjoelg@gmai...', 'correo', Array, NULL, 'correo')
#6 C:\Proyectos\NotasRapidasOnLine\vendor\codeigniter4\framework\system\Validation\Validation.php(197): CodeIgniter\Validation\Validation->processRules('correo', 'correo', 'erickjoelg@gmai...', Array, Array)
#7 C:\Proyectos\NotasRapidasOnLine\vendor\codeigniter4\framework\system\Controller.php(152): CodeIgniter\Validation\Validation->run()
#8 C:\Proyectos\NotasRapidasOnLine\app\Controllers\Usuario\Autenticacion.php(61): CodeIgniter\Controller->validate(Array)
#9 C:\Proyectos\NotasRapidasOnLine\vendor\codeigniter4\framework\system\CodeIgniter.php(942): App\Controllers\Usuario\Autenticacion->NuevoUsuario()
#10 C:\Proyectos\NotasRapidasOnLine\vendor\codeigniter4\framework\system\CodeIgniter.php(502): CodeIgniter\CodeIgniter->runController(Object(App\Controllers\Usuario\Autenticacion))
#11 C:\Proyectos\NotasRapidasOnLine\vendor\codeigniter4\framework\system\CodeIgniter.php(361): CodeIgniter\CodeIgniter->handleRequest(NULL, Object(Config\Cache), false)
#12 C:\Proyectos\NotasRapidasOnLine\public\index.php(79): CodeIgniter\CodeIgniter->run()
#13 C:\Proyectos\NotasRapidasOnLine\vendor\codeigniter4\framework\system\Commands\Server\rewrite.php(47): require_once('C:\\Proyectos\\No...')
#14 {main}
CRITICAL - 2024-01-04 21:50:04 --> Unknown column 'correo' in 'where clause'
in SYSTEMPATH\Database\BaseConnection.php on line 647.
 1 SYSTEMPATH\Database\BaseBuilder.php(1615): CodeIgniter\Database\BaseConnection->query('SELECT 1
FROM `tests_usuarios`
WHERE `correo` = :correo:
 LIMIT 1', [...], false)
 2 SYSTEMPATH\Validation\StrictRules\Rules.php(208): CodeIgniter\Database\BaseBuilder->get()
 3 SYSTEMPATH\Validation\Validation.php(311): CodeIgniter\Validation\StrictRules\Rules->is_unique('erickjoelg@gmail.com', 'correo', [...], null, 'correo')
 4 SYSTEMPATH\Validation\Validation.php(197): CodeIgniter\Validation\Validation->processRules('correo', 'correo', 'erickjoelg@gmail.com', [...], [...])
 5 SYSTEMPATH\Controller.php(152): CodeIgniter\Validation\Validation->run()
 6 APPPATH\Controllers\Usuario\Autenticacion.php(61): CodeIgniter\Controller->validate([...])
 7 SYSTEMPATH\CodeIgniter.php(942): App\Controllers\Usuario\Autenticacion->NuevoUsuario()
 8 SYSTEMPATH\CodeIgniter.php(502): CodeIgniter\CodeIgniter->runController(Object(App\Controllers\Usuario\Autenticacion))
 9 SYSTEMPATH\CodeIgniter.php(361): CodeIgniter\CodeIgniter->handleRequest(null, Object(Config\Cache), false)
10 FCPATH\index.php(79): CodeIgniter\CodeIgniter->run()
11 SYSTEMPATH\Commands\Server\rewrite.php(47): require_once('C:\\Proyectos\\NotasRapidasOnLine\\public\\index.php')
ERROR - 2024-01-04 21:50:37 --> mysqli_sql_exception: Unknown column 'correo' in 'where clause' in C:\Proyectos\NotasRapidasOnLine\vendor\codeigniter4\framework\system\Database\MySQLi\Connection.php:306
Stack trace:
#0 C:\Proyectos\NotasRapidasOnLine\vendor\codeigniter4\framework\system\Database\MySQLi\Connection.php(306): mysqli->query('SELECT 1\nFROM `...', 0)
#1 C:\Proyectos\NotasRapidasOnLine\vendor\codeigniter4\framework\system\Database\BaseConnection.php(693): CodeIgniter\Database\MySQLi\Connection->execute('SELECT 1\nFROM `...')
#2 C:\Proyectos\NotasRapidasOnLine\vendor\codeigniter4\framework\system\Database\BaseConnection.php(607): CodeIgniter\Database\BaseConnection->simpleQuery('SELECT 1\nFROM `...')
#3 C:\Proyectos\NotasRapidasOnLine\vendor\codeigniter4\framework\system\Database\BaseBuilder.php(1615): CodeIgniter\Database\BaseConnection->query('SELECT 1\nFROM `...', Array, false)
#4 C:\Proyectos\NotasRapidasOnLine\vendor\codeigniter4\framework\system\Validation\StrictRules\Rules.php(208): CodeIgniter\Database\BaseBuilder->get()
#5 C:\Proyectos\NotasRapidasOnLine\vendor\codeigniter4\framework\system\Validation\Validation.php(311): CodeIgniter\Validation\StrictRules\Rules->is_unique('erickjoelg@gmai...', 'correo', Array, NULL, 'correo')
#6 C:\Proyectos\NotasRapidasOnLine\vendor\codeigniter4\framework\system\Validation\Validation.php(197): CodeIgniter\Validation\Validation->processRules('correo', 'correo', 'erickjoelg@gmai...', Array, Array)
#7 C:\Proyectos\NotasRapidasOnLine\vendor\codeigniter4\framework\system\Controller.php(152): CodeIgniter\Validation\Validation->run()
#8 C:\Proyectos\NotasRapidasOnLine\app\Controllers\Usuario\Autenticacion.php(61): CodeIgniter\Controller->validate(Array)
#9 C:\Proyectos\NotasRapidasOnLine\vendor\codeigniter4\framework\system\CodeIgniter.php(942): App\Controllers\Usuario\Autenticacion->NuevoUsuario()
#10 C:\Proyectos\NotasRapidasOnLine\vendor\codeigniter4\framework\system\CodeIgniter.php(502): CodeIgniter\CodeIgniter->runController(Object(App\Controllers\Usuario\Autenticacion))
#11 C:\Proyectos\NotasRapidasOnLine\vendor\codeigniter4\framework\system\CodeIgniter.php(361): CodeIgniter\CodeIgniter->handleRequest(NULL, Object(Config\Cache), false)
#12 C:\Proyectos\NotasRapidasOnLine\public\index.php(79): CodeIgniter\CodeIgniter->run()
#13 C:\Proyectos\NotasRapidasOnLine\vendor\codeigniter4\framework\system\Commands\Server\rewrite.php(47): require_once('C:\\Proyectos\\No...')
#14 {main}
CRITICAL - 2024-01-04 21:50:37 --> Unknown column 'correo' in 'where clause'
in SYSTEMPATH\Database\BaseConnection.php on line 647.
 1 SYSTEMPATH\Database\BaseBuilder.php(1615): CodeIgniter\Database\BaseConnection->query('SELECT 1
FROM `tests_usuarios`
WHERE `correo` = :correo:
 LIMIT 1', [...], false)
 2 SYSTEMPATH\Validation\StrictRules\Rules.php(208): CodeIgniter\Database\BaseBuilder->get()
 3 SYSTEMPATH\Validation\Validation.php(311): CodeIgniter\Validation\StrictRules\Rules->is_unique('erickjoelg@gmail.com', 'correo', [...], null, 'correo')
 4 SYSTEMPATH\Validation\Validation.php(197): CodeIgniter\Validation\Validation->processRules('correo', 'correo', 'erickjoelg@gmail.com', [...], [...])
 5 SYSTEMPATH\Controller.php(152): CodeIgniter\Validation\Validation->run()
 6 APPPATH\Controllers\Usuario\Autenticacion.php(61): CodeIgniter\Controller->validate([...])
 7 SYSTEMPATH\CodeIgniter.php(942): App\Controllers\Usuario\Autenticacion->NuevoUsuario()
 8 SYSTEMPATH\CodeIgniter.php(502): CodeIgniter\CodeIgniter->runController(Object(App\Controllers\Usuario\Autenticacion))
 9 SYSTEMPATH\CodeIgniter.php(361): CodeIgniter\CodeIgniter->handleRequest(null, Object(Config\Cache), false)
10 FCPATH\index.php(79): CodeIgniter\CodeIgniter->run()
11 SYSTEMPATH\Commands\Server\rewrite.php(47): require_once('C:\\Proyectos\\NotasRapidasOnLine\\public\\index.php')
INFO - 2024-01-04 21:58:47 --> Session: Class initialized using 'CodeIgniter\Session\Handlers\FileHandler' driver.
INFO - 2024-01-04 22:01:26 --> Session: Class initialized using 'CodeIgniter\Session\Handlers\FileHandler' driver.
INFO - 2024-01-04 22:09:44 --> Session: Class initialized using 'CodeIgniter\Session\Handlers\FileHandler' driver.
INFO - 2024-01-04 22:10:25 --> Session: Class initialized using 'CodeIgniter\Session\Handlers\FileHandler' driver.
