CRITICAL - 2023-12-22 09:23:18 --> Undefined array key "nombre_usuario_o_correo"
in APPPATH\Controllers\Usuario\Autenticacion.php on line 70.
 1 APPPATH\Controllers\Usuario\Autenticacion.php(70): CodeIgniter\Debug\Exceptions->errorHandler(2, 'Undefined array key "nombre_usuario_o_correo"', 'C:\\Proyectos\\NotasRapidasOnLine\\app\\Controllers\\Usuario\\Autenticacion.php', 70)
 2 SYSTEMPATH\CodeIgniter.php(942): App\Controllers\Usuario\Autenticacion->IniciarSesion()
 3 SYSTEMPATH\CodeIgniter.php(502): CodeIgniter\CodeIgniter->runController(Object(App\Controllers\Usuario\Autenticacion))
 4 SYSTEMPATH\CodeIgniter.php(361): CodeIgniter\CodeIgniter->handleRequest(null, Object(Config\Cache), false)
 5 FCPATH\index.php(79): CodeIgniter\CodeIgniter->run()
 6 SYSTEMPATH\Commands\Server\rewrite.php(47): require_once('C:\\Proyectos\\NotasRapidasOnLine\\public\\index.php')
CRITICAL - 2023-12-22 10:58:13 --> Too few arguments to function CodeIgniter\Router\RouteCollection::get(), 0 passed in C:\Proyectos\NotasRapidasOnLine\app\Config\Routes.php on line 24 and at least 2 expected
in SYSTEMPATH\Router\RouteCollection.php on line 1016.
 1 APPPATH\Config\Routes.php(24): CodeIgniter\Router\RouteCollection->get()
 2 SYSTEMPATH\Router\RouteCollection.php(777): CodeIgniter\Router\RouteCollection->{closure}(Object(CodeIgniter\Router\RouteCollection))
 3 APPPATH\Config\Routes.php(25): CodeIgniter\Router\RouteCollection->group('notes', Object(Closure))
 4 SYSTEMPATH\Router\RouteCollection.php(777): CodeIgniter\Router\RouteCollection->{closure}(Object(CodeIgniter\Router\RouteCollection))
 5 APPPATH\Config\Routes.php(27): CodeIgniter\Router\RouteCollection->group('user', Object(Closure))
 6 SYSTEMPATH\Router\RouteCollection.php(777): CodeIgniter\Router\RouteCollection->{closure}(Object(CodeIgniter\Router\RouteCollection))
 7 APPPATH\Config\Routes.php(28): CodeIgniter\Router\RouteCollection->group('api', Object(Closure))
 8 SYSTEMPATH\Router\RouteCollection.php(344): require('C:\\Proyectos\\NotasRapidasOnLine\\app\\Config\\Routes.php')
 9 SYSTEMPATH\CodeIgniter.php(810): CodeIgniter\Router\RouteCollection->loadRoutes()
10 SYSTEMPATH\CodeIgniter.php(450): CodeIgniter\CodeIgniter->tryToRouteIt(null)
11 SYSTEMPATH\CodeIgniter.php(361): CodeIgniter\CodeIgniter->handleRequest(null, Object(Config\Cache), false)
12 FCPATH\index.php(79): CodeIgniter\CodeIgniter->run()
13 SYSTEMPATH\Commands\Server\rewrite.php(47): require_once('C:\\Proyectos\\NotasRapidasOnLine\\public\\index.php')
CRITICAL - 2023-12-22 10:59:05 --> The route for "inicio" cannot be found.
in SYSTEMPATH\HTTP\RedirectResponse.php on line 62.
 1 SYSTEMPATH\HTTP\RedirectResponse.php(62): CodeIgniter\HTTP\Exceptions\HTTPException::forInvalidRedirectRoute('inicio')
 2 APPPATH\Filters\Autenticacion.php(34): CodeIgniter\HTTP\RedirectResponse->route(false)
 3 SYSTEMPATH\Filters\Filters.php(186): App\Filters\Autenticacion->before(Object(CodeIgniter\HTTP\IncomingRequest), null)
 4 SYSTEMPATH\CodeIgniter.php(474): CodeIgniter\Filters\Filters->run('', 'before')
 5 SYSTEMPATH\CodeIgniter.php(361): CodeIgniter\CodeIgniter->handleRequest(null, Object(Config\Cache), false)
 6 FCPATH\index.php(79): CodeIgniter\CodeIgniter->run()
 7 SYSTEMPATH\Commands\Server\rewrite.php(47): require_once('C:\\Proyectos\\NotasRapidasOnLine\\public\\index.php')
CRITICAL - 2023-12-22 11:00:44 --> The route for "inicio" cannot be found.
in SYSTEMPATH\HTTP\RedirectResponse.php on line 62.
 1 SYSTEMPATH\HTTP\RedirectResponse.php(62): CodeIgniter\HTTP\Exceptions\HTTPException::forInvalidRedirectRoute('inicio')
 2 APPPATH\Filters\Autenticacion.php(34): CodeIgniter\HTTP\RedirectResponse->route(false)
 3 SYSTEMPATH\Filters\Filters.php(186): App\Filters\Autenticacion->before(Object(CodeIgniter\HTTP\IncomingRequest), null)
 4 SYSTEMPATH\CodeIgniter.php(474): CodeIgniter\Filters\Filters->run('', 'before')
 5 SYSTEMPATH\CodeIgniter.php(361): CodeIgniter\CodeIgniter->handleRequest(null, Object(Config\Cache), false)
 6 FCPATH\index.php(79): CodeIgniter\CodeIgniter->run()
 7 SYSTEMPATH\Commands\Server\rewrite.php(47): require_once('C:\\Proyectos\\NotasRapidasOnLine\\public\\index.php')
CRITICAL - 2023-12-22 11:03:08 --> The route for "inicio" cannot be found.
in SYSTEMPATH\HTTP\RedirectResponse.php on line 62.
 1 SYSTEMPATH\HTTP\RedirectResponse.php(62): CodeIgniter\HTTP\Exceptions\HTTPException::forInvalidRedirectRoute('inicio')
 2 APPPATH\Filters\Autenticacion.php(34): CodeIgniter\HTTP\RedirectResponse->route(false)
 3 SYSTEMPATH\Filters\Filters.php(186): App\Filters\Autenticacion->before(Object(CodeIgniter\HTTP\IncomingRequest), null)
 4 SYSTEMPATH\CodeIgniter.php(474): CodeIgniter\Filters\Filters->run('', 'before')
 5 SYSTEMPATH\CodeIgniter.php(361): CodeIgniter\CodeIgniter->handleRequest(null, Object(Config\Cache), false)
 6 FCPATH\index.php(79): CodeIgniter\CodeIgniter->run()
 7 SYSTEMPATH\Commands\Server\rewrite.php(47): require_once('C:\\Proyectos\\NotasRapidasOnLine\\public\\index.php')
CRITICAL - 2023-12-22 11:20:00 --> CodeIgniter\Router\RouteCollection::resource(): Argument #2 ($options) must be of type ?array, string given, called in C:\Proyectos\NotasRapidasOnLine\app\Config\Routes.php on line 23
in SYSTEMPATH\Router\RouteCollection.php on line 828.
 1 APPPATH\Config\Routes.php(23): CodeIgniter\Router\RouteCollection->resource('notes', 'ApiNotas')
 2 SYSTEMPATH\Router\RouteCollection.php(777): CodeIgniter\Router\RouteCollection->{closure}(Object(CodeIgniter\Router\RouteCollection))
 3 APPPATH\Config\Routes.php(26): CodeIgniter\Router\RouteCollection->group('user', Object(Closure))
 4 SYSTEMPATH\Router\RouteCollection.php(777): CodeIgniter\Router\RouteCollection->{closure}(Object(CodeIgniter\Router\RouteCollection))
 5 APPPATH\Config\Routes.php(27): CodeIgniter\Router\RouteCollection->group('api', Object(Closure))
 6 SYSTEMPATH\Router\RouteCollection.php(344): require('C:\\Proyectos\\NotasRapidasOnLine\\app\\Config\\Routes.php')
 7 SYSTEMPATH\CodeIgniter.php(810): CodeIgniter\Router\RouteCollection->loadRoutes()
 8 SYSTEMPATH\CodeIgniter.php(450): CodeIgniter\CodeIgniter->tryToRouteIt(null)
 9 SYSTEMPATH\CodeIgniter.php(361): CodeIgniter\CodeIgniter->handleRequest(null, Object(Config\Cache), false)
10 FCPATH\index.php(79): CodeIgniter\CodeIgniter->run()
11 SYSTEMPATH\Commands\Server\rewrite.php(47): require_once('C:\\Proyectos\\NotasRapidasOnLine\\public\\index.php')
CRITICAL - 2023-12-22 11:20:15 --> CodeIgniter\Router\RouteCollection::resource(): Argument #2 ($options) must be of type ?array, string given, called in C:\Proyectos\NotasRapidasOnLine\app\Config\Routes.php on line 23
in SYSTEMPATH\Router\RouteCollection.php on line 828.
 1 APPPATH\Config\Routes.php(23): CodeIgniter\Router\RouteCollection->resource('notes', 'ApiNotas')
 2 SYSTEMPATH\Router\RouteCollection.php(777): CodeIgniter\Router\RouteCollection->{closure}(Object(CodeIgniter\Router\RouteCollection))
 3 APPPATH\Config\Routes.php(26): CodeIgniter\Router\RouteCollection->group('user', Object(Closure))
 4 SYSTEMPATH\Router\RouteCollection.php(777): CodeIgniter\Router\RouteCollection->{closure}(Object(CodeIgniter\Router\RouteCollection))
 5 APPPATH\Config\Routes.php(27): CodeIgniter\Router\RouteCollection->group('api', Object(Closure))
 6 SYSTEMPATH\Router\RouteCollection.php(344): require('C:\\Proyectos\\NotasRapidasOnLine\\app\\Config\\Routes.php')
 7 SYSTEMPATH\CodeIgniter.php(810): CodeIgniter\Router\RouteCollection->loadRoutes()
 8 SYSTEMPATH\CodeIgniter.php(450): CodeIgniter\CodeIgniter->tryToRouteIt(null)
 9 SYSTEMPATH\CodeIgniter.php(361): CodeIgniter\CodeIgniter->handleRequest(null, Object(Config\Cache), false)
10 FCPATH\index.php(79): CodeIgniter\CodeIgniter->run()
11 SYSTEMPATH\Commands\Server\rewrite.php(47): require_once('C:\\Proyectos\\NotasRapidasOnLine\\public\\index.php')
CRITICAL - 2023-12-22 11:21:55 --> CodeIgniter\Router\RouteCollection::resource(): Argument #2 ($options) must be of type ?array, string given, called in C:\Proyectos\NotasRapidasOnLine\app\Config\Routes.php on line 23
in SYSTEMPATH\Router\RouteCollection.php on line 828.
 1 APPPATH\Config\Routes.php(23): CodeIgniter\Router\RouteCollection->resource('notes', 'ApiNotas')
 2 SYSTEMPATH\Router\RouteCollection.php(777): CodeIgniter\Router\RouteCollection->{closure}(Object(CodeIgniter\Router\RouteCollection))
 3 APPPATH\Config\Routes.php(26): CodeIgniter\Router\RouteCollection->group('user', Object(Closure))
 4 SYSTEMPATH\Router\RouteCollection.php(777): CodeIgniter\Router\RouteCollection->{closure}(Object(CodeIgniter\Router\RouteCollection))
 5 APPPATH\Config\Routes.php(27): CodeIgniter\Router\RouteCollection->group('api', Object(Closure))
 6 SYSTEMPATH\Router\RouteCollection.php(344): require('C:\\Proyectos\\NotasRapidasOnLine\\app\\Config\\Routes.php')
 7 SYSTEMPATH\CodeIgniter.php(810): CodeIgniter\Router\RouteCollection->loadRoutes()
 8 SYSTEMPATH\CodeIgniter.php(450): CodeIgniter\CodeIgniter->tryToRouteIt(null)
 9 SYSTEMPATH\CodeIgniter.php(361): CodeIgniter\CodeIgniter->handleRequest(null, Object(Config\Cache), false)
10 FCPATH\index.php(79): CodeIgniter\CodeIgniter->run()
11 SYSTEMPATH\Commands\Server\rewrite.php(47): require_once('C:\\Proyectos\\NotasRapidasOnLine\\public\\index.php')
CRITICAL - 2023-12-22 11:22:43 --> CodeIgniter\Router\RouteCollection::resource(): Argument #2 ($options) must be of type ?array, string given, called in C:\Proyectos\NotasRapidasOnLine\app\Config\Routes.php on line 23
in SYSTEMPATH\Router\RouteCollection.php on line 828.
 1 APPPATH\Config\Routes.php(23): CodeIgniter\Router\RouteCollection->resource('notes', 'ApiNotas')
 2 SYSTEMPATH\Router\RouteCollection.php(777): CodeIgniter\Router\RouteCollection->{closure}(Object(CodeIgniter\Router\RouteCollection))
 3 APPPATH\Config\Routes.php(26): CodeIgniter\Router\RouteCollection->group('user', Object(Closure))
 4 SYSTEMPATH\Router\RouteCollection.php(777): CodeIgniter\Router\RouteCollection->{closure}(Object(CodeIgniter\Router\RouteCollection))
 5 APPPATH\Config\Routes.php(27): CodeIgniter\Router\RouteCollection->group('api', Object(Closure))
 6 SYSTEMPATH\Router\RouteCollection.php(344): require('C:\\Proyectos\\NotasRapidasOnLine\\app\\Config\\Routes.php')
 7 SYSTEMPATH\CodeIgniter.php(810): CodeIgniter\Router\RouteCollection->loadRoutes()
 8 SYSTEMPATH\CodeIgniter.php(450): CodeIgniter\CodeIgniter->tryToRouteIt(null)
 9 SYSTEMPATH\CodeIgniter.php(361): CodeIgniter\CodeIgniter->handleRequest(null, Object(Config\Cache), false)
10 FCPATH\index.php(79): CodeIgniter\CodeIgniter->run()
11 SYSTEMPATH\Commands\Server\rewrite.php(47): require_once('C:\\Proyectos\\NotasRapidasOnLine\\public\\index.php')
CRITICAL - 2023-12-22 11:37:14 --> Call to undefined method App\Models\NotasModel::finAll
in SYSTEMPATH\Model.php on line 873.
 1 APPPATH\Controllers\ApiNotas.php(14): CodeIgniter\Model->__call('finAll', [])
 2 SYSTEMPATH\CodeIgniter.php(942): App\Controllers\ApiNotas->new()
 3 SYSTEMPATH\CodeIgniter.php(502): CodeIgniter\CodeIgniter->runController(Object(App\Controllers\ApiNotas))
 4 SYSTEMPATH\CodeIgniter.php(361): CodeIgniter\CodeIgniter->handleRequest(null, Object(Config\Cache), false)
 5 FCPATH\index.php(79): CodeIgniter\CodeIgniter->run()
 6 SYSTEMPATH\Commands\Server\rewrite.php(47): require_once('C:\\Proyectos\\NotasRapidasOnLine\\public\\index.php')
