INFO - 2024-01-11 18:27:10 --> Session: Class initialized using 'CodeIgniter\Session\Handlers\FileHandler' driver.
INFO - 2024-01-11 18:27:27 --> Session: Class initialized using 'CodeIgniter\Session\Handlers\FileHandler' driver.
INFO - 2024-01-11 18:28:29 --> Session: Class initialized using 'CodeIgniter\Session\Handlers\FileHandler' driver.
INFO - 2024-01-11 18:29:00 --> Session: Class initialized using 'CodeIgniter\Session\Handlers\FileHandler' driver.
INFO - 2024-01-11 18:34:10 --> Session: Class initialized using 'CodeIgniter\Session\Handlers\FileHandler' driver.
INFO - 2024-01-11 18:48:12 --> Session: Class initialized using 'CodeIgniter\Session\Handlers\FileHandler' driver.
INFO - 2024-01-11 18:53:06 --> Session: Class initialized using 'CodeIgniter\Session\Handlers\FileHandler' driver.
INFO - 2024-01-11 18:54:07 --> Session: Class initialized using 'CodeIgniter\Session\Handlers\FileHandler' driver.
INFO - 2024-01-11 19:00:25 --> Session: Class initialized using 'CodeIgniter\Session\Handlers\FileHandler' driver.
CRITICAL - 2024-01-11 19:00:27 --> Call to undefined method App\Models\NotasModel::JsonToArray
in SYSTEMPATH\Model.php on line 873.
 1 SYSTEMPATH\BaseModel.php(1606): CodeIgniter\Model->__call('JsonToArray', [...])
 2 SYSTEMPATH\BaseModel.php(569): CodeIgniter\BaseModel->trigger('afterFind', [...])
 3 APPPATH\Controllers\Notas\ApiNotas.php(72): CodeIgniter\BaseModel->find('20007')
 4 SYSTEMPATH\CodeIgniter.php(942): App\Controllers\Notas\ApiNotas->show('20007')
 5 SYSTEMPATH\CodeIgniter.php(502): CodeIgniter\CodeIgniter->runController(Object(App\Controllers\Notas\ApiNotas))
 6 SYSTEMPATH\CodeIgniter.php(361): CodeIgniter\CodeIgniter->handleRequest(null, Object(Config\Cache), false)
 7 FCPATH\index.php(79): CodeIgniter\CodeIgniter->run()
 8 SYSTEMPATH\Commands\Server\rewrite.php(47): require_once('C:\\Proyectos\\NotasRapidasOnLine\\public\\index.php')
INFO - 2024-01-11 19:03:17 --> Session: Class initialized using 'CodeIgniter\Session\Handlers\FileHandler' driver.
CRITICAL - 2024-01-11 19:03:18 --> Call to undefined method App\Models\NotasModel::JsonToArray
in SYSTEMPATH\Model.php on line 873.
 1 SYSTEMPATH\BaseModel.php(1606): CodeIgniter\Model->__call('JsonToArray', [...])
 2 SYSTEMPATH\BaseModel.php(569): CodeIgniter\BaseModel->trigger('afterFind', [...])
 3 APPPATH\Controllers\Notas\ApiNotas.php(72): CodeIgniter\BaseModel->find('20007')
 4 SYSTEMPATH\CodeIgniter.php(942): App\Controllers\Notas\ApiNotas->show('20007')
 5 SYSTEMPATH\CodeIgniter.php(502): CodeIgniter\CodeIgniter->runController(Object(App\Controllers\Notas\ApiNotas))
 6 SYSTEMPATH\CodeIgniter.php(361): CodeIgniter\CodeIgniter->handleRequest(null, Object(Config\Cache), false)
 7 FCPATH\index.php(79): CodeIgniter\CodeIgniter->run()
 8 SYSTEMPATH\Commands\Server\rewrite.php(47): require_once('C:\\Proyectos\\NotasRapidasOnLine\\public\\index.php')
INFO - 2024-01-11 19:03:57 --> Session: Class initialized using 'CodeIgniter\Session\Handlers\FileHandler' driver.
CRITICAL - 2024-01-11 19:03:57 --> Attempt to read property "contenido" on array
in APPPATH\Models\NotasModel.php on line 51.
 1 APPPATH\Models\NotasModel.php(51): CodeIgniter\Debug\Exceptions->errorHandler(2, 'Attempt to read property "contenido" on array', 'C:\\Proyectos\\NotasRapidasOnLine\\app\\Models\\NotasModel.php', 51)
 2 SYSTEMPATH\BaseModel.php(1606): App\Models\NotasModel->JsonToArray([...])
 3 SYSTEMPATH\BaseModel.php(569): CodeIgniter\BaseModel->trigger('afterFind', [...])
 4 APPPATH\Controllers\Notas\ApiNotas.php(72): CodeIgniter\BaseModel->find('20007')
 5 SYSTEMPATH\CodeIgniter.php(942): App\Controllers\Notas\ApiNotas->show('20007')
 6 SYSTEMPATH\CodeIgniter.php(502): CodeIgniter\CodeIgniter->runController(Object(App\Controllers\Notas\ApiNotas))
 7 SYSTEMPATH\CodeIgniter.php(361): CodeIgniter\CodeIgniter->handleRequest(null, Object(Config\Cache), false)
 8 FCPATH\index.php(79): CodeIgniter\CodeIgniter->run()
 9 SYSTEMPATH\Commands\Server\rewrite.php(47): require_once('C:\\Proyectos\\NotasRapidasOnLine\\public\\index.php')
INFO - 2024-01-11 19:04:29 --> Session: Class initialized using 'CodeIgniter\Session\Handlers\FileHandler' driver.
CRITICAL - 2024-01-11 19:05:11 --> Attempt to read property "contenido" on array
in APPPATH\Models\NotasModel.php on line 51.
 1 APPPATH\Models\NotasModel.php(51): CodeIgniter\Debug\Exceptions->errorHandler(2, 'Attempt to read property "contenido" on array', 'C:\\Proyectos\\NotasRapidasOnLine\\app\\Models\\NotasModel.php', 51)
 2 SYSTEMPATH\BaseModel.php(1606): App\Models\NotasModel->JsonToArray([...])
 3 SYSTEMPATH\BaseModel.php(569): CodeIgniter\BaseModel->trigger('afterFind', [...])
 4 APPPATH\Controllers\Notas\ApiNotas.php(72): CodeIgniter\BaseModel->find('20007')
 5 SYSTEMPATH\CodeIgniter.php(942): App\Controllers\Notas\ApiNotas->show('20007')
 6 SYSTEMPATH\CodeIgniter.php(502): CodeIgniter\CodeIgniter->runController(Object(App\Controllers\Notas\ApiNotas))
 7 SYSTEMPATH\CodeIgniter.php(361): CodeIgniter\CodeIgniter->handleRequest(null, Object(Config\Cache), false)
 8 FCPATH\index.php(79): CodeIgniter\CodeIgniter->run()
 9 SYSTEMPATH\Commands\Server\rewrite.php(47): require_once('C:\\Proyectos\\NotasRapidasOnLine\\public\\index.php')
INFO - 2024-01-11 19:05:54 --> Session: Class initialized using 'CodeIgniter\Session\Handlers\FileHandler' driver.
CRITICAL - 2024-01-11 19:06:41 --> json_decode(): Argument #1 ($json) must be of type string, stdClass given
in APPPATH\Controllers\Notas\ApiNotas.php on line 73.
 1 APPPATH\Controllers\Notas\ApiNotas.php(73): json_decode(Object(stdClass))
 2 SYSTEMPATH\CodeIgniter.php(942): App\Controllers\Notas\ApiNotas->show('20007')
 3 SYSTEMPATH\CodeIgniter.php(502): CodeIgniter\CodeIgniter->runController(Object(App\Controllers\Notas\ApiNotas))
 4 SYSTEMPATH\CodeIgniter.php(361): CodeIgniter\CodeIgniter->handleRequest(null, Object(Config\Cache), false)
 5 FCPATH\index.php(79): CodeIgniter\CodeIgniter->run()
 6 SYSTEMPATH\Commands\Server\rewrite.php(47): require_once('C:\\Proyectos\\NotasRapidasOnLine\\public\\index.php')
INFO - 2024-01-11 19:08:57 --> Session: Class initialized using 'CodeIgniter\Session\Handlers\FileHandler' driver.
CRITICAL - 2024-01-11 19:10:08 --> json_decode(): Argument #1 ($json) must be of type string, stdClass given
in APPPATH\Controllers\Notas\ApiNotas.php on line 73.
 1 APPPATH\Controllers\Notas\ApiNotas.php(73): json_decode(Object(stdClass))
 2 SYSTEMPATH\CodeIgniter.php(942): App\Controllers\Notas\ApiNotas->show('20007')
 3 SYSTEMPATH\CodeIgniter.php(502): CodeIgniter\CodeIgniter->runController(Object(App\Controllers\Notas\ApiNotas))
 4 SYSTEMPATH\CodeIgniter.php(361): CodeIgniter\CodeIgniter->handleRequest(null, Object(Config\Cache), false)
 5 FCPATH\index.php(79): CodeIgniter\CodeIgniter->run()
 6 SYSTEMPATH\Commands\Server\rewrite.php(47): require_once('C:\\Proyectos\\NotasRapidasOnLine\\public\\index.php')
INFO - 2024-01-11 19:10:45 --> Session: Class initialized using 'CodeIgniter\Session\Handlers\FileHandler' driver.
INFO - 2024-01-11 19:11:23 --> Session: Class initialized using 'CodeIgniter\Session\Handlers\FileHandler' driver.
CRITICAL - 2024-01-11 19:11:24 --> Attempt to read property "contenido" on array
in APPPATH\Models\NotasModel.php on line 51.
 1 APPPATH\Models\NotasModel.php(51): CodeIgniter\Debug\Exceptions->errorHandler(2, 'Attempt to read property "contenido" on array', 'C:\\Proyectos\\NotasRapidasOnLine\\app\\Models\\NotasModel.php', 51)
 2 SYSTEMPATH\BaseModel.php(1606): App\Models\NotasModel->JsonToArray([...])
 3 SYSTEMPATH\BaseModel.php(632): CodeIgniter\BaseModel->trigger('afterFind', [...])
 4 SYSTEMPATH\BaseModel.php(1207): CodeIgniter\BaseModel->findAll(25, 0)
 5 APPPATH\Controllers\Notas\ApiNotas.php(24): CodeIgniter\BaseModel->paginate(25)
 6 SYSTEMPATH\CodeIgniter.php(942): App\Controllers\Notas\ApiNotas->index()
 7 SYSTEMPATH\CodeIgniter.php(502): CodeIgniter\CodeIgniter->runController(Object(App\Controllers\Notas\ApiNotas))
 8 SYSTEMPATH\CodeIgniter.php(361): CodeIgniter\CodeIgniter->handleRequest(null, Object(Config\Cache), false)
 9 FCPATH\index.php(79): CodeIgniter\CodeIgniter->run()
10 SYSTEMPATH\Commands\Server\rewrite.php(47): require_once('C:\\Proyectos\\NotasRapidasOnLine\\public\\index.php')
INFO - 2024-01-11 19:11:54 --> Session: Class initialized using 'CodeIgniter\Session\Handlers\FileHandler' driver.
CRITICAL - 2024-01-11 19:12:29 --> Attempt to read property "contenido" on array
in APPPATH\Models\NotasModel.php on line 51.
 1 APPPATH\Models\NotasModel.php(51): CodeIgniter\Debug\Exceptions->errorHandler(2, 'Attempt to read property "contenido" on array', 'C:\\Proyectos\\NotasRapidasOnLine\\app\\Models\\NotasModel.php', 51)
 2 SYSTEMPATH\BaseModel.php(1606): App\Models\NotasModel->JsonToArray([...])
 3 SYSTEMPATH\BaseModel.php(632): CodeIgniter\BaseModel->trigger('afterFind', [...])
 4 SYSTEMPATH\BaseModel.php(1207): CodeIgniter\BaseModel->findAll(25, 0)
 5 APPPATH\Controllers\Notas\ApiNotas.php(24): CodeIgniter\BaseModel->paginate(25)
 6 SYSTEMPATH\CodeIgniter.php(942): App\Controllers\Notas\ApiNotas->index()
 7 SYSTEMPATH\CodeIgniter.php(502): CodeIgniter\CodeIgniter->runController(Object(App\Controllers\Notas\ApiNotas))
 8 SYSTEMPATH\CodeIgniter.php(361): CodeIgniter\CodeIgniter->handleRequest(null, Object(Config\Cache), false)
 9 FCPATH\index.php(79): CodeIgniter\CodeIgniter->run()
10 SYSTEMPATH\Commands\Server\rewrite.php(47): require_once('C:\\Proyectos\\NotasRapidasOnLine\\public\\index.php')
INFO - 2024-01-11 19:18:04 --> Session: Class initialized using 'CodeIgniter\Session\Handlers\FileHandler' driver.
CRITICAL - 2024-01-11 19:18:27 --> Undefined array key "data"
in SYSTEMPATH\BaseModel.php on line 639.
 1 SYSTEMPATH\BaseModel.php(639): CodeIgniter\Debug\Exceptions->errorHandler(2, 'Undefined array key "data"', 'C:\\Proyectos\\NotasRapidasOnLine\\vendor\\codeigniter4\\framework\\system\\BaseModel.php', 639)
 2 SYSTEMPATH\BaseModel.php(1207): CodeIgniter\BaseModel->findAll(25, 0)
 3 APPPATH\Controllers\Notas\ApiNotas.php(24): CodeIgniter\BaseModel->paginate(25)
 4 SYSTEMPATH\CodeIgniter.php(942): App\Controllers\Notas\ApiNotas->index()
 5 SYSTEMPATH\CodeIgniter.php(502): CodeIgniter\CodeIgniter->runController(Object(App\Controllers\Notas\ApiNotas))
 6 SYSTEMPATH\CodeIgniter.php(361): CodeIgniter\CodeIgniter->handleRequest(null, Object(Config\Cache), false)
 7 FCPATH\index.php(79): CodeIgniter\CodeIgniter->run()
 8 SYSTEMPATH\Commands\Server\rewrite.php(47): require_once('C:\\Proyectos\\NotasRapidasOnLine\\public\\index.php')
INFO - 2024-01-11 19:21:37 --> Session: Class initialized using 'CodeIgniter\Session\Handlers\FileHandler' driver.
CRITICAL - 2024-01-11 19:22:17 --> Undefined array key "data"
in SYSTEMPATH\BaseModel.php on line 639.
 1 SYSTEMPATH\BaseModel.php(639): CodeIgniter\Debug\Exceptions->errorHandler(2, 'Undefined array key "data"', 'C:\\Proyectos\\NotasRapidasOnLine\\vendor\\codeigniter4\\framework\\system\\BaseModel.php', 639)
 2 SYSTEMPATH\BaseModel.php(1207): CodeIgniter\BaseModel->findAll(25, 0)
 3 APPPATH\Controllers\Notas\ApiNotas.php(24): CodeIgniter\BaseModel->paginate(25)
 4 SYSTEMPATH\CodeIgniter.php(942): App\Controllers\Notas\ApiNotas->index()
 5 SYSTEMPATH\CodeIgniter.php(502): CodeIgniter\CodeIgniter->runController(Object(App\Controllers\Notas\ApiNotas))
 6 SYSTEMPATH\CodeIgniter.php(361): CodeIgniter\CodeIgniter->handleRequest(null, Object(Config\Cache), false)
 7 FCPATH\index.php(79): CodeIgniter\CodeIgniter->run()
 8 SYSTEMPATH\Commands\Server\rewrite.php(47): require_once('C:\\Proyectos\\NotasRapidasOnLine\\public\\index.php')
INFO - 2024-01-11 19:22:59 --> Session: Class initialized using 'CodeIgniter\Session\Handlers\FileHandler' driver.
INFO - 2024-01-11 19:24:53 --> Session: Class initialized using 'CodeIgniter\Session\Handlers\FileHandler' driver.
INFO - 2024-01-11 19:25:32 --> Session: Class initialized using 'CodeIgniter\Session\Handlers\FileHandler' driver.
INFO - 2024-01-11 19:26:08 --> Session: Class initialized using 'CodeIgniter\Session\Handlers\FileHandler' driver.
INFO - 2024-01-11 19:27:14 --> Session: Class initialized using 'CodeIgniter\Session\Handlers\FileHandler' driver.
INFO - 2024-01-11 19:56:59 --> Session: Class initialized using 'CodeIgniter\Session\Handlers\FileHandler' driver.
CRITICAL - 2024-01-11 19:58:03 --> Attempt to assign property "contenido" on array
in APPPATH\Models\NotasModel.php on line 63.
 1 SYSTEMPATH\BaseModel.php(1606): App\Models\NotasModel->JsonToArray([...])
 2 SYSTEMPATH\BaseModel.php(569): CodeIgniter\BaseModel->trigger('afterFind', [...])
 3 APPPATH\Controllers\Notas\ApiNotas.php(72): CodeIgniter\BaseModel->find('20007')
 4 SYSTEMPATH\CodeIgniter.php(942): App\Controllers\Notas\ApiNotas->show('20007')
 5 SYSTEMPATH\CodeIgniter.php(502): CodeIgniter\CodeIgniter->runController(Object(App\Controllers\Notas\ApiNotas))
 6 SYSTEMPATH\CodeIgniter.php(361): CodeIgniter\CodeIgniter->handleRequest(null, Object(Config\Cache), false)
 7 FCPATH\index.php(79): CodeIgniter\CodeIgniter->run()
 8 SYSTEMPATH\Commands\Server\rewrite.php(47): require_once('C:\\Proyectos\\NotasRapidasOnLine\\public\\index.php')
INFO - 2024-01-11 19:58:34 --> Session: Class initialized using 'CodeIgniter\Session\Handlers\FileHandler' driver.
CRITICAL - 2024-01-11 20:00:19 --> Attempt to assign property "contenido" on array
in APPPATH\Models\NotasModel.php on line 63.
 1 SYSTEMPATH\BaseModel.php(1606): App\Models\NotasModel->JsonToArray([...])
 2 SYSTEMPATH\BaseModel.php(569): CodeIgniter\BaseModel->trigger('afterFind', [...])
 3 APPPATH\Controllers\Notas\ApiNotas.php(72): CodeIgniter\BaseModel->find('20007')
 4 SYSTEMPATH\CodeIgniter.php(942): App\Controllers\Notas\ApiNotas->show('20007')
 5 SYSTEMPATH\CodeIgniter.php(502): CodeIgniter\CodeIgniter->runController(Object(App\Controllers\Notas\ApiNotas))
 6 SYSTEMPATH\CodeIgniter.php(361): CodeIgniter\CodeIgniter->handleRequest(null, Object(Config\Cache), false)
 7 FCPATH\index.php(79): CodeIgniter\CodeIgniter->run()
 8 SYSTEMPATH\Commands\Server\rewrite.php(47): require_once('C:\\Proyectos\\NotasRapidasOnLine\\public\\index.php')
INFO - 2024-01-11 20:00:27 --> Session: Class initialized using 'CodeIgniter\Session\Handlers\FileHandler' driver.
INFO - 2024-01-11 20:01:01 --> Session: Class initialized using 'CodeIgniter\Session\Handlers\FileHandler' driver.
INFO - 2024-01-11 20:03:11 --> Session: Class initialized using 'CodeIgniter\Session\Handlers\FileHandler' driver.
INFO - 2024-01-11 20:09:08 --> Session: Class initialized using 'CodeIgniter\Session\Handlers\FileHandler' driver.
INFO - 2024-01-11 20:09:31 --> Session: Class initialized using 'CodeIgniter\Session\Handlers\FileHandler' driver.
INFO - 2024-01-11 20:10:07 --> Session: Class initialized using 'CodeIgniter\Session\Handlers\FileHandler' driver.
INFO - 2024-01-11 20:12:08 --> Session: Class initialized using 'CodeIgniter\Session\Handlers\FileHandler' driver.
INFO - 2024-01-11 20:25:22 --> Session: Class initialized using 'CodeIgniter\Session\Handlers\FileHandler' driver.
INFO - 2024-01-11 20:26:53 --> Session: Class initialized using 'CodeIgniter\Session\Handlers\FileHandler' driver.
INFO - 2024-01-11 20:27:37 --> Session: Class initialized using 'CodeIgniter\Session\Handlers\FileHandler' driver.
INFO - 2024-01-11 20:27:55 --> Session: Class initialized using 'CodeIgniter\Session\Handlers\FileHandler' driver.
INFO - 2024-01-11 20:28:32 --> Session: Class initialized using 'CodeIgniter\Session\Handlers\FileHandler' driver.
CRITICAL - 2024-01-11 20:28:33 --> Attempt to read property "contenido" on null
in APPPATH\Models\NotasModel.php on line 62.
 1 APPPATH\Models\NotasModel.php(62): CodeIgniter\Debug\Exceptions->errorHandler(2, 'Attempt to read property "contenido" on null', 'C:\\Proyectos\\NotasRapidasOnLine\\app\\Models\\NotasModel.php', 62)
 2 SYSTEMPATH\BaseModel.php(1606): App\Models\NotasModel->JsonToArray([...])
 3 SYSTEMPATH\BaseModel.php(569): CodeIgniter\BaseModel->trigger('afterFind', [...])
 4 APPPATH\Controllers\Notas\ApiNotas.php(72): CodeIgniter\BaseModel->find('20007')
 5 SYSTEMPATH\CodeIgniter.php(942): App\Controllers\Notas\ApiNotas->show('20007')
 6 SYSTEMPATH\CodeIgniter.php(502): CodeIgniter\CodeIgniter->runController(Object(App\Controllers\Notas\ApiNotas))
 7 SYSTEMPATH\CodeIgniter.php(361): CodeIgniter\CodeIgniter->handleRequest(null, Object(Config\Cache), false)
 8 FCPATH\index.php(79): CodeIgniter\CodeIgniter->run()
 9 SYSTEMPATH\Commands\Server\rewrite.php(47): require_once('C:\\Proyectos\\NotasRapidasOnLine\\public\\index.php')
INFO - 2024-01-11 20:29:22 --> Session: Class initialized using 'CodeIgniter\Session\Handlers\FileHandler' driver.
CRITICAL - 2024-01-11 20:29:43 --> Attempt to read property "contenido" on null
in APPPATH\Models\NotasModel.php on line 62.
 1 APPPATH\Models\NotasModel.php(62): CodeIgniter\Debug\Exceptions->errorHandler(2, 'Attempt to read property "contenido" on null', 'C:\\Proyectos\\NotasRapidasOnLine\\app\\Models\\NotasModel.php', 62)
 2 SYSTEMPATH\BaseModel.php(1606): App\Models\NotasModel->JsonToArray([...])
 3 SYSTEMPATH\BaseModel.php(569): CodeIgniter\BaseModel->trigger('afterFind', [...])
 4 APPPATH\Controllers\Notas\ApiNotas.php(72): CodeIgniter\BaseModel->find('20007')
 5 SYSTEMPATH\CodeIgniter.php(942): App\Controllers\Notas\ApiNotas->show('20007')
 6 SYSTEMPATH\CodeIgniter.php(502): CodeIgniter\CodeIgniter->runController(Object(App\Controllers\Notas\ApiNotas))
 7 SYSTEMPATH\CodeIgniter.php(361): CodeIgniter\CodeIgniter->handleRequest(null, Object(Config\Cache), false)
 8 FCPATH\index.php(79): CodeIgniter\CodeIgniter->run()
 9 SYSTEMPATH\Commands\Server\rewrite.php(47): require_once('C:\\Proyectos\\NotasRapidasOnLine\\public\\index.php')
INFO - 2024-01-11 20:30:57 --> Session: Class initialized using 'CodeIgniter\Session\Handlers\FileHandler' driver.
INFO - 2024-01-11 20:31:29 --> Session: Class initialized using 'CodeIgniter\Session\Handlers\FileHandler' driver.
CRITICAL - 2024-01-11 20:38:59 --> The route for "doc/index" cannot be found.
in SYSTEMPATH\HTTP\RedirectResponse.php on line 62.
 1 SYSTEMPATH\HTTP\RedirectResponse.php(62): CodeIgniter\HTTP\Exceptions\HTTPException::forInvalidRedirectRoute('doc/index')
 2 SYSTEMPATH\Common.php(878): CodeIgniter\HTTP\RedirectResponse->route(false)
 3 APPPATH\Config\Routes.php(10): redirect('doc/index')
 4 SYSTEMPATH\CodeIgniter.php(891): CodeIgniter\Router\RouteCollection->{closure}()
 5 SYSTEMPATH\CodeIgniter.php(489): CodeIgniter\CodeIgniter->startController()
 6 SYSTEMPATH\CodeIgniter.php(361): CodeIgniter\CodeIgniter->handleRequest(null, Object(Config\Cache), false)
 7 FCPATH\index.php(79): CodeIgniter\CodeIgniter->run()
 8 SYSTEMPATH\Commands\Server\rewrite.php(47): require_once('C:\\Proyectos\\NotasRapidasOnLine\\public\\index.php')
CRITICAL - 2024-01-11 20:40:27 --> The route for "doc/" cannot be found.
in SYSTEMPATH\HTTP\RedirectResponse.php on line 62.
 1 SYSTEMPATH\HTTP\RedirectResponse.php(62): CodeIgniter\HTTP\Exceptions\HTTPException::forInvalidRedirectRoute('doc/')
 2 SYSTEMPATH\Common.php(878): CodeIgniter\HTTP\RedirectResponse->route(false)
 3 APPPATH\Config\Routes.php(10): redirect('doc/')
 4 SYSTEMPATH\CodeIgniter.php(891): CodeIgniter\Router\RouteCollection->{closure}()
 5 SYSTEMPATH\CodeIgniter.php(489): CodeIgniter\CodeIgniter->startController()
 6 SYSTEMPATH\CodeIgniter.php(361): CodeIgniter\CodeIgniter->handleRequest(null, Object(Config\Cache), false)
 7 FCPATH\index.php(79): CodeIgniter\CodeIgniter->run()
 8 SYSTEMPATH\Commands\Server\rewrite.php(47): require_once('C:\\Proyectos\\NotasRapidasOnLine\\public\\index.php')
INFO - 2024-01-11 20:40:47 --> Session: Class initialized using 'CodeIgniter\Session\Handlers\FileHandler' driver.
