CRITICAL - 2024-01-06 18:11:20 --> Invalid file: "doc/css/bootstrap.map.css"
in SYSTEMPATH\Exceptions\FrameworkException.php on line 39.
 1 SYSTEMPATH\View\View.php(216): CodeIgniter\Exceptions\FrameworkException::forInvalidFile('doc/css/bootstrap.map.css')
 2 SYSTEMPATH\Common.php(1190): CodeIgniter\View\View->render('doc/css/bootstrap.map.css', [], true)
 3 APPPATH\Config\Routes.php(20): view('doc/css/bootstrap.map.css')
 4 SYSTEMPATH\CodeIgniter.php(891): CodeIgniter\Router\RouteCollection->{closure}('bootstrap.map')
 5 SYSTEMPATH\CodeIgniter.php(489): CodeIgniter\CodeIgniter->startController()
 6 SYSTEMPATH\CodeIgniter.php(361): CodeIgniter\CodeIgniter->handleRequest(null, Object(Config\Cache), false)
 7 FCPATH\index.php(79): CodeIgniter\CodeIgniter->run()
 8 SYSTEMPATH\Commands\Server\rewrite.php(47): require_once('C:\\Proyectos\\NotasRapidasOnLine\\public\\index.php')
CRITICAL - 2024-01-06 18:44:47 --> Invalid file: "doc/css/bootstrap.min.css.map.css"
in SYSTEMPATH\Exceptions\FrameworkException.php on line 39.
 1 SYSTEMPATH\View\View.php(216): CodeIgniter\Exceptions\FrameworkException::forInvalidFile('doc/css/bootstrap.min.css.map.css')
 2 SYSTEMPATH\Common.php(1190): CodeIgniter\View\View->render('doc/css/bootstrap.min.css.map.css', [], true)
 3 APPPATH\Config\Routes.php(20): view('doc/css/bootstrap.min.css.map.css')
 4 SYSTEMPATH\CodeIgniter.php(891): CodeIgniter\Router\RouteCollection->{closure}('bootstrap.min.css.map')
 5 SYSTEMPATH\CodeIgniter.php(489): CodeIgniter\CodeIgniter->startController()
 6 SYSTEMPATH\CodeIgniter.php(361): CodeIgniter\CodeIgniter->handleRequest(null, Object(Config\Cache), false)
 7 FCPATH\index.php(79): CodeIgniter\CodeIgniter->run()
 8 SYSTEMPATH\Commands\Server\rewrite.php(47): require_once('C:\\Proyectos\\NotasRapidasOnLine\\public\\index.php')
CRITICAL - 2024-01-06 18:52:28 --> Invalid file: "doc/css/bootstrap.min.css.map.css"
in SYSTEMPATH\Exceptions\FrameworkException.php on line 39.
 1 SYSTEMPATH\View\View.php(216): CodeIgniter\Exceptions\FrameworkException::forInvalidFile('doc/css/bootstrap.min.css.map.css')
 2 SYSTEMPATH\Common.php(1190): CodeIgniter\View\View->render('doc/css/bootstrap.min.css.map.css', [], true)
 3 APPPATH\Config\Routes.php(20): view('doc/css/bootstrap.min.css.map.css')
 4 SYSTEMPATH\CodeIgniter.php(891): CodeIgniter\Router\RouteCollection->{closure}('bootstrap.min.css.map')
 5 SYSTEMPATH\CodeIgniter.php(489): CodeIgniter\CodeIgniter->startController()
 6 SYSTEMPATH\CodeIgniter.php(361): CodeIgniter\CodeIgniter->handleRequest(null, Object(Config\Cache), false)
 7 FCPATH\index.php(79): CodeIgniter\CodeIgniter->run()
 8 SYSTEMPATH\Commands\Server\rewrite.php(47): require_once('C:\\Proyectos\\NotasRapidasOnLine\\public\\index.php')
CRITICAL - 2024-01-06 19:05:22 --> Invalid file: "doc/css/bootstrap.css.map"
in SYSTEMPATH\Exceptions\FrameworkException.php on line 39.
 1 SYSTEMPATH\View\View.php(216): CodeIgniter\Exceptions\FrameworkException::forInvalidFile('doc/css/bootstrap.css.map')
 2 SYSTEMPATH\Common.php(1190): CodeIgniter\View\View->render('doc/css/bootstrap.css.map', [], true)
 3 APPPATH\Config\Routes.php(20): view('doc/css/bootstrap.css.map')
 4 SYSTEMPATH\CodeIgniter.php(891): CodeIgniter\Router\RouteCollection->{closure}('bootstrap.css.map')
 5 SYSTEMPATH\CodeIgniter.php(489): CodeIgniter\CodeIgniter->startController()
 6 SYSTEMPATH\CodeIgniter.php(361): CodeIgniter\CodeIgniter->handleRequest(null, Object(Config\Cache), false)
 7 FCPATH\index.php(79): CodeIgniter\CodeIgniter->run()
 8 SYSTEMPATH\Commands\Server\rewrite.php(47): require_once('C:\\Proyectos\\NotasRapidasOnLine\\public\\index.php')
CRITICAL - 2024-01-06 19:06:39 --> Invalid file: "doc/css/bootstrap.css.map"
in SYSTEMPATH\Exceptions\FrameworkException.php on line 39.
 1 SYSTEMPATH\View\View.php(216): CodeIgniter\Exceptions\FrameworkException::forInvalidFile('doc/css/bootstrap.css.map')
 2 SYSTEMPATH\Common.php(1190): CodeIgniter\View\View->render('doc/css/bootstrap.css.map', [], true)
 3 APPPATH\Config\Routes.php(20): view('doc/css/bootstrap.css.map')
 4 SYSTEMPATH\CodeIgniter.php(891): CodeIgniter\Router\RouteCollection->{closure}('bootstrap.css.map')
 5 SYSTEMPATH\CodeIgniter.php(489): CodeIgniter\CodeIgniter->startController()
 6 SYSTEMPATH\CodeIgniter.php(361): CodeIgniter\CodeIgniter->handleRequest(null, Object(Config\Cache), false)
 7 FCPATH\index.php(79): CodeIgniter\CodeIgniter->run()
 8 SYSTEMPATH\Commands\Server\rewrite.php(47): require_once('C:\\Proyectos\\NotasRapidasOnLine\\public\\index.php')
CRITICAL - 2024-01-06 19:12:57 --> Invalid file: "doc/css/bootstrap.css.map"
in SYSTEMPATH\Exceptions\FrameworkException.php on line 39.
 1 SYSTEMPATH\View\View.php(216): CodeIgniter\Exceptions\FrameworkException::forInvalidFile('doc/css/bootstrap.css.map')
 2 SYSTEMPATH\Common.php(1190): CodeIgniter\View\View->render('doc/css/bootstrap.css.map', [], true)
 3 APPPATH\Config\Routes.php(20): view('doc/css/bootstrap.css.map')
 4 SYSTEMPATH\CodeIgniter.php(891): CodeIgniter\Router\RouteCollection->{closure}('bootstrap.css.map')
 5 SYSTEMPATH\CodeIgniter.php(489): CodeIgniter\CodeIgniter->startController()
 6 SYSTEMPATH\CodeIgniter.php(361): CodeIgniter\CodeIgniter->handleRequest(null, Object(Config\Cache), false)
 7 FCPATH\index.php(79): CodeIgniter\CodeIgniter->run()
 8 SYSTEMPATH\Commands\Server\rewrite.php(47): require_once('C:\\Proyectos\\NotasRapidasOnLine\\public\\index.php')
INFO - 2024-01-06 21:50:13 --> Session: Class initialized using 'CodeIgniter\Session\Handlers\FileHandler' driver.
